[0.135s] DEBUG:colcon:Command line arguments: ['/usr/bin/colcon', 'build']
[0.135s] DEBUG:colcon:Parsed command line arguments: Namespace(log_base=None, log_level=None, verb_name='build', build_base='build', install_base='install', merge_install=False, symlink_install=False, test_result_base=None, continue_on_error=False, executor='parallel', parallel_workers=12, event_handlers=None, ignore_user_meta=False, metas=['./colcon.meta'], base_paths=['.'], packages_ignore=None, packages_ignore_regex=None, paths=None, packages_up_to=None, packages_up_to_regex=None, packages_above=None, packages_above_and_dependencies=None, packages_above_depth=None, packages_select_by_dep=None, packages_skip_by_dep=None, packages_skip_up_to=None, packages_select_build_failed=False, packages_skip_build_finished=False, packages_select_test_failures=False, packages_skip_test_passed=False, packages_select=None, packages_skip=None, packages_select_regex=None, packages_skip_regex=None, packages_start=None, packages_end=None, allow_overriding=[], cmake_args=None, cmake_target=None, cmake_target_skip_unavailable=False, cmake_clean_cache=False, cmake_clean_first=False, cmake_force_configure=False, ament_cmake_args=None, catkin_cmake_args=None, catkin_skip_building_tests=False, verb_parser=<colcon_defaults.argument_parser.defaults.DefaultArgumentsDecorator object at 0x7e1920b24fd0>, verb_extension=<colcon_core.verb.build.BuildVerb object at 0x7e1920b24b80>, main=<bound method BuildVerb.main of <colcon_core.verb.build.BuildVerb object at 0x7e1920b24b80>>)
[0.358s] Level 1:colcon.colcon_core.package_discovery:discover_packages(colcon_meta) check parameters
[0.358s] Level 1:colcon.colcon_core.package_discovery:discover_packages(recursive) check parameters
[0.358s] Level 1:colcon.colcon_core.package_discovery:discover_packages(ignore) check parameters
[0.358s] Level 1:colcon.colcon_core.package_discovery:discover_packages(path) check parameters
[0.358s] Level 1:colcon.colcon_core.package_discovery:discover_packages(colcon_meta) discover
[0.359s] Level 1:colcon.colcon_core.package_discovery:discover_packages(recursive) discover
[0.359s] INFO:colcon.colcon_core.package_discovery:Crawling recursively for packages in '/home/aliha1313/FUM6R-WS'
[0.359s] Level 1:colcon.colcon_core.package_identification:_identify(.) by extensions ['ignore', 'ignore_ament_install']
[0.359s] Level 1:colcon.colcon_core.package_identification:_identify(.) by extension 'ignore'
[0.359s] Level 1:colcon.colcon_core.package_identification:_identify(.) by extension 'ignore_ament_install'
[0.359s] Level 1:colcon.colcon_core.package_identification:_identify(.) by extensions ['colcon_pkg']
[0.359s] Level 1:colcon.colcon_core.package_identification:_identify(.) by extension 'colcon_pkg'
[0.359s] Level 1:colcon.colcon_core.package_identification:_identify(.) by extensions ['colcon_meta']
[0.359s] Level 1:colcon.colcon_core.package_identification:_identify(.) by extension 'colcon_meta'
[0.359s] Level 1:colcon.colcon_core.package_identification:_identify(.) by extensions ['ros']
[0.359s] Level 1:colcon.colcon_core.package_identification:_identify(.) by extension 'ros'
[0.373s] Level 1:colcon.colcon_core.package_identification:_identify(.) by extensions ['cmake', 'python']
[0.373s] Level 1:colcon.colcon_core.package_identification:_identify(.) by extension 'cmake'
[0.374s] Level 1:colcon.colcon_core.package_identification:_identify(.) by extension 'python'
[0.374s] Level 1:colcon.colcon_core.package_identification:_identify(.) by extensions ['python_setup_py']
[0.374s] Level 1:colcon.colcon_core.package_identification:_identify(.) by extension 'python_setup_py'
[0.374s] Level 1:colcon.colcon_core.package_identification:_identify(build) by extensions ['ignore', 'ignore_ament_install']
[0.374s] Level 1:colcon.colcon_core.package_identification:_identify(build) by extension 'ignore'
[0.374s] Level 1:colcon.colcon_core.package_identification:_identify(build) ignored
[0.374s] Level 1:colcon.colcon_core.package_identification:_identify(install) by extensions ['ignore', 'ignore_ament_install']
[0.374s] Level 1:colcon.colcon_core.package_identification:_identify(install) by extension 'ignore'
[0.374s] Level 1:colcon.colcon_core.package_identification:_identify(install) ignored
[0.374s] Level 1:colcon.colcon_core.package_identification:_identify(log) by extensions ['ignore', 'ignore_ament_install']
[0.375s] Level 1:colcon.colcon_core.package_identification:_identify(log) by extension 'ignore'
[0.375s] Level 1:colcon.colcon_core.package_identification:_identify(log) ignored
[0.375s] Level 1:colcon.colcon_core.package_identification:_identify(src) by extensions ['ignore', 'ignore_ament_install']
[0.375s] Level 1:colcon.colcon_core.package_identification:_identify(src) by extension 'ignore'
[0.375s] Level 1:colcon.colcon_core.package_identification:_identify(src) by extension 'ignore_ament_install'
[0.375s] Level 1:colcon.colcon_core.package_identification:_identify(src) by extensions ['colcon_pkg']
[0.375s] Level 1:colcon.colcon_core.package_identification:_identify(src) by extension 'colcon_pkg'
[0.375s] Level 1:colcon.colcon_core.package_identification:_identify(src) by extensions ['colcon_meta']
[0.375s] Level 1:colcon.colcon_core.package_identification:_identify(src) by extension 'colcon_meta'
[0.375s] Level 1:colcon.colcon_core.package_identification:_identify(src) by extensions ['ros']
[0.375s] Level 1:colcon.colcon_core.package_identification:_identify(src) by extension 'ros'
[0.375s] Level 1:colcon.colcon_core.package_identification:_identify(src) by extensions ['cmake', 'python']
[0.375s] Level 1:colcon.colcon_core.package_identification:_identify(src) by extension 'cmake'
[0.375s] Level 1:colcon.colcon_core.package_identification:_identify(src) by extension 'python'
[0.375s] Level 1:colcon.colcon_core.package_identification:_identify(src) by extensions ['python_setup_py']
[0.375s] Level 1:colcon.colcon_core.package_identification:_identify(src) by extension 'python_setup_py'
[0.376s] Level 1:colcon.colcon_core.package_identification:_identify(src/moveit_6r) by extensions ['ignore', 'ignore_ament_install']
[0.376s] Level 1:colcon.colcon_core.package_identification:_identify(src/moveit_6r) by extension 'ignore'
[0.376s] Level 1:colcon.colcon_core.package_identification:_identify(src/moveit_6r) by extension 'ignore_ament_install'
[0.376s] Level 1:colcon.colcon_core.package_identification:_identify(src/moveit_6r) by extensions ['colcon_pkg']
[0.376s] Level 1:colcon.colcon_core.package_identification:_identify(src/moveit_6r) by extension 'colcon_pkg'
[0.376s] Level 1:colcon.colcon_core.package_identification:_identify(src/moveit_6r) by extensions ['colcon_meta']
[0.376s] Level 1:colcon.colcon_core.package_identification:_identify(src/moveit_6r) by extension 'colcon_meta'
[0.376s] Level 1:colcon.colcon_core.package_identification:_identify(src/moveit_6r) by extensions ['ros']
[0.376s] Level 1:colcon.colcon_core.package_identification:_identify(src/moveit_6r) by extension 'ros'
[0.379s] DEBUG:colcon.colcon_core.package_identification:Package 'src/moveit_6r' with type 'ros.ament_cmake' and name 'moveit_6r'
[0.379s] Level 1:colcon.colcon_core.package_identification:_identify(src/pidcontrollerpkg) by extensions ['ignore', 'ignore_ament_install']
[0.380s] Level 1:colcon.colcon_core.package_identification:_identify(src/pidcontrollerpkg) by extension 'ignore'
[0.380s] Level 1:colcon.colcon_core.package_identification:_identify(src/pidcontrollerpkg) by extension 'ignore_ament_install'
[0.380s] Level 1:colcon.colcon_core.package_identification:_identify(src/pidcontrollerpkg) by extensions ['colcon_pkg']
[0.380s] Level 1:colcon.colcon_core.package_identification:_identify(src/pidcontrollerpkg) by extension 'colcon_pkg'
[0.380s] Level 1:colcon.colcon_core.package_identification:_identify(src/pidcontrollerpkg) by extensions ['colcon_meta']
[0.380s] Level 1:colcon.colcon_core.package_identification:_identify(src/pidcontrollerpkg) by extension 'colcon_meta'
[0.380s] Level 1:colcon.colcon_core.package_identification:_identify(src/pidcontrollerpkg) by extensions ['ros']
[0.380s] Level 1:colcon.colcon_core.package_identification:_identify(src/pidcontrollerpkg) by extension 'ros'
[0.381s] DEBUG:colcon.colcon_core.package_identification:Package 'src/pidcontrollerpkg' with type 'ros.ament_python' and name 'pidcontrollerpkg'
[0.381s] Level 1:colcon.colcon_core.package_identification:_identify(src/ros2_control_bringup) by extensions ['ignore', 'ignore_ament_install']
[0.381s] Level 1:colcon.colcon_core.package_identification:_identify(src/ros2_control_bringup) by extension 'ignore'
[0.381s] Level 1:colcon.colcon_core.package_identification:_identify(src/ros2_control_bringup) by extension 'ignore_ament_install'
[0.381s] Level 1:colcon.colcon_core.package_identification:_identify(src/ros2_control_bringup) by extensions ['colcon_pkg']
[0.381s] Level 1:colcon.colcon_core.package_identification:_identify(src/ros2_control_bringup) by extension 'colcon_pkg'
[0.381s] Level 1:colcon.colcon_core.package_identification:_identify(src/ros2_control_bringup) by extensions ['colcon_meta']
[0.381s] Level 1:colcon.colcon_core.package_identification:_identify(src/ros2_control_bringup) by extension 'colcon_meta'
[0.381s] Level 1:colcon.colcon_core.package_identification:_identify(src/ros2_control_bringup) by extensions ['ros']
[0.381s] Level 1:colcon.colcon_core.package_identification:_identify(src/ros2_control_bringup) by extension 'ros'
[0.382s] DEBUG:colcon.colcon_core.package_identification:Package 'src/ros2_control_bringup' with type 'ros.ament_python' and name 'ros2_control_bringup'
[0.382s] Level 1:colcon.colcon_core.package_discovery:discover_packages(recursive) using defaults
[0.382s] Level 1:colcon.colcon_core.package_discovery:discover_packages(ignore) discover
[0.382s] Level 1:colcon.colcon_core.package_discovery:discover_packages(ignore) using defaults
[0.382s] Level 1:colcon.colcon_core.package_discovery:discover_packages(path) discover
[0.382s] Level 1:colcon.colcon_core.package_discovery:discover_packages(path) using defaults
[0.408s] Level 1:colcon.colcon_core.package_discovery:discover_packages(prefix_path) check parameters
[0.408s] Level 1:colcon.colcon_core.package_discovery:discover_packages(prefix_path) discover
[0.410s] DEBUG:colcon.colcon_installed_package_information.package_discovery:Found 1 installed packages in /home/aliha1313/pymoveit2/install
[0.419s] DEBUG:colcon.colcon_installed_package_information.package_discovery:Found 5 installed packages in /home/aliha1313/FUM6R-WS/install
[0.421s] DEBUG:colcon.colcon_installed_package_information.package_discovery:Found 360 installed packages in /opt/ros/humble
[0.423s] Level 1:colcon.colcon_core.package_discovery:discover_packages(prefix_path) using defaults
[0.483s] Level 5:colcon.colcon_core.verb:set package 'pidcontrollerpkg' build argument 'cmake_args' from command line to 'None'
[0.483s] Level 5:colcon.colcon_core.verb:set package 'pidcontrollerpkg' build argument 'cmake_target' from command line to 'None'
[0.483s] Level 5:colcon.colcon_core.verb:set package 'pidcontrollerpkg' build argument 'cmake_target_skip_unavailable' from command line to 'False'
[0.483s] Level 5:colcon.colcon_core.verb:set package 'pidcontrollerpkg' build argument 'cmake_clean_cache' from command line to 'False'
[0.483s] Level 5:colcon.colcon_core.verb:set package 'pidcontrollerpkg' build argument 'cmake_clean_first' from command line to 'False'
[0.483s] Level 5:colcon.colcon_core.verb:set package 'pidcontrollerpkg' build argument 'cmake_force_configure' from command line to 'False'
[0.484s] Level 5:colcon.colcon_core.verb:set package 'pidcontrollerpkg' build argument 'ament_cmake_args' from command line to 'None'
[0.484s] Level 5:colcon.colcon_core.verb:set package 'pidcontrollerpkg' build argument 'catkin_cmake_args' from command line to 'None'
[0.484s] Level 5:colcon.colcon_core.verb:set package 'pidcontrollerpkg' build argument 'catkin_skip_building_tests' from command line to 'False'
[0.484s] DEBUG:colcon.colcon_core.verb:Building package 'pidcontrollerpkg' with the following arguments: {'ament_cmake_args': None, 'build_base': '/home/aliha1313/FUM6R-WS/build/pidcontrollerpkg', 'catkin_cmake_args': None, 'catkin_skip_building_tests': False, 'cmake_args': None, 'cmake_clean_cache': False, 'cmake_clean_first': False, 'cmake_force_configure': False, 'cmake_target': None, 'cmake_target_skip_unavailable': False, 'install_base': '/home/aliha1313/FUM6R-WS/install/pidcontrollerpkg', 'merge_install': False, 'path': '/home/aliha1313/FUM6R-WS/src/pidcontrollerpkg', 'symlink_install': False, 'test_result_base': None}
[0.484s] Level 5:colcon.colcon_core.verb:set package 'ros2_control_bringup' build argument 'cmake_args' from command line to 'None'
[0.484s] Level 5:colcon.colcon_core.verb:set package 'ros2_control_bringup' build argument 'cmake_target' from command line to 'None'
[0.484s] Level 5:colcon.colcon_core.verb:set package 'ros2_control_bringup' build argument 'cmake_target_skip_unavailable' from command line to 'False'
[0.484s] Level 5:colcon.colcon_core.verb:set package 'ros2_control_bringup' build argument 'cmake_clean_cache' from command line to 'False'
[0.484s] Level 5:colcon.colcon_core.verb:set package 'ros2_control_bringup' build argument 'cmake_clean_first' from command line to 'False'
[0.484s] Level 5:colcon.colcon_core.verb:set package 'ros2_control_bringup' build argument 'cmake_force_configure' from command line to 'False'
[0.484s] Level 5:colcon.colcon_core.verb:set package 'ros2_control_bringup' build argument 'ament_cmake_args' from command line to 'None'
[0.484s] Level 5:colcon.colcon_core.verb:set package 'ros2_control_bringup' build argument 'catkin_cmake_args' from command line to 'None'
[0.484s] Level 5:colcon.colcon_core.verb:set package 'ros2_control_bringup' build argument 'catkin_skip_building_tests' from command line to 'False'
[0.484s] DEBUG:colcon.colcon_core.verb:Building package 'ros2_control_bringup' with the following arguments: {'ament_cmake_args': None, 'build_base': '/home/aliha1313/FUM6R-WS/build/ros2_control_bringup', 'catkin_cmake_args': None, 'catkin_skip_building_tests': False, 'cmake_args': None, 'cmake_clean_cache': False, 'cmake_clean_first': False, 'cmake_force_configure': False, 'cmake_target': None, 'cmake_target_skip_unavailable': False, 'install_base': '/home/aliha1313/FUM6R-WS/install/ros2_control_bringup', 'merge_install': False, 'path': '/home/aliha1313/FUM6R-WS/src/ros2_control_bringup', 'symlink_install': False, 'test_result_base': None}
[0.485s] Level 5:colcon.colcon_core.verb:set package 'moveit_6r' build argument 'cmake_args' from command line to 'None'
[0.485s] Level 5:colcon.colcon_core.verb:set package 'moveit_6r' build argument 'cmake_target' from command line to 'None'
[0.485s] Level 5:colcon.colcon_core.verb:set package 'moveit_6r' build argument 'cmake_target_skip_unavailable' from command line to 'False'
[0.485s] Level 5:colcon.colcon_core.verb:set package 'moveit_6r' build argument 'cmake_clean_cache' from command line to 'False'
[0.485s] Level 5:colcon.colcon_core.verb:set package 'moveit_6r' build argument 'cmake_clean_first' from command line to 'False'
[0.485s] Level 5:colcon.colcon_core.verb:set package 'moveit_6r' build argument 'cmake_force_configure' from command line to 'False'
[0.485s] Level 5:colcon.colcon_core.verb:set package 'moveit_6r' build argument 'ament_cmake_args' from command line to 'None'
[0.485s] Level 5:colcon.colcon_core.verb:set package 'moveit_6r' build argument 'catkin_cmake_args' from command line to 'None'
[0.485s] Level 5:colcon.colcon_core.verb:set package 'moveit_6r' build argument 'catkin_skip_building_tests' from command line to 'False'
[0.485s] DEBUG:colcon.colcon_core.verb:Building package 'moveit_6r' with the following arguments: {'ament_cmake_args': None, 'build_base': '/home/aliha1313/FUM6R-WS/build/moveit_6r', 'catkin_cmake_args': None, 'catkin_skip_building_tests': False, 'cmake_args': None, 'cmake_clean_cache': False, 'cmake_clean_first': False, 'cmake_force_configure': False, 'cmake_target': None, 'cmake_target_skip_unavailable': False, 'install_base': '/home/aliha1313/FUM6R-WS/install/moveit_6r', 'merge_install': False, 'path': '/home/aliha1313/FUM6R-WS/src/moveit_6r', 'symlink_install': False, 'test_result_base': None}
[0.485s] INFO:colcon.colcon_core.executor:Executing jobs using 'parallel' executor
[0.486s] DEBUG:colcon.colcon_parallel_executor.executor.parallel:run_until_complete
[0.487s] INFO:colcon.colcon_ros.task.ament_python.build:Building ROS package in '/home/aliha1313/FUM6R-WS/src/ros2_control_bringup' with build type 'ament_python'
[0.487s] Level 1:colcon.colcon_core.shell:create_environment_hook('ros2_control_bringup', 'ament_prefix_path')
[0.489s] INFO:colcon.colcon_core.plugin_system:Skipping extension 'colcon_core.shell.bat': Not used on non-Windows systems
[0.490s] INFO:colcon.colcon_core.shell:Creating environment hook '/home/aliha1313/FUM6R-WS/install/ros2_control_bringup/share/ros2_control_bringup/hook/ament_prefix_path.ps1'
[0.490s] INFO:colcon.colcon_core.shell:Creating environment descriptor '/home/aliha1313/FUM6R-WS/install/ros2_control_bringup/share/ros2_control_bringup/hook/ament_prefix_path.dsv'
[0.491s] INFO:colcon.colcon_core.shell:Creating environment hook '/home/aliha1313/FUM6R-WS/install/ros2_control_bringup/share/ros2_control_bringup/hook/ament_prefix_path.sh'
[0.492s] INFO:colcon.colcon_core.shell:Skip shell extension 'powershell' for command environment: Not usable outside of PowerShell
[0.492s] DEBUG:colcon.colcon_core.shell:Skip shell extension 'dsv' for command environment
[0.496s] INFO:colcon.colcon_ros.task.ament_python.build:Building ROS package in '/home/aliha1313/FUM6R-WS/src/pidcontrollerpkg' with build type 'ament_python'
[0.496s] Level 1:colcon.colcon_core.shell:create_environment_hook('pidcontrollerpkg', 'ament_prefix_path')
[0.497s] INFO:colcon.colcon_core.shell:Creating environment hook '/home/aliha1313/FUM6R-WS/install/pidcontrollerpkg/share/pidcontrollerpkg/hook/ament_prefix_path.ps1'
[0.497s] INFO:colcon.colcon_core.shell:Creating environment descriptor '/home/aliha1313/FUM6R-WS/install/pidcontrollerpkg/share/pidcontrollerpkg/hook/ament_prefix_path.dsv'
[0.497s] INFO:colcon.colcon_core.shell:Creating environment hook '/home/aliha1313/FUM6R-WS/install/pidcontrollerpkg/share/pidcontrollerpkg/hook/ament_prefix_path.sh'
[0.498s] INFO:colcon.colcon_core.shell:Skip shell extension 'powershell' for command environment: Not usable outside of PowerShell
[0.498s] DEBUG:colcon.colcon_core.shell:Skip shell extension 'dsv' for command environment
[0.832s] INFO:colcon.colcon_core.task.python.build:Building Python package in '/home/aliha1313/FUM6R-WS/src/ros2_control_bringup'
[0.832s] INFO:colcon.colcon_core.shell:Skip shell extension 'powershell' for command environment: Not usable outside of PowerShell
[0.832s] DEBUG:colcon.colcon_core.shell:Skip shell extension 'dsv' for command environment
[1.168s] INFO:colcon.colcon_core.task.python.build:Building Python package in '/home/aliha1313/FUM6R-WS/src/pidcontrollerpkg'
[1.169s] INFO:colcon.colcon_core.shell:Skip shell extension 'powershell' for command environment: Not usable outside of PowerShell
[1.169s] DEBUG:colcon.colcon_core.shell:Skip shell extension 'dsv' for command environment
[1.617s] DEBUG:colcon.colcon_core.event_handler.log_command:Invoking command in '/home/aliha1313/FUM6R-WS/src/pidcontrollerpkg': PYTHONPATH=/home/aliha1313/FUM6R-WS/build/pidcontrollerpkg/prefix_override:/home/aliha1313/FUM6R-WS/install/pidcontrollerpkg/lib/python3.10/site-packages:${PYTHONPATH} /usr/bin/python3 -W ignore:setup.py install is deprecated setup.py egg_info --egg-base ../../build/pidcontrollerpkg build --build-base /home/aliha1313/FUM6R-WS/build/pidcontrollerpkg/build install --record /home/aliha1313/FUM6R-WS/build/pidcontrollerpkg/install.log --single-version-externally-managed install_data
[1.621s] DEBUG:colcon.colcon_core.event_handler.log_command:Invoking command in '/home/aliha1313/FUM6R-WS/src/ros2_control_bringup': PYTHONPATH=/home/aliha1313/FUM6R-WS/build/ros2_control_bringup/prefix_override:/home/aliha1313/FUM6R-WS/install/ros2_control_bringup/lib/python3.10/site-packages:${PYTHONPATH} /usr/bin/python3 -W ignore:setup.py install is deprecated setup.py egg_info --egg-base ../../build/ros2_control_bringup build --build-base /home/aliha1313/FUM6R-WS/build/ros2_control_bringup/build install --record /home/aliha1313/FUM6R-WS/build/ros2_control_bringup/install.log --single-version-externally-managed install_data
[2.001s] DEBUG:colcon.colcon_core.event_handler.log_command:Invoked command in '/home/aliha1313/FUM6R-WS/src/ros2_control_bringup' returned '0': PYTHONPATH=/home/aliha1313/FUM6R-WS/build/ros2_control_bringup/prefix_override:/home/aliha1313/FUM6R-WS/install/ros2_control_bringup/lib/python3.10/site-packages:${PYTHONPATH} /usr/bin/python3 -W ignore:setup.py install is deprecated setup.py egg_info --egg-base ../../build/ros2_control_bringup build --build-base /home/aliha1313/FUM6R-WS/build/ros2_control_bringup/build install --record /home/aliha1313/FUM6R-WS/build/ros2_control_bringup/install.log --single-version-externally-managed install_data
[2.004s] Level 1:colcon.colcon_core.environment:checking '/home/aliha1313/FUM6R-WS/install/ros2_control_bringup' for CMake module files
[2.004s] Level 1:colcon.colcon_core.environment:checking '/home/aliha1313/FUM6R-WS/install/ros2_control_bringup' for CMake config files
[2.005s] Level 1:colcon.colcon_core.environment:checking '/home/aliha1313/FUM6R-WS/install/ros2_control_bringup/lib'
[2.005s] Level 1:colcon.colcon_core.environment:checking '/home/aliha1313/FUM6R-WS/install/ros2_control_bringup/bin'
[2.006s] Level 1:colcon.colcon_core.environment:checking '/home/aliha1313/FUM6R-WS/install/ros2_control_bringup/lib/pkgconfig/ros2_control_bringup.pc'
[2.006s] Level 1:colcon.colcon_core.environment:checking '/home/aliha1313/FUM6R-WS/install/ros2_control_bringup/lib/python3.10/site-packages'
[2.006s] Level 1:colcon.colcon_core.shell:create_environment_hook('ros2_control_bringup', 'pythonpath')
[2.006s] INFO:colcon.colcon_core.shell:Creating environment hook '/home/aliha1313/FUM6R-WS/install/ros2_control_bringup/share/ros2_control_bringup/hook/pythonpath.ps1'
[2.007s] INFO:colcon.colcon_core.shell:Creating environment descriptor '/home/aliha1313/FUM6R-WS/install/ros2_control_bringup/share/ros2_control_bringup/hook/pythonpath.dsv'
[2.007s] INFO:colcon.colcon_core.shell:Creating environment hook '/home/aliha1313/FUM6R-WS/install/ros2_control_bringup/share/ros2_control_bringup/hook/pythonpath.sh'
[2.008s] Level 1:colcon.colcon_core.environment:checking '/home/aliha1313/FUM6R-WS/install/ros2_control_bringup/bin'
[2.008s] Level 1:colcon.colcon_core.environment:create_environment_scripts_only(ros2_control_bringup)
[2.008s] INFO:colcon.colcon_core.shell:Creating package script '/home/aliha1313/FUM6R-WS/install/ros2_control_bringup/share/ros2_control_bringup/package.ps1'
[2.009s] INFO:colcon.colcon_core.shell:Creating package descriptor '/home/aliha1313/FUM6R-WS/install/ros2_control_bringup/share/ros2_control_bringup/package.dsv'
[2.010s] INFO:colcon.colcon_core.shell:Creating package script '/home/aliha1313/FUM6R-WS/install/ros2_control_bringup/share/ros2_control_bringup/package.sh'
[2.011s] INFO:colcon.colcon_core.shell:Creating package script '/home/aliha1313/FUM6R-WS/install/ros2_control_bringup/share/ros2_control_bringup/package.bash'
[2.012s] INFO:colcon.colcon_core.shell:Creating package script '/home/aliha1313/FUM6R-WS/install/ros2_control_bringup/share/ros2_control_bringup/package.zsh'
[2.012s] Level 1:colcon.colcon_core.environment:create_file_with_runtime_dependencies(/home/aliha1313/FUM6R-WS/install/ros2_control_bringup/share/colcon-core/packages/ros2_control_bringup)
[2.013s] INFO:colcon.colcon_ros.task.ament_cmake.build:Building ROS package in '/home/aliha1313/FUM6R-WS/src/moveit_6r' with build type 'ament_cmake'
[2.013s] INFO:colcon.colcon_cmake.task.cmake.build:Building CMake package in '/home/aliha1313/FUM6R-WS/src/moveit_6r'
[2.013s] INFO:colcon.colcon_core.shell:Skip shell extension 'powershell' for command environment: Not usable outside of PowerShell
[2.013s] DEBUG:colcon.colcon_core.shell:Skip shell extension 'dsv' for command environment
[2.019s] Level 1:colcon.colcon_core.environment:checking '/home/aliha1313/FUM6R-WS/install/pidcontrollerpkg' for CMake module files
[2.020s] DEBUG:colcon.colcon_core.event_handler.log_command:Invoked command in '/home/aliha1313/FUM6R-WS/src/pidcontrollerpkg' returned '0': PYTHONPATH=/home/aliha1313/FUM6R-WS/build/pidcontrollerpkg/prefix_override:/home/aliha1313/FUM6R-WS/install/pidcontrollerpkg/lib/python3.10/site-packages:${PYTHONPATH} /usr/bin/python3 -W ignore:setup.py install is deprecated setup.py egg_info --egg-base ../../build/pidcontrollerpkg build --build-base /home/aliha1313/FUM6R-WS/build/pidcontrollerpkg/build install --record /home/aliha1313/FUM6R-WS/build/pidcontrollerpkg/install.log --single-version-externally-managed install_data
[2.020s] Level 1:colcon.colcon_core.environment:checking '/home/aliha1313/FUM6R-WS/install/pidcontrollerpkg' for CMake config files
[2.021s] Level 1:colcon.colcon_core.environment:checking '/home/aliha1313/FUM6R-WS/install/pidcontrollerpkg/lib'
[2.021s] Level 1:colcon.colcon_core.environment:checking '/home/aliha1313/FUM6R-WS/install/pidcontrollerpkg/bin'
[2.021s] Level 1:colcon.colcon_core.environment:checking '/home/aliha1313/FUM6R-WS/install/pidcontrollerpkg/lib/pkgconfig/pidcontrollerpkg.pc'
[2.022s] Level 1:colcon.colcon_core.environment:checking '/home/aliha1313/FUM6R-WS/install/pidcontrollerpkg/lib/python3.10/site-packages'
[2.022s] Level 1:colcon.colcon_core.shell:create_environment_hook('pidcontrollerpkg', 'pythonpath')
[2.022s] INFO:colcon.colcon_core.shell:Creating environment hook '/home/aliha1313/FUM6R-WS/install/pidcontrollerpkg/share/pidcontrollerpkg/hook/pythonpath.ps1'
[2.022s] INFO:colcon.colcon_core.shell:Creating environment descriptor '/home/aliha1313/FUM6R-WS/install/pidcontrollerpkg/share/pidcontrollerpkg/hook/pythonpath.dsv'
[2.023s] INFO:colcon.colcon_core.shell:Creating environment hook '/home/aliha1313/FUM6R-WS/install/pidcontrollerpkg/share/pidcontrollerpkg/hook/pythonpath.sh'
[2.023s] Level 1:colcon.colcon_core.environment:checking '/home/aliha1313/FUM6R-WS/install/pidcontrollerpkg/bin'
[2.024s] Level 1:colcon.colcon_core.environment:create_environment_scripts_only(pidcontrollerpkg)
[2.024s] INFO:colcon.colcon_core.shell:Creating package script '/home/aliha1313/FUM6R-WS/install/pidcontrollerpkg/share/pidcontrollerpkg/package.ps1'
[2.024s] INFO:colcon.colcon_core.shell:Creating package descriptor '/home/aliha1313/FUM6R-WS/install/pidcontrollerpkg/share/pidcontrollerpkg/package.dsv'
[2.025s] INFO:colcon.colcon_core.shell:Creating package script '/home/aliha1313/FUM6R-WS/install/pidcontrollerpkg/share/pidcontrollerpkg/package.sh'
[2.025s] INFO:colcon.colcon_core.shell:Creating package script '/home/aliha1313/FUM6R-WS/install/pidcontrollerpkg/share/pidcontrollerpkg/package.bash'
[2.026s] INFO:colcon.colcon_core.shell:Creating package script '/home/aliha1313/FUM6R-WS/install/pidcontrollerpkg/share/pidcontrollerpkg/package.zsh'
[2.026s] Level 1:colcon.colcon_core.environment:create_file_with_runtime_dependencies(/home/aliha1313/FUM6R-WS/install/pidcontrollerpkg/share/colcon-core/packages/pidcontrollerpkg)
[2.030s] DEBUG:colcon.colcon_core.event_handler.log_command:Invoking command in '/home/aliha1313/FUM6R-WS/build/moveit_6r': CMAKE_PREFIX_PATH=${CMAKE_PREFIX_PATH}:/home/aliha1313/FUM6R-WS/install/ros2_control_bringup:/home/aliha1313/FUM6R-WS/install/ros2_control_bringing_up:/home/aliha1313/FUM6R-WS/install/pidcontrollerpkg:/opt/ros/humble /usr/bin/cmake --build /home/aliha1313/FUM6R-WS/build/moveit_6r -- -j12 -l12
[2.066s] DEBUG:colcon.colcon_core.event_handler.log_command:Invoked command in '/home/aliha1313/FUM6R-WS/build/moveit_6r' returned '0': CMAKE_PREFIX_PATH=${CMAKE_PREFIX_PATH}:/home/aliha1313/FUM6R-WS/install/ros2_control_bringup:/home/aliha1313/FUM6R-WS/install/ros2_control_bringing_up:/home/aliha1313/FUM6R-WS/install/pidcontrollerpkg:/opt/ros/humble /usr/bin/cmake --build /home/aliha1313/FUM6R-WS/build/moveit_6r -- -j12 -l12
[2.096s] DEBUG:colcon.colcon_core.event_handler.log_command:Invoking command in '/home/aliha1313/FUM6R-WS/build/moveit_6r': CMAKE_PREFIX_PATH=${CMAKE_PREFIX_PATH}:/home/aliha1313/FUM6R-WS/install/ros2_control_bringup:/home/aliha1313/FUM6R-WS/install/ros2_control_bringing_up:/home/aliha1313/FUM6R-WS/install/pidcontrollerpkg:/opt/ros/humble /usr/bin/cmake --install /home/aliha1313/FUM6R-WS/build/moveit_6r
[2.108s] Level 1:colcon.colcon_core.environment:create_environment_scripts_only(moveit_6r)
[2.109s] Level 1:colcon.colcon_core.environment:checking '/home/aliha1313/FUM6R-WS/install/moveit_6r' for CMake module files
[2.109s] DEBUG:colcon.colcon_core.event_handler.log_command:Invoked command in '/home/aliha1313/FUM6R-WS/build/moveit_6r' returned '0': CMAKE_PREFIX_PATH=${CMAKE_PREFIX_PATH}:/home/aliha1313/FUM6R-WS/install/ros2_control_bringup:/home/aliha1313/FUM6R-WS/install/ros2_control_bringing_up:/home/aliha1313/FUM6R-WS/install/pidcontrollerpkg:/opt/ros/humble /usr/bin/cmake --install /home/aliha1313/FUM6R-WS/build/moveit_6r
[2.110s] Level 1:colcon.colcon_core.environment:checking '/home/aliha1313/FUM6R-WS/install/moveit_6r' for CMake config files
[2.110s] Level 1:colcon.colcon_core.shell:create_environment_hook('moveit_6r', 'cmake_prefix_path')
[2.110s] INFO:colcon.colcon_core.shell:Creating environment hook '/home/aliha1313/FUM6R-WS/install/moveit_6r/share/moveit_6r/hook/cmake_prefix_path.ps1'
[2.111s] INFO:colcon.colcon_core.shell:Creating environment descriptor '/home/aliha1313/FUM6R-WS/install/moveit_6r/share/moveit_6r/hook/cmake_prefix_path.dsv'
[2.111s] INFO:colcon.colcon_core.shell:Creating environment hook '/home/aliha1313/FUM6R-WS/install/moveit_6r/share/moveit_6r/hook/cmake_prefix_path.sh'
[2.112s] Level 1:colcon.colcon_core.environment:checking '/home/aliha1313/FUM6R-WS/install/moveit_6r/bin'
[2.112s] Level 1:colcon.colcon_core.environment:checking '/home/aliha1313/FUM6R-WS/install/moveit_6r/lib/pkgconfig/moveit_6r.pc'
[2.112s] Level 1:colcon.colcon_core.environment:checking '/home/aliha1313/FUM6R-WS/install/moveit_6r/lib/python3.10/site-packages'
[2.113s] Level 1:colcon.colcon_core.environment:checking '/home/aliha1313/FUM6R-WS/install/moveit_6r/bin'
[2.113s] INFO:colcon.colcon_core.shell:Creating package script '/home/aliha1313/FUM6R-WS/install/moveit_6r/share/moveit_6r/package.ps1'
[2.113s] INFO:colcon.colcon_core.shell:Creating package descriptor '/home/aliha1313/FUM6R-WS/install/moveit_6r/share/moveit_6r/package.dsv'
[2.114s] INFO:colcon.colcon_core.shell:Creating package script '/home/aliha1313/FUM6R-WS/install/moveit_6r/share/moveit_6r/package.sh'
[2.114s] INFO:colcon.colcon_core.shell:Creating package script '/home/aliha1313/FUM6R-WS/install/moveit_6r/share/moveit_6r/package.bash'
[2.115s] INFO:colcon.colcon_core.shell:Creating package script '/home/aliha1313/FUM6R-WS/install/moveit_6r/share/moveit_6r/package.zsh'
[2.115s] Level 1:colcon.colcon_core.environment:create_file_with_runtime_dependencies(/home/aliha1313/FUM6R-WS/install/moveit_6r/share/colcon-core/packages/moveit_6r)
[2.137s] Level 1:colcon.colcon_core.environment:create_environment_scripts_only(moveit_6r)
[2.137s] Level 1:colcon.colcon_core.environment:checking '/home/aliha1313/FUM6R-WS/install/moveit_6r' for CMake module files
[2.138s] Level 1:colcon.colcon_core.environment:checking '/home/aliha1313/FUM6R-WS/install/moveit_6r' for CMake config files
[2.138s] Level 1:colcon.colcon_core.shell:create_environment_hook('moveit_6r', 'cmake_prefix_path')
[2.138s] INFO:colcon.colcon_core.shell:Creating environment hook '/home/aliha1313/FUM6R-WS/install/moveit_6r/share/moveit_6r/hook/cmake_prefix_path.ps1'
[2.139s] INFO:colcon.colcon_core.shell:Creating environment descriptor '/home/aliha1313/FUM6R-WS/install/moveit_6r/share/moveit_6r/hook/cmake_prefix_path.dsv'
[2.139s] INFO:colcon.colcon_core.shell:Creating environment hook '/home/aliha1313/FUM6R-WS/install/moveit_6r/share/moveit_6r/hook/cmake_prefix_path.sh'
[2.140s] Level 1:colcon.colcon_core.environment:checking '/home/aliha1313/FUM6R-WS/install/moveit_6r/bin'
[2.140s] Level 1:colcon.colcon_core.environment:checking '/home/aliha1313/FUM6R-WS/install/moveit_6r/lib/pkgconfig/moveit_6r.pc'
[2.140s] Level 1:colcon.colcon_core.environment:checking '/home/aliha1313/FUM6R-WS/install/moveit_6r/lib/python3.10/site-packages'
[2.140s] Level 1:colcon.colcon_core.environment:checking '/home/aliha1313/FUM6R-WS/install/moveit_6r/bin'
[2.141s] INFO:colcon.colcon_core.shell:Creating package script '/home/aliha1313/FUM6R-WS/install/moveit_6r/share/moveit_6r/package.ps1'
[2.141s] INFO:colcon.colcon_core.shell:Creating package descriptor '/home/aliha1313/FUM6R-WS/install/moveit_6r/share/moveit_6r/package.dsv'
[2.142s] INFO:colcon.colcon_core.shell:Creating package script '/home/aliha1313/FUM6R-WS/install/moveit_6r/share/moveit_6r/package.sh'
[2.142s] INFO:colcon.colcon_core.shell:Creating package script '/home/aliha1313/FUM6R-WS/install/moveit_6r/share/moveit_6r/package.bash'
[2.143s] INFO:colcon.colcon_core.shell:Creating package script '/home/aliha1313/FUM6R-WS/install/moveit_6r/share/moveit_6r/package.zsh'
[2.143s] Level 1:colcon.colcon_core.environment:create_file_with_runtime_dependencies(/home/aliha1313/FUM6R-WS/install/moveit_6r/share/colcon-core/packages/moveit_6r)
[2.143s] DEBUG:colcon.colcon_parallel_executor.executor.parallel:closing loop
[2.144s] DEBUG:colcon.colcon_parallel_executor.executor.parallel:loop closed
[2.144s] DEBUG:colcon.colcon_parallel_executor.executor.parallel:run_until_complete finished with '0'
[2.144s] DEBUG:colcon.colcon_core.event_reactor:joining thread
[2.150s] INFO:colcon.colcon_core.plugin_system:Skipping extension 'colcon_notification.desktop_notification.notify_send': Could not find 'notify-send'
[2.150s] INFO:colcon.colcon_core.plugin_system:Skipping extension 'colcon_notification.desktop_notification.terminal_notifier': Not used on non-Darwin systems
[2.150s] INFO:colcon.colcon_core.plugin_system:Skipping extension 'colcon_notification.desktop_notification.win32': Not used on non-Windows systems
[2.150s] INFO:colcon.colcon_notification.desktop_notification:Sending desktop notification using 'notify2'
[2.162s] DEBUG:colcon.colcon_core.event_reactor:joined thread
[2.162s] INFO:colcon.colcon_core.shell:Creating prefix script '/home/aliha1313/FUM6R-WS/install/local_setup.ps1'
[2.164s] INFO:colcon.colcon_core.shell:Creating prefix util module '/home/aliha1313/FUM6R-WS/install/_local_setup_util_ps1.py'
[2.165s] INFO:colcon.colcon_core.shell:Creating prefix chain script '/home/aliha1313/FUM6R-WS/install/setup.ps1'
[2.167s] INFO:colcon.colcon_core.shell:Creating prefix script '/home/aliha1313/FUM6R-WS/install/local_setup.sh'
[2.167s] INFO:colcon.colcon_core.shell:Creating prefix util module '/home/aliha1313/FUM6R-WS/install/_local_setup_util_sh.py'
[2.168s] INFO:colcon.colcon_core.shell:Creating prefix chain script '/home/aliha1313/FUM6R-WS/install/setup.sh'
[2.169s] INFO:colcon.colcon_core.shell:Creating prefix script '/home/aliha1313/FUM6R-WS/install/local_setup.bash'
[2.170s] INFO:colcon.colcon_core.shell:Creating prefix chain script '/home/aliha1313/FUM6R-WS/install/setup.bash'
[2.171s] INFO:colcon.colcon_core.shell:Creating prefix script '/home/aliha1313/FUM6R-WS/install/local_setup.zsh'
[2.172s] INFO:colcon.colcon_core.shell:Creating prefix chain script '/home/aliha1313/FUM6R-WS/install/setup.zsh'
