[0.034s] Invoking command in '/home/aliha1313/FUM6R-WS/build/moveit_6r': CMAKE_PREFIX_PATH=${CMAKE_PREFIX_PATH}:/home/aliha1313/FUM6R-WS/install/ros2_control_bringup:/home/aliha1313/FUM6R-WS/install/pidcontrollerpkg:/home/aliha1313/FUM6R-WS/install/Ros2ControlBringingUp:/opt/ros/humble /usr/bin/cmake --build /home/aliha1313/FUM6R-WS/build/moveit_6r -- -j12 -l12
[1.309s] Invoked command in '/home/aliha1313/FUM6R-WS/build/moveit_6r' returned '0': CMAKE_PREFIX_PATH=${CMAKE_PREFIX_PATH}:/home/aliha1313/FUM6R-WS/install/ros2_control_bringup:/home/aliha1313/FUM6R-WS/install/pidcontrollerpkg:/home/aliha1313/FUM6R-WS/install/Ros2ControlBringingUp:/opt/ros/humble /usr/bin/cmake --build /home/aliha1313/FUM6R-WS/build/moveit_6r -- -j12 -l12
[1.386s] Invoking command in '/home/aliha1313/FUM6R-WS/build/moveit_6r': CMAKE_PREFIX_PATH=${CMAKE_PREFIX_PATH}:/home/aliha1313/FUM6R-WS/install/ros2_control_bringup:/home/aliha1313/FUM6R-WS/install/pidcontrollerpkg:/home/aliha1313/FUM6R-WS/install/Ros2ControlBringingUp:/opt/ros/humble /usr/bin/cmake --install /home/aliha1313/FUM6R-WS/build/moveit_6r
[1.409s] -- Install configuration: ""
[1.410s] -- Up-to-date: /home/aliha1313/FUM6R-WS/install/moveit_6r/share/ament_index/resource_index/package_run_dependencies/moveit_6r
[1.411s] -- Up-to-date: /home/aliha1313/FUM6R-WS/install/moveit_6r/share/ament_index/resource_index/parent_prefix_path/moveit_6r
[1.412s] -- Up-to-date: /home/aliha1313/FUM6R-WS/install/moveit_6r/share/moveit_6r/environment/ament_prefix_path.sh
[1.412s] -- Up-to-date: /home/aliha1313/FUM6R-WS/install/moveit_6r/share/moveit_6r/environment/ament_prefix_path.dsv
[1.413s] -- Up-to-date: /home/aliha1313/FUM6R-WS/install/moveit_6r/share/moveit_6r/environment/path.sh
[1.413s] -- Up-to-date: /home/aliha1313/FUM6R-WS/install/moveit_6r/share/moveit_6r/environment/path.dsv
[1.414s] -- Up-to-date: /home/aliha1313/FUM6R-WS/install/moveit_6r/share/moveit_6r/local_setup.bash
[1.415s] -- Up-to-date: /home/aliha1313/FUM6R-WS/install/moveit_6r/share/moveit_6r/local_setup.sh
[1.415s] -- Up-to-date: /home/aliha1313/FUM6R-WS/install/moveit_6r/share/moveit_6r/local_setup.zsh
[1.416s] -- Up-to-date: /home/aliha1313/FUM6R-WS/install/moveit_6r/share/moveit_6r/local_setup.dsv
[1.416s] -- Installing: /home/aliha1313/FUM6R-WS/install/moveit_6r/share/moveit_6r/package.dsv
[1.417s] -- Up-to-date: /home/aliha1313/FUM6R-WS/install/moveit_6r/share/ament_index/resource_index/packages/moveit_6r
[1.417s] -- Up-to-date: /home/aliha1313/FUM6R-WS/install/moveit_6r/share/moveit_6r/cmake/moveit_6rConfig.cmake
[1.418s] -- Up-to-date: /home/aliha1313/FUM6R-WS/install/moveit_6r/share/moveit_6r/cmake/moveit_6rConfig-version.cmake
[1.418s] -- Up-to-date: /home/aliha1313/FUM6R-WS/install/moveit_6r/share/moveit_6r/package.xml
[1.419s] -- Up-to-date: /home/aliha1313/FUM6R-WS/install/moveit_6r/share/moveit_6r/launch
[1.419s] -- Up-to-date: /home/aliha1313/FUM6R-WS/install/moveit_6r/share/moveit_6r/launch/static_virtual_joint_tfs.launch.py
[1.419s] -- Up-to-date: /home/aliha1313/FUM6R-WS/install/moveit_6r/share/moveit_6r/launch/demo.launch.py
[1.420s] -- Up-to-date: /home/aliha1313/FUM6R-WS/install/moveit_6r/share/moveit_6r/launch/setup_assistant.launch.py
[1.421s] -- Up-to-date: /home/aliha1313/FUM6R-WS/install/moveit_6r/share/moveit_6r/launch/spawn_controllers.launch.py
[1.421s] -- Up-to-date: /home/aliha1313/FUM6R-WS/install/moveit_6r/share/moveit_6r/launch/moveit_rviz.launch.py
[1.421s] -- Up-to-date: /home/aliha1313/FUM6R-WS/install/moveit_6r/share/moveit_6r/launch/warehouse_db.launch.py
[1.421s] -- Up-to-date: /home/aliha1313/FUM6R-WS/install/moveit_6r/share/moveit_6r/launch/move_group.launch.py
[1.422s] -- Up-to-date: /home/aliha1313/FUM6R-WS/install/moveit_6r/share/moveit_6r/launch/rsp.launch.py
[1.422s] -- Up-to-date: /home/aliha1313/FUM6R-WS/install/moveit_6r/share/moveit_6r/config
[1.422s] -- Up-to-date: /home/aliha1313/FUM6R-WS/install/moveit_6r/share/moveit_6r/config/moveit_controllers.yaml
[1.423s] -- Up-to-date: /home/aliha1313/FUM6R-WS/install/moveit_6r/share/moveit_6r/config/ros2_controllers.yaml
[1.423s] -- Up-to-date: /home/aliha1313/FUM6R-WS/install/moveit_6r/share/moveit_6r/config/pilz_cartesian_limits.yaml
[1.424s] -- Up-to-date: /home/aliha1313/FUM6R-WS/install/moveit_6r/share/moveit_6r/config/joint_limits.yaml
[1.425s] -- Up-to-date: /home/aliha1313/FUM6R-WS/install/moveit_6r/share/moveit_6r/config/fum6r_new_corsys.urdf.xacro
[1.425s] -- Up-to-date: /home/aliha1313/FUM6R-WS/install/moveit_6r/share/moveit_6r/config/moveit.rviz
[1.425s] -- Up-to-date: /home/aliha1313/FUM6R-WS/install/moveit_6r/share/moveit_6r/config/fum6r_new_corsys.ros2_control.xacro
[1.426s] -- Up-to-date: /home/aliha1313/FUM6R-WS/install/moveit_6r/share/moveit_6r/config/initial_positions.yaml
[1.429s] -- Up-to-date: /home/aliha1313/FUM6R-WS/install/moveit_6r/share/moveit_6r/config/fum6r_new_corsys.srdf
[1.430s] -- Up-to-date: /home/aliha1313/FUM6R-WS/install/moveit_6r/share/moveit_6r/config/kinematics.yaml
[1.430s] -- Up-to-date: /home/aliha1313/FUM6R-WS/install/moveit_6r/share/moveit_6r/config/sensors_3d.yaml
[1.431s] -- Up-to-date: /home/aliha1313/FUM6R-WS/install/moveit_6r/share/moveit_6r/.setup_assistant
[1.437s] Invoked command in '/home/aliha1313/FUM6R-WS/build/moveit_6r' returned '0': CMAKE_PREFIX_PATH=${CMAKE_PREFIX_PATH}:/home/aliha1313/FUM6R-WS/install/ros2_control_bringup:/home/aliha1313/FUM6R-WS/install/pidcontrollerpkg:/home/aliha1313/FUM6R-WS/install/Ros2ControlBringingUp:/opt/ros/humble /usr/bin/cmake --install /home/aliha1313/FUM6R-WS/build/moveit_6r
