[1.344s] Invoking command in '/home/aliha1313/FUM6R-WS/src/pidcontrollerpkg': PYTHONPATH=/home/aliha1313/FUM6R-WS/build/pidcontrollerpkg/prefix_override:/home/aliha1313/FUM6R-WS/install/pidcontrollerpkg/lib/python3.10/site-packages:${PYTHONPATH} /usr/bin/python3 -W ignore:setup.py install is deprecated setup.py egg_info --egg-base ../../build/pidcontrollerpkg build --build-base /home/aliha1313/FUM6R-WS/build/pidcontrollerpkg/build install --record /home/aliha1313/FUM6R-WS/build/pidcontrollerpkg/install.log --single-version-externally-managed install_data
[1.711s] running egg_info
[1.713s] writing ../../build/pidcontrollerpkg/pidcontrollerpkg.egg-info/PKG-INFO
[1.713s] writing dependency_links to ../../build/pidcontrollerpkg/pidcontrollerpkg.egg-info/dependency_links.txt
[1.713s] writing entry points to ../../build/pidcontrollerpkg/pidcontrollerpkg.egg-info/entry_points.txt
[1.714s] writing requirements to ../../build/pidcontrollerpkg/pidcontrollerpkg.egg-info/requires.txt
[1.715s] writing top-level names to ../../build/pidcontrollerpkg/pidcontrollerpkg.egg-info/top_level.txt
[1.719s] reading manifest file '../../build/pidcontrollerpkg/pidcontrollerpkg.egg-info/SOURCES.txt'
[1.721s] writing manifest file '../../build/pidcontrollerpkg/pidcontrollerpkg.egg-info/SOURCES.txt'
[1.721s] running build
[1.721s] running build_py
[1.723s] running install
[1.723s] running install_lib
[1.726s] running install_data
[1.726s] running install_egg_info
[1.729s] removing '/home/aliha1313/FUM6R-WS/install/pidcontrollerpkg/lib/python3.10/site-packages/pidcontrollerpkg-0.0.0-py3.10.egg-info' (and everything under it)
[1.730s] Copying ../../build/pidcontrollerpkg/pidcontrollerpkg.egg-info to /home/aliha1313/FUM6R-WS/install/pidcontrollerpkg/lib/python3.10/site-packages/pidcontrollerpkg-0.0.0-py3.10.egg-info
[1.731s] running install_scripts
[1.763s] Installing pidinv script to /home/aliha1313/FUM6R-WS/install/pidcontrollerpkg/lib/pidcontrollerpkg
[1.764s] Installing pidnode1 script to /home/aliha1313/FUM6R-WS/install/pidcontrollerpkg/lib/pidcontrollerpkg
[1.764s] Installing pidnode2 script to /home/aliha1313/FUM6R-WS/install/pidcontrollerpkg/lib/pidcontrollerpkg
[1.764s] Installing pidnode3 script to /home/aliha1313/FUM6R-WS/install/pidcontrollerpkg/lib/pidcontrollerpkg
[1.764s] Installing settorque script to /home/aliha1313/FUM6R-WS/install/pidcontrollerpkg/lib/pidcontrollerpkg
[1.765s] writing list of installed files to '/home/aliha1313/FUM6R-WS/build/pidcontrollerpkg/install.log'
[1.813s] Invoked command in '/home/aliha1313/FUM6R-WS/src/pidcontrollerpkg' returned '0': PYTHONPATH=/home/aliha1313/FUM6R-WS/build/pidcontrollerpkg/prefix_override:/home/aliha1313/FUM6R-WS/install/pidcontrollerpkg/lib/python3.10/site-packages:${PYTHONPATH} /usr/bin/python3 -W ignore:setup.py install is deprecated setup.py egg_info --egg-base ../../build/pidcontrollerpkg build --build-base /home/aliha1313/FUM6R-WS/build/pidcontrollerpkg/build install --record /home/aliha1313/FUM6R-WS/build/pidcontrollerpkg/install.log --single-version-externally-managed install_data
