[0.010s] Invoking command in '/home/aliha1313/FUM6R-WS/build/moveit_6r': AMENT_PREFIX_PATH=/home/aliha1313/FUM6R-WS/install/ros2_control_bringup:/home/aliha1313/FUM6R-WS/install/moveit_6r:/home/aliha1313/FUM6R-WS/install/ros2_control_bringing_up:/home/aliha1313/FUM6R-WS/install/pidcontrollerpkg:/home/aliha1313/FUM6R-WS/install/motion_planning:/home/aliha1313/pymoveit2/install:/opt/ros/humble CMAKE_PREFIX_PATH=${CMAKE_PREFIX_PATH}:/home/aliha1313/FUM6R-WS/install/ros2_control_bringup:/home/aliha1313/FUM6R-WS/install/ros2_control_bringing_up:/home/aliha1313/FUM6R-WS/install/pidcontrollerpkg:/opt/ros/humble /usr/bin/cmake --build /home/aliha1313/FUM6R-WS/build/moveit_6r -- -j12 -l12
[0.036s] Invoked command in '/home/aliha1313/FUM6R-WS/build/moveit_6r' returned '0': AMENT_PREFIX_PATH=/home/aliha1313/FUM6R-WS/install/ros2_control_bringup:/home/aliha1313/FUM6R-WS/install/moveit_6r:/home/aliha1313/FUM6R-WS/install/ros2_control_bringing_up:/home/aliha1313/FUM6R-WS/install/pidcontrollerpkg:/home/aliha1313/FUM6R-WS/install/motion_planning:/home/aliha1313/pymoveit2/install:/opt/ros/humble CMAKE_PREFIX_PATH=${CMAKE_PREFIX_PATH}:/home/aliha1313/FUM6R-WS/install/ros2_control_bringup:/home/aliha1313/FUM6R-WS/install/ros2_control_bringing_up:/home/aliha1313/FUM6R-WS/install/pidcontrollerpkg:/opt/ros/humble /usr/bin/cmake --build /home/aliha1313/FUM6R-WS/build/moveit_6r -- -j12 -l12
[0.052s] Invoking command in '/home/aliha1313/FUM6R-WS/build/moveit_6r': AMENT_PREFIX_PATH=/home/aliha1313/FUM6R-WS/install/ros2_control_bringup:/home/aliha1313/FUM6R-WS/install/moveit_6r:/home/aliha1313/FUM6R-WS/install/ros2_control_bringing_up:/home/aliha1313/FUM6R-WS/install/pidcontrollerpkg:/home/aliha1313/FUM6R-WS/install/motion_planning:/home/aliha1313/pymoveit2/install:/opt/ros/humble CMAKE_PREFIX_PATH=${CMAKE_PREFIX_PATH}:/home/aliha1313/FUM6R-WS/install/ros2_control_bringup:/home/aliha1313/FUM6R-WS/install/ros2_control_bringing_up:/home/aliha1313/FUM6R-WS/install/pidcontrollerpkg:/opt/ros/humble /usr/bin/cmake --install /home/aliha1313/FUM6R-WS/build/moveit_6r
[0.057s] -- Install configuration: ""
[0.057s] -- Up-to-date: /home/aliha1313/FUM6R-WS/install/moveit_6r/share/ament_index/resource_index/package_run_dependencies/moveit_6r
[0.057s] -- Up-to-date: /home/aliha1313/FUM6R-WS/install/moveit_6r/share/ament_index/resource_index/parent_prefix_path/moveit_6r
[0.057s] -- Up-to-date: /home/aliha1313/FUM6R-WS/install/moveit_6r/share/moveit_6r/environment/ament_prefix_path.sh
[0.058s] -- Up-to-date: /home/aliha1313/FUM6R-WS/install/moveit_6r/share/moveit_6r/environment/ament_prefix_path.dsv
[0.058s] -- Up-to-date: /home/aliha1313/FUM6R-WS/install/moveit_6r/share/moveit_6r/environment/path.sh
[0.058s] -- Up-to-date: /home/aliha1313/FUM6R-WS/install/moveit_6r/share/moveit_6r/environment/path.dsv
[0.058s] -- Up-to-date: /home/aliha1313/FUM6R-WS/install/moveit_6r/share/moveit_6r/local_setup.bash
[0.058s] -- Up-to-date: /home/aliha1313/FUM6R-WS/install/moveit_6r/share/moveit_6r/local_setup.sh
[0.058s] -- Up-to-date: /home/aliha1313/FUM6R-WS/install/moveit_6r/share/moveit_6r/local_setup.zsh
[0.058s] -- Up-to-date: /home/aliha1313/FUM6R-WS/install/moveit_6r/share/moveit_6r/local_setup.dsv
[0.058s] -- Installing: /home/aliha1313/FUM6R-WS/install/moveit_6r/share/moveit_6r/package.dsv
[0.058s] -- Up-to-date: /home/aliha1313/FUM6R-WS/install/moveit_6r/share/ament_index/resource_index/packages/moveit_6r
[0.058s] -- Up-to-date: /home/aliha1313/FUM6R-WS/install/moveit_6r/share/moveit_6r/cmake/moveit_6rConfig.cmake
[0.058s] -- Up-to-date: /home/aliha1313/FUM6R-WS/install/moveit_6r/share/moveit_6r/cmake/moveit_6rConfig-version.cmake
[0.058s] -- Up-to-date: /home/aliha1313/FUM6R-WS/install/moveit_6r/share/moveit_6r/package.xml
[0.058s] -- Up-to-date: /home/aliha1313/FUM6R-WS/install/moveit_6r/share/moveit_6r/launch
[0.059s] -- Up-to-date: /home/aliha1313/FUM6R-WS/install/moveit_6r/share/moveit_6r/launch/static_virtual_joint_tfs.launch.py
[0.059s] -- Up-to-date: /home/aliha1313/FUM6R-WS/install/moveit_6r/share/moveit_6r/launch/demo.launch.py
[0.059s] -- Up-to-date: /home/aliha1313/FUM6R-WS/install/moveit_6r/share/moveit_6r/launch/setup_assistant.launch.py
[0.059s] -- Up-to-date: /home/aliha1313/FUM6R-WS/install/moveit_6r/share/moveit_6r/launch/spawn_controllers.launch.py
[0.059s] -- Up-to-date: /home/aliha1313/FUM6R-WS/install/moveit_6r/share/moveit_6r/launch/moveit_rviz.launch.py
[0.059s] -- Up-to-date: /home/aliha1313/FUM6R-WS/install/moveit_6r/share/moveit_6r/launch/warehouse_db.launch.py
[0.059s] -- Up-to-date: /home/aliha1313/FUM6R-WS/install/moveit_6r/share/moveit_6r/launch/move_group.launch.py
[0.059s] -- Up-to-date: /home/aliha1313/FUM6R-WS/install/moveit_6r/share/moveit_6r/launch/rsp.launch.py
[0.059s] -- Up-to-date: /home/aliha1313/FUM6R-WS/install/moveit_6r/share/moveit_6r/config
[0.059s] -- Up-to-date: /home/aliha1313/FUM6R-WS/install/moveit_6r/share/moveit_6r/config/moveit_controllers.yaml
[0.059s] -- Up-to-date: /home/aliha1313/FUM6R-WS/install/moveit_6r/share/moveit_6r/config/ros2_controllers.yaml
[0.059s] -- Up-to-date: /home/aliha1313/FUM6R-WS/install/moveit_6r/share/moveit_6r/config/pilz_cartesian_limits.yaml
[0.059s] -- Up-to-date: /home/aliha1313/FUM6R-WS/install/moveit_6r/share/moveit_6r/config/joint_limits.yaml
[0.059s] -- Up-to-date: /home/aliha1313/FUM6R-WS/install/moveit_6r/share/moveit_6r/config/fum6r_new_corsys.urdf.xacro
[0.059s] -- Up-to-date: /home/aliha1313/FUM6R-WS/install/moveit_6r/share/moveit_6r/config/moveit.rviz
[0.059s] -- Up-to-date: /home/aliha1313/FUM6R-WS/install/moveit_6r/share/moveit_6r/config/fum6r_new_corsys.ros2_control.xacro
[0.059s] -- Up-to-date: /home/aliha1313/FUM6R-WS/install/moveit_6r/share/moveit_6r/config/initial_positions.yaml
[0.059s] -- Up-to-date: /home/aliha1313/FUM6R-WS/install/moveit_6r/share/moveit_6r/config/fum6r_new_corsys.srdf
[0.060s] -- Up-to-date: /home/aliha1313/FUM6R-WS/install/moveit_6r/share/moveit_6r/config/kinematics.yaml
[0.060s] -- Up-to-date: /home/aliha1313/FUM6R-WS/install/moveit_6r/share/moveit_6r/config/sensors_3d.yaml
[0.060s] -- Up-to-date: /home/aliha1313/FUM6R-WS/install/moveit_6r/share/moveit_6r/.setup_assistant
[0.061s] Invoked command in '/home/aliha1313/FUM6R-WS/build/moveit_6r' returned '0': AMENT_PREFIX_PATH=/home/aliha1313/FUM6R-WS/install/ros2_control_bringup:/home/aliha1313/FUM6R-WS/install/moveit_6r:/home/aliha1313/FUM6R-WS/install/ros2_control_bringing_up:/home/aliha1313/FUM6R-WS/install/pidcontrollerpkg:/home/aliha1313/FUM6R-WS/install/motion_planning:/home/aliha1313/pymoveit2/install:/opt/ros/humble CMAKE_PREFIX_PATH=${CMAKE_PREFIX_PATH}:/home/aliha1313/FUM6R-WS/install/ros2_control_bringup:/home/aliha1313/FUM6R-WS/install/ros2_control_bringing_up:/home/aliha1313/FUM6R-WS/install/pidcontrollerpkg:/opt/ros/humble /usr/bin/cmake --install /home/aliha1313/FUM6R-WS/build/moveit_6r
