[0.376s] Invoking command in '/home/aliha1313/FUM6R-WS/build/motion_planning': CMAKE_PREFIX_PATH=${CMAKE_PREFIX_PATH}:/home/aliha1313/FUM6R-WS/install/ros2_control_bringup:/home/aliha1313/FUM6R-WS/install/ros2_control_bringing_up:/home/aliha1313/FUM6R-WS/install/pidcontrollerpkg:/opt/ros/humble /usr/bin/cmake --build /home/aliha1313/FUM6R-WS/build/motion_planning -- -j12 -l12
[0.443s] [ 66%] [32mBuilding CXX object CMakeFiles/position_target.dir/src/position_target.cpp.o[0m
[0.443s] [ 83%] Built target position_subscriber
[0.444s] [ 83%] Built target waypoints_target
[9.633s] [100%] [32m[1mLinking CXX executable position_target[0m
[10.046s] [100%] Built target position_target
[10.058s] Invoked command in '/home/aliha1313/FUM6R-WS/build/motion_planning' returned '0': CMAKE_PREFIX_PATH=${CMAKE_PREFIX_PATH}:/home/aliha1313/FUM6R-WS/install/ros2_control_bringup:/home/aliha1313/FUM6R-WS/install/ros2_control_bringing_up:/home/aliha1313/FUM6R-WS/install/pidcontrollerpkg:/opt/ros/humble /usr/bin/cmake --build /home/aliha1313/FUM6R-WS/build/motion_planning -- -j12 -l12
[10.090s] Invoking command in '/home/aliha1313/FUM6R-WS/build/motion_planning': CMAKE_PREFIX_PATH=${CMAKE_PREFIX_PATH}:/home/aliha1313/FUM6R-WS/install/ros2_control_bringup:/home/aliha1313/FUM6R-WS/install/ros2_control_bringing_up:/home/aliha1313/FUM6R-WS/install/pidcontrollerpkg:/opt/ros/humble /usr/bin/cmake --install /home/aliha1313/FUM6R-WS/build/motion_planning
[10.101s] -- Install configuration: ""
[10.101s] -- Installing: /home/aliha1313/FUM6R-WS/install/motion_planning/lib/motion_planning/position_target
[10.102s] -- Set runtime path of "/home/aliha1313/FUM6R-WS/install/motion_planning/lib/motion_planning/position_target" to ""
[10.103s] -- Up-to-date: /home/aliha1313/FUM6R-WS/install/motion_planning/lib/motion_planning/position_subscriber
[10.103s] -- Up-to-date: /home/aliha1313/FUM6R-WS/install/motion_planning/lib/motion_planning/waypoints_target
[10.103s] -- Up-to-date: /home/aliha1313/FUM6R-WS/install/motion_planning/share/ament_index/resource_index/package_run_dependencies/motion_planning
[10.103s] -- Up-to-date: /home/aliha1313/FUM6R-WS/install/motion_planning/share/ament_index/resource_index/parent_prefix_path/motion_planning
[10.104s] -- Up-to-date: /home/aliha1313/FUM6R-WS/install/motion_planning/share/motion_planning/environment/ament_prefix_path.sh
[10.104s] -- Up-to-date: /home/aliha1313/FUM6R-WS/install/motion_planning/share/motion_planning/environment/ament_prefix_path.dsv
[10.104s] -- Up-to-date: /home/aliha1313/FUM6R-WS/install/motion_planning/share/motion_planning/environment/path.sh
[10.104s] -- Up-to-date: /home/aliha1313/FUM6R-WS/install/motion_planning/share/motion_planning/environment/path.dsv
[10.104s] -- Up-to-date: /home/aliha1313/FUM6R-WS/install/motion_planning/share/motion_planning/local_setup.bash
[10.104s] -- Up-to-date: /home/aliha1313/FUM6R-WS/install/motion_planning/share/motion_planning/local_setup.sh
[10.105s] -- Up-to-date: /home/aliha1313/FUM6R-WS/install/motion_planning/share/motion_planning/local_setup.zsh
[10.105s] -- Up-to-date: /home/aliha1313/FUM6R-WS/install/motion_planning/share/motion_planning/local_setup.dsv
[10.105s] -- Installing: /home/aliha1313/FUM6R-WS/install/motion_planning/share/motion_planning/package.dsv
[10.105s] -- Up-to-date: /home/aliha1313/FUM6R-WS/install/motion_planning/share/ament_index/resource_index/packages/motion_planning
[10.105s] -- Up-to-date: /home/aliha1313/FUM6R-WS/install/motion_planning/share/motion_planning/cmake/motion_planningConfig.cmake
[10.105s] -- Up-to-date: /home/aliha1313/FUM6R-WS/install/motion_planning/share/motion_planning/cmake/motion_planningConfig-version.cmake
[10.105s] -- Up-to-date: /home/aliha1313/FUM6R-WS/install/motion_planning/share/motion_planning/package.xml
[10.107s] Invoked command in '/home/aliha1313/FUM6R-WS/build/motion_planning' returned '0': CMAKE_PREFIX_PATH=${CMAKE_PREFIX_PATH}:/home/aliha1313/FUM6R-WS/install/ros2_control_bringup:/home/aliha1313/FUM6R-WS/install/ros2_control_bringing_up:/home/aliha1313/FUM6R-WS/install/pidcontrollerpkg:/opt/ros/humble /usr/bin/cmake --install /home/aliha1313/FUM6R-WS/build/motion_planning
