[0.006s] Invoking command in '/home/aliha1313/FUM6R-WS/build/moveit_fum6r': AMENT_PREFIX_PATH=/home/aliha1313/FUM6R-WS/install/ros2_control_bringup:/home/aliha1313/FUM6R-WS/install/moveit_6r:/home/aliha1313/FUM6R-WS/install/ros2_control_bringing_up:/home/aliha1313/FUM6R-WS/install/pidcontrollerpkg:/home/aliha1313/FUM6R-WS/install/motion_planning:/home/aliha1313/pymoveit2/install:/opt/ros/humble CMAKE_PREFIX_PATH=${CMAKE_PREFIX_PATH}:/home/aliha1313/FUM6R-WS/install/ros2_control_bringup:/home/aliha1313/FUM6R-WS/install/ros2_control_bringing_up:/home/aliha1313/FUM6R-WS/install/pidcontrollerpkg:/opt/ros/humble /usr/bin/cmake /home/aliha1313/FUM6R-WS/src/moveit_fum6r -DCMAKE_INSTALL_PREFIX=/home/aliha1313/FUM6R-WS/install/moveit_fum6r
[0.086s] -- The C compiler identification is GNU 11.4.0
[0.155s] -- The CXX compiler identification is GNU 11.4.0
[0.164s] -- Detecting C compiler ABI info
[0.215s] -- Detecting C compiler ABI info - done
[0.221s] -- Check for working C compiler: /usr/bin/cc - skipped
[0.222s] -- Detecting C compile features
[0.222s] -- Detecting C compile features - done
[0.225s] -- Detecting CXX compiler ABI info
[0.283s] -- Detecting CXX compiler ABI info - done
[0.289s] -- Check for working CXX compiler: /usr/bin/c++ - skipped
[0.289s] -- Detecting CXX compile features
[0.290s] -- Detecting CXX compile features - done
[0.293s] -- Found ament_cmake: 1.3.8 (/opt/ros/humble/share/ament_cmake/cmake)
[0.417s] -- Found Python3: /usr/bin/python3 (found version "3.10.12") found components: Interpreter 
[0.555s] -- Configuring done
[0.557s] -- Generating done
[0.558s] -- Build files have been written to: /home/aliha1313/FUM6R-WS/build/moveit_fum6r
[0.562s] Invoked command in '/home/aliha1313/FUM6R-WS/build/moveit_fum6r' returned '0': AMENT_PREFIX_PATH=/home/aliha1313/FUM6R-WS/install/ros2_control_bringup:/home/aliha1313/FUM6R-WS/install/moveit_6r:/home/aliha1313/FUM6R-WS/install/ros2_control_bringing_up:/home/aliha1313/FUM6R-WS/install/pidcontrollerpkg:/home/aliha1313/FUM6R-WS/install/motion_planning:/home/aliha1313/pymoveit2/install:/opt/ros/humble CMAKE_PREFIX_PATH=${CMAKE_PREFIX_PATH}:/home/aliha1313/FUM6R-WS/install/ros2_control_bringup:/home/aliha1313/FUM6R-WS/install/ros2_control_bringing_up:/home/aliha1313/FUM6R-WS/install/pidcontrollerpkg:/opt/ros/humble /usr/bin/cmake /home/aliha1313/FUM6R-WS/src/moveit_fum6r -DCMAKE_INSTALL_PREFIX=/home/aliha1313/FUM6R-WS/install/moveit_fum6r
[0.564s] Invoking command in '/home/aliha1313/FUM6R-WS/build/moveit_fum6r': AMENT_PREFIX_PATH=/home/aliha1313/FUM6R-WS/install/ros2_control_bringup:/home/aliha1313/FUM6R-WS/install/moveit_6r:/home/aliha1313/FUM6R-WS/install/ros2_control_bringing_up:/home/aliha1313/FUM6R-WS/install/pidcontrollerpkg:/home/aliha1313/FUM6R-WS/install/motion_planning:/home/aliha1313/pymoveit2/install:/opt/ros/humble CMAKE_PREFIX_PATH=${CMAKE_PREFIX_PATH}:/home/aliha1313/FUM6R-WS/install/ros2_control_bringup:/home/aliha1313/FUM6R-WS/install/ros2_control_bringing_up:/home/aliha1313/FUM6R-WS/install/pidcontrollerpkg:/opt/ros/humble /usr/bin/cmake --build /home/aliha1313/FUM6R-WS/build/moveit_fum6r -- -j12 -l12
[0.592s] Invoked command in '/home/aliha1313/FUM6R-WS/build/moveit_fum6r' returned '0': AMENT_PREFIX_PATH=/home/aliha1313/FUM6R-WS/install/ros2_control_bringup:/home/aliha1313/FUM6R-WS/install/moveit_6r:/home/aliha1313/FUM6R-WS/install/ros2_control_bringing_up:/home/aliha1313/FUM6R-WS/install/pidcontrollerpkg:/home/aliha1313/FUM6R-WS/install/motion_planning:/home/aliha1313/pymoveit2/install:/opt/ros/humble CMAKE_PREFIX_PATH=${CMAKE_PREFIX_PATH}:/home/aliha1313/FUM6R-WS/install/ros2_control_bringup:/home/aliha1313/FUM6R-WS/install/ros2_control_bringing_up:/home/aliha1313/FUM6R-WS/install/pidcontrollerpkg:/opt/ros/humble /usr/bin/cmake --build /home/aliha1313/FUM6R-WS/build/moveit_fum6r -- -j12 -l12
[0.608s] Invoking command in '/home/aliha1313/FUM6R-WS/build/moveit_fum6r': AMENT_PREFIX_PATH=/home/aliha1313/FUM6R-WS/install/ros2_control_bringup:/home/aliha1313/FUM6R-WS/install/moveit_6r:/home/aliha1313/FUM6R-WS/install/ros2_control_bringing_up:/home/aliha1313/FUM6R-WS/install/pidcontrollerpkg:/home/aliha1313/FUM6R-WS/install/motion_planning:/home/aliha1313/pymoveit2/install:/opt/ros/humble CMAKE_PREFIX_PATH=${CMAKE_PREFIX_PATH}:/home/aliha1313/FUM6R-WS/install/ros2_control_bringup:/home/aliha1313/FUM6R-WS/install/ros2_control_bringing_up:/home/aliha1313/FUM6R-WS/install/pidcontrollerpkg:/opt/ros/humble /usr/bin/cmake --install /home/aliha1313/FUM6R-WS/build/moveit_fum6r
[0.614s] -- Install configuration: ""
[0.614s] -- Installing: /home/aliha1313/FUM6R-WS/install/moveit_fum6r/share/ament_index/resource_index/package_run_dependencies/moveit_fum6r
[0.614s] -- Installing: /home/aliha1313/FUM6R-WS/install/moveit_fum6r/share/ament_index/resource_index/parent_prefix_path/moveit_fum6r
[0.614s] -- Installing: /home/aliha1313/FUM6R-WS/install/moveit_fum6r/share/moveit_fum6r/environment/ament_prefix_path.sh
[0.614s] -- Installing: /home/aliha1313/FUM6R-WS/install/moveit_fum6r/share/moveit_fum6r/environment/ament_prefix_path.dsv
[0.615s] -- Installing: /home/aliha1313/FUM6R-WS/install/moveit_fum6r/share/moveit_fum6r/environment/path.sh
[0.615s] -- Installing: /home/aliha1313/FUM6R-WS/install/moveit_fum6r/share/moveit_fum6r/environment/path.dsv
[0.615s] -- Installing: /home/aliha1313/FUM6R-WS/install/moveit_fum6r/share/moveit_fum6r/local_setup.bash
[0.615s] -- Installing: /home/aliha1313/FUM6R-WS/install/moveit_fum6r/share/moveit_fum6r/local_setup.sh
[0.615s] -- Installing: /home/aliha1313/FUM6R-WS/install/moveit_fum6r/share/moveit_fum6r/local_setup.zsh
[0.615s] -- Installing: /home/aliha1313/FUM6R-WS/install/moveit_fum6r/share/moveit_fum6r/local_setup.dsv
[0.615s] -- Installing: /home/aliha1313/FUM6R-WS/install/moveit_fum6r/share/moveit_fum6r/package.dsv
[0.615s] -- Installing: /home/aliha1313/FUM6R-WS/install/moveit_fum6r/share/ament_index/resource_index/packages/moveit_fum6r
[0.615s] -- Installing: /home/aliha1313/FUM6R-WS/install/moveit_fum6r/share/moveit_fum6r/cmake/moveit_fum6rConfig.cmake
[0.616s] -- Installing: /home/aliha1313/FUM6R-WS/install/moveit_fum6r/share/moveit_fum6r/cmake/moveit_fum6rConfig-version.cmake
[0.616s] -- Installing: /home/aliha1313/FUM6R-WS/install/moveit_fum6r/share/moveit_fum6r/package.xml
[0.616s] -- Installing: /home/aliha1313/FUM6R-WS/install/moveit_fum6r/share/moveit_fum6r/launch
[0.616s] -- Installing: /home/aliha1313/FUM6R-WS/install/moveit_fum6r/share/moveit_fum6r/launch/static_virtual_joint_tfs.launch.py
[0.616s] -- Installing: /home/aliha1313/FUM6R-WS/install/moveit_fum6r/share/moveit_fum6r/launch/demo.launch.py
[0.616s] -- Installing: /home/aliha1313/FUM6R-WS/install/moveit_fum6r/share/moveit_fum6r/launch/setup_assistant.launch.py
[0.616s] -- Installing: /home/aliha1313/FUM6R-WS/install/moveit_fum6r/share/moveit_fum6r/launch/spawn_controllers.launch.py
[0.616s] -- Installing: /home/aliha1313/FUM6R-WS/install/moveit_fum6r/share/moveit_fum6r/launch/moveit_rviz.launch.py
[0.616s] -- Installing: /home/aliha1313/FUM6R-WS/install/moveit_fum6r/share/moveit_fum6r/launch/warehouse_db.launch.py
[0.616s] -- Installing: /home/aliha1313/FUM6R-WS/install/moveit_fum6r/share/moveit_fum6r/launch/move_group.launch.py
[0.616s] -- Installing: /home/aliha1313/FUM6R-WS/install/moveit_fum6r/share/moveit_fum6r/launch/rsp.launch.py
[0.616s] -- Installing: /home/aliha1313/FUM6R-WS/install/moveit_fum6r/share/moveit_fum6r/config
[0.616s] -- Installing: /home/aliha1313/FUM6R-WS/install/moveit_fum6r/share/moveit_fum6r/config/moveit_controllers.yaml
[0.617s] -- Installing: /home/aliha1313/FUM6R-WS/install/moveit_fum6r/share/moveit_fum6r/config/ros2_controllers.yaml
[0.617s] -- Installing: /home/aliha1313/FUM6R-WS/install/moveit_fum6r/share/moveit_fum6r/config/pilz_cartesian_limits.yaml
[0.617s] -- Installing: /home/aliha1313/FUM6R-WS/install/moveit_fum6r/share/moveit_fum6r/config/joint_limits.yaml
[0.617s] -- Installing: /home/aliha1313/FUM6R-WS/install/moveit_fum6r/share/moveit_fum6r/config/fum6r_new_corsys.urdf.xacro
[0.617s] -- Installing: /home/aliha1313/FUM6R-WS/install/moveit_fum6r/share/moveit_fum6r/config/moveit.rviz
[0.617s] -- Installing: /home/aliha1313/FUM6R-WS/install/moveit_fum6r/share/moveit_fum6r/config/fum6r_new_corsys.ros2_control.xacro
[0.617s] -- Installing: /home/aliha1313/FUM6R-WS/install/moveit_fum6r/share/moveit_fum6r/config/initial_positions.yaml
[0.617s] -- Installing: /home/aliha1313/FUM6R-WS/install/moveit_fum6r/share/moveit_fum6r/config/fum6r_new_corsys.srdf
[0.617s] -- Installing: /home/aliha1313/FUM6R-WS/install/moveit_fum6r/share/moveit_fum6r/config/kinematics.yaml
[0.617s] -- Installing: /home/aliha1313/FUM6R-WS/install/moveit_fum6r/share/moveit_fum6r/config/sensors_3d.yaml
[0.617s] -- Installing: /home/aliha1313/FUM6R-WS/install/moveit_fum6r/share/moveit_fum6r/.setup_assistant
[0.619s] Invoked command in '/home/aliha1313/FUM6R-WS/build/moveit_fum6r' returned '0': AMENT_PREFIX_PATH=/home/aliha1313/FUM6R-WS/install/ros2_control_bringup:/home/aliha1313/FUM6R-WS/install/moveit_6r:/home/aliha1313/FUM6R-WS/install/ros2_control_bringing_up:/home/aliha1313/FUM6R-WS/install/pidcontrollerpkg:/home/aliha1313/FUM6R-WS/install/motion_planning:/home/aliha1313/pymoveit2/install:/opt/ros/humble CMAKE_PREFIX_PATH=${CMAKE_PREFIX_PATH}:/home/aliha1313/FUM6R-WS/install/ros2_control_bringup:/home/aliha1313/FUM6R-WS/install/ros2_control_bringing_up:/home/aliha1313/FUM6R-WS/install/pidcontrollerpkg:/opt/ros/humble /usr/bin/cmake --install /home/aliha1313/FUM6R-WS/build/moveit_fum6r
