/home/aliha1313/FUM6R-WS/install/pidcontrollerpkg/lib/python3.10/site-packages/pidcontrollerpkg/PSO_Obs.py
/home/aliha1313/FUM6R-WS/install/pidcontrollerpkg/lib/python3.10/site-packages/pidcontrollerpkg/PSO_Plotter.py
/home/aliha1313/FUM6R-WS/install/pidcontrollerpkg/lib/python3.10/site-packages/pidcontrollerpkg/PID_controller_2.py
/home/aliha1313/FUM6R-WS/install/pidcontrollerpkg/lib/python3.10/site-packages/pidcontrollerpkg/PidOptAll_V6.py
/home/aliha1313/FUM6R-WS/install/pidcontrollerpkg/lib/python3.10/site-packages/pidcontrollerpkg/fitness.py
/home/aliha1313/FUM6R-WS/install/pidcontrollerpkg/lib/python3.10/site-packages/pidcontrollerpkg/set_Tourqe.py
/home/aliha1313/FUM6R-WS/install/pidcontrollerpkg/lib/python3.10/site-packages/pidcontrollerpkg/pso.py
/home/aliha1313/FUM6R-WS/install/pidcontrollerpkg/lib/python3.10/site-packages/pidcontrollerpkg/PSO_CreatModel.py
/home/aliha1313/FUM6R-WS/install/pidcontrollerpkg/lib/python3.10/site-packages/pidcontrollerpkg/test.py
/home/aliha1313/FUM6R-WS/install/pidcontrollerpkg/lib/python3.10/site-packages/pidcontrollerpkg/set_sine_tourqe.py
/home/aliha1313/FUM6R-WS/install/pidcontrollerpkg/lib/python3.10/site-packages/pidcontrollerpkg/set_Tourqe_AN.py
/home/aliha1313/FUM6R-WS/install/pidcontrollerpkg/lib/python3.10/site-packages/pidcontrollerpkg/pso_algorithm.py
/home/aliha1313/FUM6R-WS/install/pidcontrollerpkg/lib/python3.10/site-packages/pidcontrollerpkg/PID_controller_1.py
/home/aliha1313/FUM6R-WS/install/pidcontrollerpkg/lib/python3.10/site-packages/pidcontrollerpkg/__init__.py
/home/aliha1313/FUM6R-WS/install/pidcontrollerpkg/lib/python3.10/site-packages/pidcontrollerpkg/fk6r.py
/home/aliha1313/FUM6R-WS/install/pidcontrollerpkg/lib/python3.10/site-packages/pidcontrollerpkg/invkin.py
/home/aliha1313/FUM6R-WS/install/pidcontrollerpkg/lib/python3.10/site-packages/pidcontrollerpkg/inverse_kinematics.py
/home/aliha1313/FUM6R-WS/install/pidcontrollerpkg/lib/python3.10/site-packages/pidcontrollerpkg/PID_controller_Inv.py
/home/aliha1313/FUM6R-WS/install/pidcontrollerpkg/lib/python3.10/site-packages/pidcontrollerpkg/sevenseg/test.py
/home/aliha1313/FUM6R-WS/install/pidcontrollerpkg/lib/python3.10/site-packages/pidcontrollerpkg/sevenseg/seven_segment_trajectory.py
/home/aliha1313/FUM6R-WS/install/pidcontrollerpkg/lib/python3.10/site-packages/pidcontrollerpkg/sevenseg/__init__.py
/home/aliha1313/FUM6R-WS/install/pidcontrollerpkg/lib/python3.10/site-packages/pidcontrollerpkg/__pycache__/PSO_Obs.cpython-310.pyc
/home/aliha1313/FUM6R-WS/install/pidcontrollerpkg/lib/python3.10/site-packages/pidcontrollerpkg/__pycache__/PSO_Plotter.cpython-310.pyc
/home/aliha1313/FUM6R-WS/install/pidcontrollerpkg/lib/python3.10/site-packages/pidcontrollerpkg/__pycache__/PID_controller_2.cpython-310.pyc
/home/aliha1313/FUM6R-WS/install/pidcontrollerpkg/lib/python3.10/site-packages/pidcontrollerpkg/__pycache__/PidOptAll_V6.cpython-310.pyc
/home/aliha1313/FUM6R-WS/install/pidcontrollerpkg/lib/python3.10/site-packages/pidcontrollerpkg/__pycache__/fitness.cpython-310.pyc
/home/aliha1313/FUM6R-WS/install/pidcontrollerpkg/lib/python3.10/site-packages/pidcontrollerpkg/__pycache__/set_Tourqe.cpython-310.pyc
/home/aliha1313/FUM6R-WS/install/pidcontrollerpkg/lib/python3.10/site-packages/pidcontrollerpkg/__pycache__/pso.cpython-310.pyc
/home/aliha1313/FUM6R-WS/install/pidcontrollerpkg/lib/python3.10/site-packages/pidcontrollerpkg/__pycache__/PSO_CreatModel.cpython-310.pyc
/home/aliha1313/FUM6R-WS/install/pidcontrollerpkg/lib/python3.10/site-packages/pidcontrollerpkg/__pycache__/test.cpython-310.pyc
/home/aliha1313/FUM6R-WS/install/pidcontrollerpkg/lib/python3.10/site-packages/pidcontrollerpkg/__pycache__/set_sine_tourqe.cpython-310.pyc
/home/aliha1313/FUM6R-WS/install/pidcontrollerpkg/lib/python3.10/site-packages/pidcontrollerpkg/__pycache__/set_Tourqe_AN.cpython-310.pyc
/home/aliha1313/FUM6R-WS/install/pidcontrollerpkg/lib/python3.10/site-packages/pidcontrollerpkg/__pycache__/pso_algorithm.cpython-310.pyc
/home/aliha1313/FUM6R-WS/install/pidcontrollerpkg/lib/python3.10/site-packages/pidcontrollerpkg/__pycache__/PID_controller_1.cpython-310.pyc
/home/aliha1313/FUM6R-WS/install/pidcontrollerpkg/lib/python3.10/site-packages/pidcontrollerpkg/__pycache__/__init__.cpython-310.pyc
/home/aliha1313/FUM6R-WS/install/pidcontrollerpkg/lib/python3.10/site-packages/pidcontrollerpkg/__pycache__/fk6r.cpython-310.pyc
/home/aliha1313/FUM6R-WS/install/pidcontrollerpkg/lib/python3.10/site-packages/pidcontrollerpkg/__pycache__/invkin.cpython-310.pyc
/home/aliha1313/FUM6R-WS/install/pidcontrollerpkg/lib/python3.10/site-packages/pidcontrollerpkg/__pycache__/inverse_kinematics.cpython-310.pyc
/home/aliha1313/FUM6R-WS/install/pidcontrollerpkg/lib/python3.10/site-packages/pidcontrollerpkg/__pycache__/PID_controller_Inv.cpython-310.pyc
/home/aliha1313/FUM6R-WS/install/pidcontrollerpkg/lib/python3.10/site-packages/pidcontrollerpkg/sevenseg/__pycache__/test.cpython-310.pyc
/home/aliha1313/FUM6R-WS/install/pidcontrollerpkg/lib/python3.10/site-packages/pidcontrollerpkg/sevenseg/__pycache__/seven_segment_trajectory.cpython-310.pyc
/home/aliha1313/FUM6R-WS/install/pidcontrollerpkg/lib/python3.10/site-packages/pidcontrollerpkg/sevenseg/__pycache__/__init__.cpython-310.pyc
/home/aliha1313/FUM6R-WS/install/pidcontrollerpkg/share/ament_index/resource_index/packages/pidcontrollerpkg
/home/aliha1313/FUM6R-WS/install/pidcontrollerpkg/share/pidcontrollerpkg/package.xml
/home/aliha1313/FUM6R-WS/install/pidcontrollerpkg/lib/python3.10/site-packages/pidcontrollerpkg-0.0.0-py3.10.egg-info/PKG-INFO
/home/aliha1313/FUM6R-WS/install/pidcontrollerpkg/lib/python3.10/site-packages/pidcontrollerpkg-0.0.0-py3.10.egg-info/requires.txt
/home/aliha1313/FUM6R-WS/install/pidcontrollerpkg/lib/python3.10/site-packages/pidcontrollerpkg-0.0.0-py3.10.egg-info/entry_points.txt
/home/aliha1313/FUM6R-WS/install/pidcontrollerpkg/lib/python3.10/site-packages/pidcontrollerpkg-0.0.0-py3.10.egg-info/zip-safe
/home/aliha1313/FUM6R-WS/install/pidcontrollerpkg/lib/python3.10/site-packages/pidcontrollerpkg-0.0.0-py3.10.egg-info/SOURCES.txt
/home/aliha1313/FUM6R-WS/install/pidcontrollerpkg/lib/python3.10/site-packages/pidcontrollerpkg-0.0.0-py3.10.egg-info/top_level.txt
/home/aliha1313/FUM6R-WS/install/pidcontrollerpkg/lib/python3.10/site-packages/pidcontrollerpkg-0.0.0-py3.10.egg-info/dependency_links.txt
/home/aliha1313/FUM6R-WS/install/pidcontrollerpkg/lib/pidcontrollerpkg/pidinv
/home/aliha1313/FUM6R-WS/install/pidcontrollerpkg/lib/pidcontrollerpkg/pidnode1
/home/aliha1313/FUM6R-WS/install/pidcontrollerpkg/lib/pidcontrollerpkg/pidnode2
/home/aliha1313/FUM6R-WS/install/pidcontrollerpkg/lib/pidcontrollerpkg/pidnode3
/home/aliha1313/FUM6R-WS/install/pidcontrollerpkg/lib/pidcontrollerpkg/settorque
