/home/aliha1313/FUM6R-WS/install/ros2_control_bringing_up/lib/python3.10/site-packages/ros2_control_bringing_up/controller_test.py
/home/aliha1313/FUM6R-WS/install/ros2_control_bringing_up/lib/python3.10/site-packages/ros2_control_bringing_up/p3dtest.py
/home/aliha1313/FUM6R-WS/install/ros2_control_bringing_up/lib/python3.10/site-packages/ros2_control_bringing_up/controller_Inv_test.py
/home/aliha1313/FUM6R-WS/install/ros2_control_bringing_up/lib/python3.10/site-packages/ros2_control_bringing_up/__init__.py
/home/aliha1313/FUM6R-WS/install/ros2_control_bringing_up/lib/python3.10/site-packages/ros2_control_bringing_up/inverse_kinematics.py
/home/aliha1313/FUM6R-WS/install/ros2_control_bringing_up/lib/python3.10/site-packages/ros2_control_bringing_up/position_publisher.py
/home/aliha1313/FUM6R-WS/install/ros2_control_bringing_up/lib/python3.10/site-packages/ros2_control_bringing_up/__pycache__/controller_test.cpython-310.pyc
/home/aliha1313/FUM6R-WS/install/ros2_control_bringing_up/lib/python3.10/site-packages/ros2_control_bringing_up/__pycache__/p3dtest.cpython-310.pyc
/home/aliha1313/FUM6R-WS/install/ros2_control_bringing_up/lib/python3.10/site-packages/ros2_control_bringing_up/__pycache__/controller_Inv_test.cpython-310.pyc
/home/aliha1313/FUM6R-WS/install/ros2_control_bringing_up/lib/python3.10/site-packages/ros2_control_bringing_up/__pycache__/__init__.cpython-310.pyc
/home/aliha1313/FUM6R-WS/install/ros2_control_bringing_up/lib/python3.10/site-packages/ros2_control_bringing_up/__pycache__/inverse_kinematics.cpython-310.pyc
/home/aliha1313/FUM6R-WS/install/ros2_control_bringing_up/lib/python3.10/site-packages/ros2_control_bringing_up/__pycache__/position_publisher.cpython-310.pyc
/home/aliha1313/FUM6R-WS/install/ros2_control_bringing_up/share/ament_index/resource_index/packages/ros2_control_bringing_up
/home/aliha1313/FUM6R-WS/install/ros2_control_bringing_up/share/ros2_control_bringing_up/package.xml
/home/aliha1313/FUM6R-WS/install/ros2_control_bringing_up/share/ros2_control_bringing_up/launch/position_publish.launch.py
/home/aliha1313/FUM6R-WS/install/ros2_control_bringing_up/share/ros2_control_bringing_up/launch/rviz.launch.py
/home/aliha1313/FUM6R-WS/install/ros2_control_bringing_up/share/ros2_control_bringing_up/launch/ros_con.launch.py
/home/aliha1313/FUM6R-WS/install/ros2_control_bringing_up/share/ros2_control_bringing_up/launch/webots.launch.py
/home/aliha1313/FUM6R-WS/install/ros2_control_bringing_up/share/ros2_control_bringing_up/launch/roscontrol.launch.py
/home/aliha1313/FUM6R-WS/install/ros2_control_bringing_up/share/ros2_control_bringing_up/launch/gazebo.launch.py
/home/aliha1313/FUM6R-WS/install/ros2_control_bringing_up/share/ros2_control_bringing_up/launch/controller.launch.py
/home/aliha1313/FUM6R-WS/install/ros2_control_bringing_up/share/ros2_control_bringing_up/urdf/fum6r_new_position.urdf
/home/aliha1313/FUM6R-WS/install/ros2_control_bringing_up/share/ros2_control_bringing_up/urdf/fum6r_new_corsys.urdf.xacro
/home/aliha1313/FUM6R-WS/install/ros2_control_bringing_up/share/ros2_control_bringing_up/urdf/fum6r.urdf
/home/aliha1313/FUM6R-WS/install/ros2_control_bringing_up/share/ros2_control_bringing_up/urdf/FUM6R(1).urdf
/home/aliha1313/FUM6R-WS/install/ros2_control_bringing_up/share/ros2_control_bringing_up/urdf/fum6r_new_corsys.urdf
/home/aliha1313/FUM6R-WS/install/ros2_control_bringing_up/share/ros2_control_bringing_up/urdf/FUM6R_u.urdf
/home/aliha1313/FUM6R-WS/install/ros2_control_bringing_up/share/ros2_control_bringing_up/config/jtcPID.yaml
/home/aliha1313/FUM6R-WS/install/ros2_control_bringing_up/share/ros2_control_bringing_up/config/jtc.yaml
/home/aliha1313/FUM6R-WS/install/ros2_control_bringing_up/share/ros2_control_bringing_up/config/jtc_position.yaml
/home/aliha1313/FUM6R-WS/install/ros2_control_bringing_up/share/ros2_control_bringing_up/world/FUM6R_u.world
/home/aliha1313/FUM6R-WS/install/ros2_control_bringing_up/share/ros2_control_bringing_up/world/my_world.wbt
/home/aliha1313/FUM6R-WS/install/ros2_control_bringing_up/lib/python3.10/site-packages/ros2_control_bringing_up-0.0.0-py3.10.egg-info/PKG-INFO
/home/aliha1313/FUM6R-WS/install/ros2_control_bringing_up/lib/python3.10/site-packages/ros2_control_bringing_up-0.0.0-py3.10.egg-info/requires.txt
/home/aliha1313/FUM6R-WS/install/ros2_control_bringing_up/lib/python3.10/site-packages/ros2_control_bringing_up-0.0.0-py3.10.egg-info/entry_points.txt
/home/aliha1313/FUM6R-WS/install/ros2_control_bringing_up/lib/python3.10/site-packages/ros2_control_bringing_up-0.0.0-py3.10.egg-info/zip-safe
/home/aliha1313/FUM6R-WS/install/ros2_control_bringing_up/lib/python3.10/site-packages/ros2_control_bringing_up-0.0.0-py3.10.egg-info/SOURCES.txt
/home/aliha1313/FUM6R-WS/install/ros2_control_bringing_up/lib/python3.10/site-packages/ros2_control_bringing_up-0.0.0-py3.10.egg-info/top_level.txt
/home/aliha1313/FUM6R-WS/install/ros2_control_bringing_up/lib/python3.10/site-packages/ros2_control_bringing_up-0.0.0-py3.10.egg-info/dependency_links.txt
/home/aliha1313/FUM6R-WS/install/ros2_control_bringing_up/lib/ros2_control_bringing_up/CtrlInvTest
/home/aliha1313/FUM6R-WS/install/ros2_control_bringing_up/lib/ros2_control_bringing_up/CtrlTest
/home/aliha1313/FUM6R-WS/install/ros2_control_bringing_up/lib/ros2_control_bringing_up/P3DTest
/home/aliha1313/FUM6R-WS/install/ros2_control_bringing_up/lib/ros2_control_bringing_up/position_target
