-- Install configuration: ""
-- Up-to-date: /home/aliha1313/FUM6R-WS/install/moveit_fum6r/share/ament_index/resource_index/package_run_dependencies/moveit_fum6r
-- Up-to-date: /home/aliha1313/FUM6R-WS/install/moveit_fum6r/share/ament_index/resource_index/parent_prefix_path/moveit_fum6r
-- Up-to-date: /home/aliha1313/FUM6R-WS/install/moveit_fum6r/share/moveit_fum6r/environment/ament_prefix_path.sh
-- Up-to-date: /home/aliha1313/FUM6R-WS/install/moveit_fum6r/share/moveit_fum6r/environment/ament_prefix_path.dsv
-- Up-to-date: /home/aliha1313/FUM6R-WS/install/moveit_fum6r/share/moveit_fum6r/environment/path.sh
-- Up-to-date: /home/aliha1313/FUM6R-WS/install/moveit_fum6r/share/moveit_fum6r/environment/path.dsv
-- Up-to-date: /home/aliha1313/FUM6R-WS/install/moveit_fum6r/share/moveit_fum6r/local_setup.bash
-- Up-to-date: /home/aliha1313/FUM6R-WS/install/moveit_fum6r/share/moveit_fum6r/local_setup.sh
-- Up-to-date: /home/aliha1313/FUM6R-WS/install/moveit_fum6r/share/moveit_fum6r/local_setup.zsh
-- Up-to-date: /home/aliha1313/FUM6R-WS/install/moveit_fum6r/share/moveit_fum6r/local_setup.dsv
-- Installing: /home/aliha1313/FUM6R-WS/install/moveit_fum6r/share/moveit_fum6r/package.dsv
-- Up-to-date: /home/aliha1313/FUM6R-WS/install/moveit_fum6r/share/ament_index/resource_index/packages/moveit_fum6r
-- Up-to-date: /home/aliha1313/FUM6R-WS/install/moveit_fum6r/share/moveit_fum6r/cmake/moveit_fum6rConfig.cmake
-- Up-to-date: /home/aliha1313/FUM6R-WS/install/moveit_fum6r/share/moveit_fum6r/cmake/moveit_fum6rConfig-version.cmake
-- Up-to-date: /home/aliha1313/FUM6R-WS/install/moveit_fum6r/share/moveit_fum6r/package.xml
-- Up-to-date: /home/aliha1313/FUM6R-WS/install/moveit_fum6r/share/moveit_fum6r/launch
-- Up-to-date: /home/aliha1313/FUM6R-WS/install/moveit_fum6r/share/moveit_fum6r/launch/static_virtual_joint_tfs.launch.py
-- Up-to-date: /home/aliha1313/FUM6R-WS/install/moveit_fum6r/share/moveit_fum6r/launch/demo.launch.py
-- Up-to-date: /home/aliha1313/FUM6R-WS/install/moveit_fum6r/share/moveit_fum6r/launch/setup_assistant.launch.py
-- Up-to-date: /home/aliha1313/FUM6R-WS/install/moveit_fum6r/share/moveit_fum6r/launch/spawn_controllers.launch.py
-- Up-to-date: /home/aliha1313/FUM6R-WS/install/moveit_fum6r/share/moveit_fum6r/launch/moveit_rviz.launch.py
-- Up-to-date: /home/aliha1313/FUM6R-WS/install/moveit_fum6r/share/moveit_fum6r/launch/warehouse_db.launch.py
-- Up-to-date: /home/aliha1313/FUM6R-WS/install/moveit_fum6r/share/moveit_fum6r/launch/move_group.launch.py
-- Up-to-date: /home/aliha1313/FUM6R-WS/install/moveit_fum6r/share/moveit_fum6r/launch/rsp.launch.py
-- Up-to-date: /home/aliha1313/FUM6R-WS/install/moveit_fum6r/share/moveit_fum6r/config
-- Up-to-date: /home/aliha1313/FUM6R-WS/install/moveit_fum6r/share/moveit_fum6r/config/moveit_controllers.yaml
-- Up-to-date: /home/aliha1313/FUM6R-WS/install/moveit_fum6r/share/moveit_fum6r/config/ros2_controllers.yaml
-- Up-to-date: /home/aliha1313/FUM6R-WS/install/moveit_fum6r/share/moveit_fum6r/config/pilz_cartesian_limits.yaml
-- Up-to-date: /home/aliha1313/FUM6R-WS/install/moveit_fum6r/share/moveit_fum6r/config/joint_limits.yaml
-- Up-to-date: /home/aliha1313/FUM6R-WS/install/moveit_fum6r/share/moveit_fum6r/config/fum6r_new_corsys.urdf.xacro
-- Up-to-date: /home/aliha1313/FUM6R-WS/install/moveit_fum6r/share/moveit_fum6r/config/moveit.rviz
-- Installing: /home/aliha1313/FUM6R-WS/install/moveit_fum6r/share/moveit_fum6r/config/fum6r_new_corsys.ros2_control.xacro
-- Up-to-date: /home/aliha1313/FUM6R-WS/install/moveit_fum6r/share/moveit_fum6r/config/initial_positions.yaml
-- Up-to-date: /home/aliha1313/FUM6R-WS/install/moveit_fum6r/share/moveit_fum6r/config/fum6r_new_corsys.srdf
-- Up-to-date: /home/aliha1313/FUM6R-WS/install/moveit_fum6r/share/moveit_fum6r/config/kinematics.yaml
-- Up-to-date: /home/aliha1313/FUM6R-WS/install/moveit_fum6r/share/moveit_fum6r/config/sensors_3d.yaml
-- Up-to-date: /home/aliha1313/FUM6R-WS/install/moveit_fum6r/share/moveit_fum6r/.setup_assistant
