[0.483s] Invoking command in '/home/aliha1313/FUM6R-WS/build/ros_ign_gazebo_manager': CMAKE_PREFIX_PATH=${CMAKE_PREFIX_PATH}:/home/aliha1313/FUM6R-WS/install/ros2_control_bringup:/home/aliha1313/FUM6R-WS/install/ros2_control_bringing_up:/home/aliha1313/FUM6R-WS/install/pidcontrollerpkg:/opt/ros/humble /usr/bin/cmake /home/aliha1313/FUM6R-WS/src/ign_manager -DCMAKE_INSTALL_PREFIX=/home/aliha1313/FUM6R-WS/install/ros_ign_gazebo_manager
[0.492s] -- Found ament_cmake: 1.3.8 (/opt/ros/humble/share/ament_cmake/cmake)
[0.608s] -- Found rclcpp: 16.0.8 (/opt/ros/humble/share/rclcpp/cmake)
[0.633s] -- Found rosidl_generator_c: 3.1.5 (/opt/ros/humble/share/rosidl_generator_c/cmake)
[0.635s] -- Found rosidl_adapter: 3.1.5 (/opt/ros/humble/share/rosidl_adapter/cmake)
[0.640s] -- Found rosidl_generator_cpp: 3.1.5 (/opt/ros/humble/share/rosidl_generator_cpp/cmake)
[0.650s] -- Using all available rosidl_typesupport_c: rosidl_typesupport_fastrtps_c;rosidl_typesupport_introspection_c
[0.664s] -- Using all available rosidl_typesupport_cpp: rosidl_typesupport_fastrtps_cpp;rosidl_typesupport_introspection_cpp
[0.716s] -- Found rmw_implementation_cmake: 6.1.1 (/opt/ros/humble/share/rmw_implementation_cmake/cmake)
[0.717s] -- Found rmw_fastrtps_cpp: 6.2.6 (/opt/ros/humble/share/rmw_fastrtps_cpp/cmake)
[0.825s] -- Using RMW implementation 'rmw_fastrtps_cpp' as default
[0.979s] -- Found geometry_msgs: 4.2.3 (/opt/ros/humble/share/geometry_msgs/cmake)
[1.022s] -- Found ros_ign_bridge: 0.244.13 (/opt/ros/humble/share/ros_ign_bridge/cmake)
[1.954s] -- Found ros_ign_interfaces: 0.244.13 (/opt/ros/humble/share/ros_ign_interfaces/cmake)
[2.117s] [31mCMake Error at CMakeLists.txt:21 (find_package):
[2.118s]   By not providing "Findignition-gazebo5.cmake" in CMAKE_MODULE_PATH this
[2.118s]   project has asked CMake to find a package configuration file provided by
[2.118s]   "ignition-gazebo5", but CMake did not find one.
[2.118s] 
[2.118s]   Could not find a package configuration file provided by "ignition-gazebo5"
[2.118s]   with any of the following names:
[2.118s] 
[2.118s]     ignition-gazebo5Config.cmake
[2.118s]     ignition-gazebo5-config.cmake
[2.118s] 
[2.118s]   Add the installation prefix of "ignition-gazebo5" to CMAKE_PREFIX_PATH or
[2.118s]   set "ignition-gazebo5_DIR" to a directory containing one of the above
[2.118s]   files.  If "ignition-gazebo5" provides a separate development package or
[2.118s]   SDK, be sure it has been installed.
[2.118s] 
[2.118s] [0m
[2.118s] -- Configuring incomplete, errors occurred!
[2.118s] See also "/home/aliha1313/FUM6R-WS/build/ros_ign_gazebo_manager/CMakeFiles/CMakeOutput.log".
[2.127s] Invoked command in '/home/aliha1313/FUM6R-WS/build/ros_ign_gazebo_manager' returned '1': CMAKE_PREFIX_PATH=${CMAKE_PREFIX_PATH}:/home/aliha1313/FUM6R-WS/install/ros2_control_bringup:/home/aliha1313/FUM6R-WS/install/ros2_control_bringing_up:/home/aliha1313/FUM6R-WS/install/pidcontrollerpkg:/opt/ros/humble /usr/bin/cmake /home/aliha1313/FUM6R-WS/src/ign_manager -DCMAKE_INSTALL_PREFIX=/home/aliha1313/FUM6R-WS/install/ros_ign_gazebo_manager
