[1.154s] Invoking command in '/home/aliha1313/FUM6R-WS/src/ros2_control_bringup': PYTHONPATH=/home/aliha1313/FUM6R-WS/build/ros2_control_bringup/prefix_override:/home/aliha1313/FUM6R-WS/install/ros2_control_bringup/lib/python3.10/site-packages:${PYTHONPATH} /usr/bin/python3 -W ignore:setup.py install is deprecated setup.py egg_info --egg-base ../../build/ros2_control_bringup build --build-base /home/aliha1313/FUM6R-WS/build/ros2_control_bringup/build install --record /home/aliha1313/FUM6R-WS/build/ros2_control_bringup/install.log --install-scripts $base/lib/ros2_control_bringup --single-version-externally-managed install_data
[1.456s] /usr/lib/python3/dist-packages/setuptools/dist.py:723: UserWarning: Usage of dash-separated 'script-dir' will not be supported in future versions. Please use the underscore name 'script_dir' instead
[1.456s]   warnings.warn(
[1.467s] running egg_info
[1.468s] writing ../../build/ros2_control_bringup/ros2_control_bringup.egg-info/PKG-INFO
[1.468s] writing dependency_links to ../../build/ros2_control_bringup/ros2_control_bringup.egg-info/dependency_links.txt
[1.468s] writing entry points to ../../build/ros2_control_bringup/ros2_control_bringup.egg-info/entry_points.txt
[1.468s] writing requirements to ../../build/ros2_control_bringup/ros2_control_bringup.egg-info/requires.txt
[1.468s] writing top-level names to ../../build/ros2_control_bringup/ros2_control_bringup.egg-info/top_level.txt
[1.471s] reading manifest file '../../build/ros2_control_bringup/ros2_control_bringup.egg-info/SOURCES.txt'
[1.472s] writing manifest file '../../build/ros2_control_bringup/ros2_control_bringup.egg-info/SOURCES.txt'
[1.472s] running build
[1.472s] running build_py
[1.473s] running install
[1.473s] running install_lib
[1.475s] running install_data
[1.475s] copying resource/ros2_control_bringup -> /home/aliha1313/FUM6R-WS/install/ros2_control_bringup/share/ament_index/resource_index/packages
[1.475s] copying package.xml -> /home/aliha1313/FUM6R-WS/install/ros2_control_bringup/share/ros2_control_bringup
[1.475s] creating /home/aliha1313/FUM6R-WS/install/ros2_control_bringup/share/ros2_control_bringup/launch
[1.475s] copying launch/rviz.launch.py -> /home/aliha1313/FUM6R-WS/install/ros2_control_bringup/share/ros2_control_bringup/launch
[1.475s] copying launch/ros_con.launch.py -> /home/aliha1313/FUM6R-WS/install/ros2_control_bringup/share/ros2_control_bringup/launch
[1.476s] copying launch/webots.launch.py -> /home/aliha1313/FUM6R-WS/install/ros2_control_bringup/share/ros2_control_bringup/launch
[1.476s] copying launch/roscontrol.launch.py -> /home/aliha1313/FUM6R-WS/install/ros2_control_bringup/share/ros2_control_bringup/launch
[1.476s] copying launch/gazebo.launch.py -> /home/aliha1313/FUM6R-WS/install/ros2_control_bringup/share/ros2_control_bringup/launch
[1.476s] copying launch/controller.launch.py -> /home/aliha1313/FUM6R-WS/install/ros2_control_bringup/share/ros2_control_bringup/launch
[1.476s] creating /home/aliha1313/FUM6R-WS/install/ros2_control_bringup/share/ros2_control_bringup/urdf
[1.476s] copying urdf/FUM6R.urdf -> /home/aliha1313/FUM6R-WS/install/ros2_control_bringup/share/ros2_control_bringup/urdf
[1.476s] copying urdf/fum6r_new_position.urdf -> /home/aliha1313/FUM6R-WS/install/ros2_control_bringup/share/ros2_control_bringup/urdf
[1.476s] copying urdf/fum6r_new_corsys.urdf.xacro -> /home/aliha1313/FUM6R-WS/install/ros2_control_bringup/share/ros2_control_bringup/urdf
[1.477s] copying urdf/fum6r.urdf -> /home/aliha1313/FUM6R-WS/install/ros2_control_bringup/share/ros2_control_bringup/urdf
[1.477s] copying urdf/fum6r_new_corsys.urdf -> /home/aliha1313/FUM6R-WS/install/ros2_control_bringup/share/ros2_control_bringup/urdf
[1.478s] copying urdf/FUM6R_u.urdf -> /home/aliha1313/FUM6R-WS/install/ros2_control_bringup/share/ros2_control_bringup/urdf
[1.478s] creating /home/aliha1313/FUM6R-WS/install/ros2_control_bringup/share/ros2_control_bringup/config
[1.478s] copying config/jtcPID.yaml -> /home/aliha1313/FUM6R-WS/install/ros2_control_bringup/share/ros2_control_bringup/config
[1.478s] copying config/jtc.yaml -> /home/aliha1313/FUM6R-WS/install/ros2_control_bringup/share/ros2_control_bringup/config
[1.479s] copying config/jtc_position.yaml -> /home/aliha1313/FUM6R-WS/install/ros2_control_bringup/share/ros2_control_bringup/config
[1.479s] creating /home/aliha1313/FUM6R-WS/install/ros2_control_bringup/share/ros2_control_bringup/world
[1.479s] copying world/FUM6R_u.world -> /home/aliha1313/FUM6R-WS/install/ros2_control_bringup/share/ros2_control_bringup/world
[1.480s] copying world/my_world.wbt -> /home/aliha1313/FUM6R-WS/install/ros2_control_bringup/share/ros2_control_bringup/world
[1.480s] running install_egg_info
[1.482s] Copying ../../build/ros2_control_bringup/ros2_control_bringup.egg-info to /home/aliha1313/FUM6R-WS/install/ros2_control_bringup/lib/python3.10/site-packages/ros2_control_bringup-0.0.0-py3.10.egg-info
[1.483s] running install_scripts
[1.510s] Installing CtrlInvTest script to /home/aliha1313/FUM6R-WS/install/ros2_control_bringup/lib/ros2_control_bringup
[1.510s] Installing CtrlTest script to /home/aliha1313/FUM6R-WS/install/ros2_control_bringup/lib/ros2_control_bringup
[1.510s] Installing P3DTest script to /home/aliha1313/FUM6R-WS/install/ros2_control_bringup/lib/ros2_control_bringup
[1.510s] writing list of installed files to '/home/aliha1313/FUM6R-WS/build/ros2_control_bringup/install.log'
[1.536s] Invoked command in '/home/aliha1313/FUM6R-WS/src/ros2_control_bringup' returned '0': PYTHONPATH=/home/aliha1313/FUM6R-WS/build/ros2_control_bringup/prefix_override:/home/aliha1313/FUM6R-WS/install/ros2_control_bringup/lib/python3.10/site-packages:${PYTHONPATH} /usr/bin/python3 -W ignore:setup.py install is deprecated setup.py egg_info --egg-base ../../build/ros2_control_bringup build --build-base /home/aliha1313/FUM6R-WS/build/ros2_control_bringup/build install --record /home/aliha1313/FUM6R-WS/build/ros2_control_bringup/install.log --install-scripts $base/lib/ros2_control_bringup --single-version-externally-managed install_data
