[1.057s] Invoking command in '/home/aliha1313/FUM6R-WS/src/pidcontrollerpkg': PYTHONPATH=/home/aliha1313/FUM6R-WS/src/pidcontrollerpkg/build/pidcontrollerpkg/prefix_override:/home/aliha1313/FUM6R-WS/src/pidcontrollerpkg/install/pidcontrollerpkg/lib/python3.8/site-packages:${PYTHONPATH} /usr/bin/python3 setup.py egg_info --egg-base build/pidcontrollerpkg build --build-base /home/aliha1313/FUM6R-WS/src/pidcontrollerpkg/build/pidcontrollerpkg/build install --record /home/aliha1313/FUM6R-WS/src/pidcontrollerpkg/build/pidcontrollerpkg/install.log --install-scripts $base/lib/pidcontrollerpkg --single-version-externally-managed
[1.376s] running egg_info
[1.376s] writing build/pidcontrollerpkg/pidcontrollerpkg.egg-info/PKG-INFO
[1.377s] writing dependency_links to build/pidcontrollerpkg/pidcontrollerpkg.egg-info/dependency_links.txt
[1.377s] writing entry points to build/pidcontrollerpkg/pidcontrollerpkg.egg-info/entry_points.txt
[1.377s] writing requirements to build/pidcontrollerpkg/pidcontrollerpkg.egg-info/requires.txt
[1.377s] writing top-level names to build/pidcontrollerpkg/pidcontrollerpkg.egg-info/top_level.txt
[1.426s] reading manifest file 'build/pidcontrollerpkg/pidcontrollerpkg.egg-info/SOURCES.txt'
[1.427s] writing manifest file 'build/pidcontrollerpkg/pidcontrollerpkg.egg-info/SOURCES.txt'
[1.428s] running build
[1.428s] running build_py
[1.428s] copying pidcontrollerpkg/set_Tourqe.py -> /home/aliha1313/FUM6R-WS/src/pidcontrollerpkg/build/pidcontrollerpkg/build/lib/pidcontrollerpkg
[1.429s] running install
[1.430s] running install_lib
[1.432s] copying /home/aliha1313/FUM6R-WS/src/pidcontrollerpkg/build/pidcontrollerpkg/build/lib/pidcontrollerpkg/set_Tourqe.py -> /home/aliha1313/FUM6R-WS/src/pidcontrollerpkg/install/pidcontrollerpkg/lib/python3.8/site-packages/pidcontrollerpkg
[1.433s] byte-compiling /home/aliha1313/FUM6R-WS/src/pidcontrollerpkg/install/pidcontrollerpkg/lib/python3.8/site-packages/pidcontrollerpkg/set_Tourqe.py to set_Tourqe.cpython-38.pyc
[1.437s] running install_data
[1.438s] running install_egg_info
[1.441s] removing '/home/aliha1313/FUM6R-WS/src/pidcontrollerpkg/install/pidcontrollerpkg/lib/python3.8/site-packages/pidcontrollerpkg-0.0.0-py3.8.egg-info' (and everything under it)
[1.442s] Copying build/pidcontrollerpkg/pidcontrollerpkg.egg-info to /home/aliha1313/FUM6R-WS/src/pidcontrollerpkg/install/pidcontrollerpkg/lib/python3.8/site-packages/pidcontrollerpkg-0.0.0-py3.8.egg-info
[1.443s] running install_scripts
[1.472s] Installing pidinv script to /home/aliha1313/FUM6R-WS/src/pidcontrollerpkg/install/pidcontrollerpkg/lib/pidcontrollerpkg
[1.472s] Installing pidnode1 script to /home/aliha1313/FUM6R-WS/src/pidcontrollerpkg/install/pidcontrollerpkg/lib/pidcontrollerpkg
[1.472s] Installing pidnode2 script to /home/aliha1313/FUM6R-WS/src/pidcontrollerpkg/install/pidcontrollerpkg/lib/pidcontrollerpkg
[1.472s] Installing pidnode3 script to /home/aliha1313/FUM6R-WS/src/pidcontrollerpkg/install/pidcontrollerpkg/lib/pidcontrollerpkg
[1.472s] Installing settorque script to /home/aliha1313/FUM6R-WS/src/pidcontrollerpkg/install/pidcontrollerpkg/lib/pidcontrollerpkg
[1.473s] writing list of installed files to '/home/aliha1313/FUM6R-WS/src/pidcontrollerpkg/build/pidcontrollerpkg/install.log'
[1.516s] Invoked command in '/home/aliha1313/FUM6R-WS/src/pidcontrollerpkg' returned '0': PYTHONPATH=/home/aliha1313/FUM6R-WS/src/pidcontrollerpkg/build/pidcontrollerpkg/prefix_override:/home/aliha1313/FUM6R-WS/src/pidcontrollerpkg/install/pidcontrollerpkg/lib/python3.8/site-packages:${PYTHONPATH} /usr/bin/python3 setup.py egg_info --egg-base build/pidcontrollerpkg build --build-base /home/aliha1313/FUM6R-WS/src/pidcontrollerpkg/build/pidcontrollerpkg/build install --record /home/aliha1313/FUM6R-WS/src/pidcontrollerpkg/build/pidcontrollerpkg/install.log --install-scripts $base/lib/pidcontrollerpkg --single-version-externally-managed
