[1.278s] Invoking command in '/home/aliha1313/FUM6R-WS/src/pidcontrollerpkg': PYTHONPATH=/home/aliha1313/FUM6R-WS/build/pidcontrollerpkg/prefix_override:/home/aliha1313/FUM6R-WS/install/pidcontrollerpkg/lib/python3.10/site-packages:${PYTHONPATH} /usr/bin/python3 -W ignore:setup.py install is deprecated setup.py egg_info --egg-base ../../build/pidcontrollerpkg build --build-base /home/aliha1313/FUM6R-WS/build/pidcontrollerpkg/build install --record /home/aliha1313/FUM6R-WS/build/pidcontrollerpkg/install.log --single-version-externally-managed install_data
[1.645s] running egg_info
[1.646s] writing ../../build/pidcontrollerpkg/pidcontrollerpkg.egg-info/PKG-INFO
[1.647s] writing dependency_links to ../../build/pidcontrollerpkg/pidcontrollerpkg.egg-info/dependency_links.txt
[1.647s] writing entry points to ../../build/pidcontrollerpkg/pidcontrollerpkg.egg-info/entry_points.txt
[1.647s] writing requirements to ../../build/pidcontrollerpkg/pidcontrollerpkg.egg-info/requires.txt
[1.647s] writing top-level names to ../../build/pidcontrollerpkg/pidcontrollerpkg.egg-info/top_level.txt
[1.651s] reading manifest file '../../build/pidcontrollerpkg/pidcontrollerpkg.egg-info/SOURCES.txt'
[1.653s] writing manifest file '../../build/pidcontrollerpkg/pidcontrollerpkg.egg-info/SOURCES.txt'
[1.653s] running build
[1.653s] running build_py
[1.655s] running install
[1.656s] running install_lib
[1.659s] running install_data
[1.659s] running install_egg_info
[1.661s] removing '/home/aliha1313/FUM6R-WS/install/pidcontrollerpkg/lib/python3.10/site-packages/pidcontrollerpkg-0.0.0-py3.10.egg-info' (and everything under it)
[1.661s] Copying ../../build/pidcontrollerpkg/pidcontrollerpkg.egg-info to /home/aliha1313/FUM6R-WS/install/pidcontrollerpkg/lib/python3.10/site-packages/pidcontrollerpkg-0.0.0-py3.10.egg-info
[1.663s] running install_scripts
[1.697s] Installing pidinv script to /home/aliha1313/FUM6R-WS/install/pidcontrollerpkg/lib/pidcontrollerpkg
[1.697s] Installing pidnode1 script to /home/aliha1313/FUM6R-WS/install/pidcontrollerpkg/lib/pidcontrollerpkg
[1.697s] Installing pidnode2 script to /home/aliha1313/FUM6R-WS/install/pidcontrollerpkg/lib/pidcontrollerpkg
[1.698s] Installing pidnode3 script to /home/aliha1313/FUM6R-WS/install/pidcontrollerpkg/lib/pidcontrollerpkg
[1.698s] Installing settorque script to /home/aliha1313/FUM6R-WS/install/pidcontrollerpkg/lib/pidcontrollerpkg
[1.698s] writing list of installed files to '/home/aliha1313/FUM6R-WS/build/pidcontrollerpkg/install.log'
[1.736s] Invoked command in '/home/aliha1313/FUM6R-WS/src/pidcontrollerpkg' returned '0': PYTHONPATH=/home/aliha1313/FUM6R-WS/build/pidcontrollerpkg/prefix_override:/home/aliha1313/FUM6R-WS/install/pidcontrollerpkg/lib/python3.10/site-packages:${PYTHONPATH} /usr/bin/python3 -W ignore:setup.py install is deprecated setup.py egg_info --egg-base ../../build/pidcontrollerpkg build --build-base /home/aliha1313/FUM6R-WS/build/pidcontrollerpkg/build install --record /home/aliha1313/FUM6R-WS/build/pidcontrollerpkg/install.log --single-version-externally-managed install_data
