[0.136s] DEBUG:colcon:Command line arguments: ['/usr/bin/colcon', 'build']
[0.136s] DEBUG:colcon:Parsed command line arguments: Namespace(log_base=None, log_level=None, verb_name='build', build_base='build', install_base='install', merge_install=False, symlink_install=False, test_result_base=None, continue_on_error=False, executor='parallel', parallel_workers=12, event_handlers=None, ignore_user_meta=False, metas=['./colcon.meta'], base_paths=['.'], packages_ignore=None, packages_ignore_regex=None, paths=None, packages_up_to=None, packages_up_to_regex=None, packages_above=None, packages_above_and_dependencies=None, packages_above_depth=None, packages_select_by_dep=None, packages_skip_by_dep=None, packages_skip_up_to=None, packages_select_build_failed=False, packages_skip_build_finished=False, packages_select_test_failures=False, packages_skip_test_passed=False, packages_select=None, packages_skip=None, packages_select_regex=None, packages_skip_regex=None, packages_start=None, packages_end=None, allow_overriding=[], cmake_args=None, cmake_target=None, cmake_target_skip_unavailable=False, cmake_clean_cache=False, cmake_clean_first=False, cmake_force_configure=False, ament_cmake_args=None, catkin_cmake_args=None, catkin_skip_building_tests=False, verb_parser=<colcon_defaults.argument_parser.defaults.DefaultArgumentsDecorator object at 0x761151224fd0>, verb_extension=<colcon_core.verb.build.BuildVerb object at 0x761151224b80>, main=<bound method BuildVerb.main of <colcon_core.verb.build.BuildVerb object at 0x761151224b80>>)
[0.363s] Level 1:colcon.colcon_core.package_discovery:discover_packages(colcon_meta) check parameters
[0.363s] Level 1:colcon.colcon_core.package_discovery:discover_packages(recursive) check parameters
[0.363s] Level 1:colcon.colcon_core.package_discovery:discover_packages(ignore) check parameters
[0.363s] Level 1:colcon.colcon_core.package_discovery:discover_packages(path) check parameters
[0.363s] Level 1:colcon.colcon_core.package_discovery:discover_packages(colcon_meta) discover
[0.363s] Level 1:colcon.colcon_core.package_discovery:discover_packages(recursive) discover
[0.364s] INFO:colcon.colcon_core.package_discovery:Crawling recursively for packages in '/home/aliha1313/FUM6R-WS'
[0.364s] Level 1:colcon.colcon_core.package_identification:_identify(.) by extensions ['ignore', 'ignore_ament_install']
[0.364s] Level 1:colcon.colcon_core.package_identification:_identify(.) by extension 'ignore'
[0.364s] Level 1:colcon.colcon_core.package_identification:_identify(.) by extension 'ignore_ament_install'
[0.364s] Level 1:colcon.colcon_core.package_identification:_identify(.) by extensions ['colcon_pkg']
[0.364s] Level 1:colcon.colcon_core.package_identification:_identify(.) by extension 'colcon_pkg'
[0.364s] Level 1:colcon.colcon_core.package_identification:_identify(.) by extensions ['colcon_meta']
[0.364s] Level 1:colcon.colcon_core.package_identification:_identify(.) by extension 'colcon_meta'
[0.364s] Level 1:colcon.colcon_core.package_identification:_identify(.) by extensions ['ros']
[0.364s] Level 1:colcon.colcon_core.package_identification:_identify(.) by extension 'ros'
[0.378s] Level 1:colcon.colcon_core.package_identification:_identify(.) by extensions ['cmake', 'python']
[0.378s] Level 1:colcon.colcon_core.package_identification:_identify(.) by extension 'cmake'
[0.378s] Level 1:colcon.colcon_core.package_identification:_identify(.) by extension 'python'
[0.378s] Level 1:colcon.colcon_core.package_identification:_identify(.) by extensions ['python_setup_py']
[0.379s] Level 1:colcon.colcon_core.package_identification:_identify(.) by extension 'python_setup_py'
[0.379s] Level 1:colcon.colcon_core.package_identification:_identify(build) by extensions ['ignore', 'ignore_ament_install']
[0.379s] Level 1:colcon.colcon_core.package_identification:_identify(build) by extension 'ignore'
[0.379s] Level 1:colcon.colcon_core.package_identification:_identify(build) ignored
[0.379s] Level 1:colcon.colcon_core.package_identification:_identify(install) by extensions ['ignore', 'ignore_ament_install']
[0.379s] Level 1:colcon.colcon_core.package_identification:_identify(install) by extension 'ignore'
[0.379s] Level 1:colcon.colcon_core.package_identification:_identify(install) ignored
[0.379s] Level 1:colcon.colcon_core.package_identification:_identify(log) by extensions ['ignore', 'ignore_ament_install']
[0.379s] Level 1:colcon.colcon_core.package_identification:_identify(log) by extension 'ignore'
[0.380s] Level 1:colcon.colcon_core.package_identification:_identify(log) ignored
[0.380s] Level 1:colcon.colcon_core.package_identification:_identify(src) by extensions ['ignore', 'ignore_ament_install']
[0.380s] Level 1:colcon.colcon_core.package_identification:_identify(src) by extension 'ignore'
[0.380s] Level 1:colcon.colcon_core.package_identification:_identify(src) by extension 'ignore_ament_install'
[0.380s] Level 1:colcon.colcon_core.package_identification:_identify(src) by extensions ['colcon_pkg']
[0.380s] Level 1:colcon.colcon_core.package_identification:_identify(src) by extension 'colcon_pkg'
[0.380s] Level 1:colcon.colcon_core.package_identification:_identify(src) by extensions ['colcon_meta']
[0.380s] Level 1:colcon.colcon_core.package_identification:_identify(src) by extension 'colcon_meta'
[0.380s] Level 1:colcon.colcon_core.package_identification:_identify(src) by extensions ['ros']
[0.380s] Level 1:colcon.colcon_core.package_identification:_identify(src) by extension 'ros'
[0.380s] Level 1:colcon.colcon_core.package_identification:_identify(src) by extensions ['cmake', 'python']
[0.380s] Level 1:colcon.colcon_core.package_identification:_identify(src) by extension 'cmake'
[0.380s] Level 1:colcon.colcon_core.package_identification:_identify(src) by extension 'python'
[0.380s] Level 1:colcon.colcon_core.package_identification:_identify(src) by extensions ['python_setup_py']
[0.380s] Level 1:colcon.colcon_core.package_identification:_identify(src) by extension 'python_setup_py'
[0.381s] Level 1:colcon.colcon_core.package_identification:_identify(src/moveit_6r) by extensions ['ignore', 'ignore_ament_install']
[0.381s] Level 1:colcon.colcon_core.package_identification:_identify(src/moveit_6r) by extension 'ignore'
[0.381s] Level 1:colcon.colcon_core.package_identification:_identify(src/moveit_6r) by extension 'ignore_ament_install'
[0.381s] Level 1:colcon.colcon_core.package_identification:_identify(src/moveit_6r) by extensions ['colcon_pkg']
[0.381s] Level 1:colcon.colcon_core.package_identification:_identify(src/moveit_6r) by extension 'colcon_pkg'
[0.381s] Level 1:colcon.colcon_core.package_identification:_identify(src/moveit_6r) by extensions ['colcon_meta']
[0.381s] Level 1:colcon.colcon_core.package_identification:_identify(src/moveit_6r) by extension 'colcon_meta'
[0.381s] Level 1:colcon.colcon_core.package_identification:_identify(src/moveit_6r) by extensions ['ros']
[0.381s] Level 1:colcon.colcon_core.package_identification:_identify(src/moveit_6r) by extension 'ros'
[0.384s] DEBUG:colcon.colcon_core.package_identification:Package 'src/moveit_6r' with type 'ros.ament_cmake' and name 'moveit_6r'
[0.384s] Level 1:colcon.colcon_core.package_identification:_identify(src/pidcontrollerpkg) by extensions ['ignore', 'ignore_ament_install']
[0.385s] Level 1:colcon.colcon_core.package_identification:_identify(src/pidcontrollerpkg) by extension 'ignore'
[0.385s] Level 1:colcon.colcon_core.package_identification:_identify(src/pidcontrollerpkg) by extension 'ignore_ament_install'
[0.385s] Level 1:colcon.colcon_core.package_identification:_identify(src/pidcontrollerpkg) by extensions ['colcon_pkg']
[0.385s] Level 1:colcon.colcon_core.package_identification:_identify(src/pidcontrollerpkg) by extension 'colcon_pkg'
[0.385s] Level 1:colcon.colcon_core.package_identification:_identify(src/pidcontrollerpkg) by extensions ['colcon_meta']
[0.385s] Level 1:colcon.colcon_core.package_identification:_identify(src/pidcontrollerpkg) by extension 'colcon_meta'
[0.385s] Level 1:colcon.colcon_core.package_identification:_identify(src/pidcontrollerpkg) by extensions ['ros']
[0.385s] Level 1:colcon.colcon_core.package_identification:_identify(src/pidcontrollerpkg) by extension 'ros'
[0.386s] DEBUG:colcon.colcon_core.package_identification:Package 'src/pidcontrollerpkg' with type 'ros.ament_python' and name 'pidcontrollerpkg'
[0.386s] Level 1:colcon.colcon_core.package_identification:_identify(src/ros2_control_bringup) by extensions ['ignore', 'ignore_ament_install']
[0.386s] Level 1:colcon.colcon_core.package_identification:_identify(src/ros2_control_bringup) by extension 'ignore'
[0.386s] Level 1:colcon.colcon_core.package_identification:_identify(src/ros2_control_bringup) by extension 'ignore_ament_install'
[0.386s] Level 1:colcon.colcon_core.package_identification:_identify(src/ros2_control_bringup) by extensions ['colcon_pkg']
[0.386s] Level 1:colcon.colcon_core.package_identification:_identify(src/ros2_control_bringup) by extension 'colcon_pkg'
[0.386s] Level 1:colcon.colcon_core.package_identification:_identify(src/ros2_control_bringup) by extensions ['colcon_meta']
[0.386s] Level 1:colcon.colcon_core.package_identification:_identify(src/ros2_control_bringup) by extension 'colcon_meta'
[0.386s] Level 1:colcon.colcon_core.package_identification:_identify(src/ros2_control_bringup) by extensions ['ros']
[0.386s] Level 1:colcon.colcon_core.package_identification:_identify(src/ros2_control_bringup) by extension 'ros'
[0.387s] DEBUG:colcon.colcon_core.package_identification:Package 'src/ros2_control_bringup' with type 'ros.ament_python' and name 'ros2_control_bringup'
[0.387s] Level 1:colcon.colcon_core.package_discovery:discover_packages(recursive) using defaults
[0.387s] Level 1:colcon.colcon_core.package_discovery:discover_packages(ignore) discover
[0.387s] Level 1:colcon.colcon_core.package_discovery:discover_packages(ignore) using defaults
[0.387s] Level 1:colcon.colcon_core.package_discovery:discover_packages(path) discover
[0.387s] Level 1:colcon.colcon_core.package_discovery:discover_packages(path) using defaults
[0.413s] Level 1:colcon.colcon_core.package_discovery:discover_packages(prefix_path) check parameters
[0.413s] Level 1:colcon.colcon_core.package_discovery:discover_packages(prefix_path) discover
[0.415s] DEBUG:colcon.colcon_installed_package_information.package_discovery:Found 1 installed packages in /home/aliha1313/pymoveit2/install
[0.424s] DEBUG:colcon.colcon_installed_package_information.package_discovery:Found 5 installed packages in /home/aliha1313/FUM6R-WS/install
[0.426s] DEBUG:colcon.colcon_installed_package_information.package_discovery:Found 360 installed packages in /opt/ros/humble
[0.428s] Level 1:colcon.colcon_core.package_discovery:discover_packages(prefix_path) using defaults
[0.489s] Level 5:colcon.colcon_core.verb:set package 'pidcontrollerpkg' build argument 'cmake_args' from command line to 'None'
[0.489s] Level 5:colcon.colcon_core.verb:set package 'pidcontrollerpkg' build argument 'cmake_target' from command line to 'None'
[0.489s] Level 5:colcon.colcon_core.verb:set package 'pidcontrollerpkg' build argument 'cmake_target_skip_unavailable' from command line to 'False'
[0.489s] Level 5:colcon.colcon_core.verb:set package 'pidcontrollerpkg' build argument 'cmake_clean_cache' from command line to 'False'
[0.489s] Level 5:colcon.colcon_core.verb:set package 'pidcontrollerpkg' build argument 'cmake_clean_first' from command line to 'False'
[0.489s] Level 5:colcon.colcon_core.verb:set package 'pidcontrollerpkg' build argument 'cmake_force_configure' from command line to 'False'
[0.489s] Level 5:colcon.colcon_core.verb:set package 'pidcontrollerpkg' build argument 'ament_cmake_args' from command line to 'None'
[0.489s] Level 5:colcon.colcon_core.verb:set package 'pidcontrollerpkg' build argument 'catkin_cmake_args' from command line to 'None'
[0.489s] Level 5:colcon.colcon_core.verb:set package 'pidcontrollerpkg' build argument 'catkin_skip_building_tests' from command line to 'False'
[0.489s] DEBUG:colcon.colcon_core.verb:Building package 'pidcontrollerpkg' with the following arguments: {'ament_cmake_args': None, 'build_base': '/home/aliha1313/FUM6R-WS/build/pidcontrollerpkg', 'catkin_cmake_args': None, 'catkin_skip_building_tests': False, 'cmake_args': None, 'cmake_clean_cache': False, 'cmake_clean_first': False, 'cmake_force_configure': False, 'cmake_target': None, 'cmake_target_skip_unavailable': False, 'install_base': '/home/aliha1313/FUM6R-WS/install/pidcontrollerpkg', 'merge_install': False, 'path': '/home/aliha1313/FUM6R-WS/src/pidcontrollerpkg', 'symlink_install': False, 'test_result_base': None}
[0.490s] Level 5:colcon.colcon_core.verb:set package 'ros2_control_bringup' build argument 'cmake_args' from command line to 'None'
[0.490s] Level 5:colcon.colcon_core.verb:set package 'ros2_control_bringup' build argument 'cmake_target' from command line to 'None'
[0.490s] Level 5:colcon.colcon_core.verb:set package 'ros2_control_bringup' build argument 'cmake_target_skip_unavailable' from command line to 'False'
[0.490s] Level 5:colcon.colcon_core.verb:set package 'ros2_control_bringup' build argument 'cmake_clean_cache' from command line to 'False'
[0.490s] Level 5:colcon.colcon_core.verb:set package 'ros2_control_bringup' build argument 'cmake_clean_first' from command line to 'False'
[0.490s] Level 5:colcon.colcon_core.verb:set package 'ros2_control_bringup' build argument 'cmake_force_configure' from command line to 'False'
[0.490s] Level 5:colcon.colcon_core.verb:set package 'ros2_control_bringup' build argument 'ament_cmake_args' from command line to 'None'
[0.490s] Level 5:colcon.colcon_core.verb:set package 'ros2_control_bringup' build argument 'catkin_cmake_args' from command line to 'None'
[0.490s] Level 5:colcon.colcon_core.verb:set package 'ros2_control_bringup' build argument 'catkin_skip_building_tests' from command line to 'False'
[0.490s] DEBUG:colcon.colcon_core.verb:Building package 'ros2_control_bringup' with the following arguments: {'ament_cmake_args': None, 'build_base': '/home/aliha1313/FUM6R-WS/build/ros2_control_bringup', 'catkin_cmake_args': None, 'catkin_skip_building_tests': False, 'cmake_args': None, 'cmake_clean_cache': False, 'cmake_clean_first': False, 'cmake_force_configure': False, 'cmake_target': None, 'cmake_target_skip_unavailable': False, 'install_base': '/home/aliha1313/FUM6R-WS/install/ros2_control_bringup', 'merge_install': False, 'path': '/home/aliha1313/FUM6R-WS/src/ros2_control_bringup', 'symlink_install': False, 'test_result_base': None}
[0.490s] Level 5:colcon.colcon_core.verb:set package 'moveit_6r' build argument 'cmake_args' from command line to 'None'
[0.491s] Level 5:colcon.colcon_core.verb:set package 'moveit_6r' build argument 'cmake_target' from command line to 'None'
[0.491s] Level 5:colcon.colcon_core.verb:set package 'moveit_6r' build argument 'cmake_target_skip_unavailable' from command line to 'False'
[0.491s] Level 5:colcon.colcon_core.verb:set package 'moveit_6r' build argument 'cmake_clean_cache' from command line to 'False'
[0.491s] Level 5:colcon.colcon_core.verb:set package 'moveit_6r' build argument 'cmake_clean_first' from command line to 'False'
[0.491s] Level 5:colcon.colcon_core.verb:set package 'moveit_6r' build argument 'cmake_force_configure' from command line to 'False'
[0.491s] Level 5:colcon.colcon_core.verb:set package 'moveit_6r' build argument 'ament_cmake_args' from command line to 'None'
[0.491s] Level 5:colcon.colcon_core.verb:set package 'moveit_6r' build argument 'catkin_cmake_args' from command line to 'None'
[0.491s] Level 5:colcon.colcon_core.verb:set package 'moveit_6r' build argument 'catkin_skip_building_tests' from command line to 'False'
[0.491s] DEBUG:colcon.colcon_core.verb:Building package 'moveit_6r' with the following arguments: {'ament_cmake_args': None, 'build_base': '/home/aliha1313/FUM6R-WS/build/moveit_6r', 'catkin_cmake_args': None, 'catkin_skip_building_tests': False, 'cmake_args': None, 'cmake_clean_cache': False, 'cmake_clean_first': False, 'cmake_force_configure': False, 'cmake_target': None, 'cmake_target_skip_unavailable': False, 'install_base': '/home/aliha1313/FUM6R-WS/install/moveit_6r', 'merge_install': False, 'path': '/home/aliha1313/FUM6R-WS/src/moveit_6r', 'symlink_install': False, 'test_result_base': None}
[0.491s] INFO:colcon.colcon_core.executor:Executing jobs using 'parallel' executor
[0.492s] DEBUG:colcon.colcon_parallel_executor.executor.parallel:run_until_complete
[0.492s] INFO:colcon.colcon_ros.task.ament_python.build:Building ROS package in '/home/aliha1313/FUM6R-WS/src/ros2_control_bringup' with build type 'ament_python'
[0.492s] Level 1:colcon.colcon_core.shell:create_environment_hook('ros2_control_bringup', 'ament_prefix_path')
[0.495s] INFO:colcon.colcon_core.plugin_system:Skipping extension 'colcon_core.shell.bat': Not used on non-Windows systems
[0.495s] INFO:colcon.colcon_core.shell:Creating environment hook '/home/aliha1313/FUM6R-WS/install/ros2_control_bringup/share/ros2_control_bringup/hook/ament_prefix_path.ps1'
[0.496s] INFO:colcon.colcon_core.shell:Creating environment descriptor '/home/aliha1313/FUM6R-WS/install/ros2_control_bringup/share/ros2_control_bringup/hook/ament_prefix_path.dsv'
[0.496s] INFO:colcon.colcon_core.shell:Creating environment hook '/home/aliha1313/FUM6R-WS/install/ros2_control_bringup/share/ros2_control_bringup/hook/ament_prefix_path.sh'
[0.497s] INFO:colcon.colcon_core.shell:Skip shell extension 'powershell' for command environment: Not usable outside of PowerShell
[0.497s] DEBUG:colcon.colcon_core.shell:Skip shell extension 'dsv' for command environment
[0.502s] INFO:colcon.colcon_ros.task.ament_python.build:Building ROS package in '/home/aliha1313/FUM6R-WS/src/pidcontrollerpkg' with build type 'ament_python'
[0.502s] Level 1:colcon.colcon_core.shell:create_environment_hook('pidcontrollerpkg', 'ament_prefix_path')
[0.502s] INFO:colcon.colcon_core.shell:Creating environment hook '/home/aliha1313/FUM6R-WS/install/pidcontrollerpkg/share/pidcontrollerpkg/hook/ament_prefix_path.ps1'
[0.503s] INFO:colcon.colcon_core.shell:Creating environment descriptor '/home/aliha1313/FUM6R-WS/install/pidcontrollerpkg/share/pidcontrollerpkg/hook/ament_prefix_path.dsv'
[0.503s] INFO:colcon.colcon_core.shell:Creating environment hook '/home/aliha1313/FUM6R-WS/install/pidcontrollerpkg/share/pidcontrollerpkg/hook/ament_prefix_path.sh'
[0.503s] INFO:colcon.colcon_core.shell:Skip shell extension 'powershell' for command environment: Not usable outside of PowerShell
[0.504s] DEBUG:colcon.colcon_core.shell:Skip shell extension 'dsv' for command environment
[0.845s] INFO:colcon.colcon_core.task.python.build:Building Python package in '/home/aliha1313/FUM6R-WS/src/ros2_control_bringup'
[0.846s] INFO:colcon.colcon_core.shell:Skip shell extension 'powershell' for command environment: Not usable outside of PowerShell
[0.846s] DEBUG:colcon.colcon_core.shell:Skip shell extension 'dsv' for command environment
[1.177s] INFO:colcon.colcon_core.task.python.build:Building Python package in '/home/aliha1313/FUM6R-WS/src/pidcontrollerpkg'
[1.178s] INFO:colcon.colcon_core.shell:Skip shell extension 'powershell' for command environment: Not usable outside of PowerShell
[1.178s] DEBUG:colcon.colcon_core.shell:Skip shell extension 'dsv' for command environment
[1.633s] DEBUG:colcon.colcon_core.event_handler.log_command:Invoking command in '/home/aliha1313/FUM6R-WS/src/pidcontrollerpkg': PYTHONPATH=/home/aliha1313/FUM6R-WS/build/pidcontrollerpkg/prefix_override:/home/aliha1313/FUM6R-WS/install/pidcontrollerpkg/lib/python3.10/site-packages:${PYTHONPATH} /usr/bin/python3 -W ignore:setup.py install is deprecated setup.py egg_info --egg-base ../../build/pidcontrollerpkg build --build-base /home/aliha1313/FUM6R-WS/build/pidcontrollerpkg/build install --record /home/aliha1313/FUM6R-WS/build/pidcontrollerpkg/install.log --single-version-externally-managed install_data
[1.637s] DEBUG:colcon.colcon_core.event_handler.log_command:Invoking command in '/home/aliha1313/FUM6R-WS/src/ros2_control_bringup': PYTHONPATH=/home/aliha1313/FUM6R-WS/build/ros2_control_bringup/prefix_override:/home/aliha1313/FUM6R-WS/install/ros2_control_bringup/lib/python3.10/site-packages:${PYTHONPATH} /usr/bin/python3 -W ignore:setup.py install is deprecated setup.py egg_info --egg-base ../../build/ros2_control_bringup build --build-base /home/aliha1313/FUM6R-WS/build/ros2_control_bringup/build install --record /home/aliha1313/FUM6R-WS/build/ros2_control_bringup/install.log --single-version-externally-managed install_data
[2.013s] DEBUG:colcon.colcon_core.event_handler.log_command:Invoked command in '/home/aliha1313/FUM6R-WS/src/ros2_control_bringup' returned '0': PYTHONPATH=/home/aliha1313/FUM6R-WS/build/ros2_control_bringup/prefix_override:/home/aliha1313/FUM6R-WS/install/ros2_control_bringup/lib/python3.10/site-packages:${PYTHONPATH} /usr/bin/python3 -W ignore:setup.py install is deprecated setup.py egg_info --egg-base ../../build/ros2_control_bringup build --build-base /home/aliha1313/FUM6R-WS/build/ros2_control_bringup/build install --record /home/aliha1313/FUM6R-WS/build/ros2_control_bringup/install.log --single-version-externally-managed install_data
[2.015s] Level 1:colcon.colcon_core.environment:checking '/home/aliha1313/FUM6R-WS/install/ros2_control_bringup' for CMake module files
[2.016s] Level 1:colcon.colcon_core.environment:checking '/home/aliha1313/FUM6R-WS/install/ros2_control_bringup' for CMake config files
[2.017s] Level 1:colcon.colcon_core.environment:checking '/home/aliha1313/FUM6R-WS/install/ros2_control_bringup/lib'
[2.017s] Level 1:colcon.colcon_core.environment:checking '/home/aliha1313/FUM6R-WS/install/ros2_control_bringup/bin'
[2.017s] Level 1:colcon.colcon_core.environment:checking '/home/aliha1313/FUM6R-WS/install/ros2_control_bringup/lib/pkgconfig/ros2_control_bringup.pc'
[2.017s] Level 1:colcon.colcon_core.environment:checking '/home/aliha1313/FUM6R-WS/install/ros2_control_bringup/lib/python3.10/site-packages'
[2.017s] Level 1:colcon.colcon_core.shell:create_environment_hook('ros2_control_bringup', 'pythonpath')
[2.018s] INFO:colcon.colcon_core.shell:Creating environment hook '/home/aliha1313/FUM6R-WS/install/ros2_control_bringup/share/ros2_control_bringup/hook/pythonpath.ps1'
[2.018s] INFO:colcon.colcon_core.shell:Creating environment descriptor '/home/aliha1313/FUM6R-WS/install/ros2_control_bringup/share/ros2_control_bringup/hook/pythonpath.dsv'
[2.018s] INFO:colcon.colcon_core.shell:Creating environment hook '/home/aliha1313/FUM6R-WS/install/ros2_control_bringup/share/ros2_control_bringup/hook/pythonpath.sh'
[2.019s] Level 1:colcon.colcon_core.environment:checking '/home/aliha1313/FUM6R-WS/install/ros2_control_bringup/bin'
[2.019s] Level 1:colcon.colcon_core.environment:create_environment_scripts_only(ros2_control_bringup)
[2.020s] INFO:colcon.colcon_core.shell:Creating package script '/home/aliha1313/FUM6R-WS/install/ros2_control_bringup/share/ros2_control_bringup/package.ps1'
[2.021s] INFO:colcon.colcon_core.shell:Creating package descriptor '/home/aliha1313/FUM6R-WS/install/ros2_control_bringup/share/ros2_control_bringup/package.dsv'
[2.021s] INFO:colcon.colcon_core.shell:Creating package script '/home/aliha1313/FUM6R-WS/install/ros2_control_bringup/share/ros2_control_bringup/package.sh'
[2.022s] INFO:colcon.colcon_core.shell:Creating package script '/home/aliha1313/FUM6R-WS/install/ros2_control_bringup/share/ros2_control_bringup/package.bash'
[2.023s] INFO:colcon.colcon_core.shell:Creating package script '/home/aliha1313/FUM6R-WS/install/ros2_control_bringup/share/ros2_control_bringup/package.zsh'
[2.024s] Level 1:colcon.colcon_core.environment:create_file_with_runtime_dependencies(/home/aliha1313/FUM6R-WS/install/ros2_control_bringup/share/colcon-core/packages/ros2_control_bringup)
[2.024s] INFO:colcon.colcon_ros.task.ament_cmake.build:Building ROS package in '/home/aliha1313/FUM6R-WS/src/moveit_6r' with build type 'ament_cmake'
[2.025s] INFO:colcon.colcon_cmake.task.cmake.build:Building CMake package in '/home/aliha1313/FUM6R-WS/src/moveit_6r'
[2.025s] INFO:colcon.colcon_core.shell:Skip shell extension 'powershell' for command environment: Not usable outside of PowerShell
[2.025s] DEBUG:colcon.colcon_core.shell:Skip shell extension 'dsv' for command environment
[2.031s] Level 1:colcon.colcon_core.environment:checking '/home/aliha1313/FUM6R-WS/install/pidcontrollerpkg' for CMake module files
[2.032s] DEBUG:colcon.colcon_core.event_handler.log_command:Invoked command in '/home/aliha1313/FUM6R-WS/src/pidcontrollerpkg' returned '0': PYTHONPATH=/home/aliha1313/FUM6R-WS/build/pidcontrollerpkg/prefix_override:/home/aliha1313/FUM6R-WS/install/pidcontrollerpkg/lib/python3.10/site-packages:${PYTHONPATH} /usr/bin/python3 -W ignore:setup.py install is deprecated setup.py egg_info --egg-base ../../build/pidcontrollerpkg build --build-base /home/aliha1313/FUM6R-WS/build/pidcontrollerpkg/build install --record /home/aliha1313/FUM6R-WS/build/pidcontrollerpkg/install.log --single-version-externally-managed install_data
[2.032s] Level 1:colcon.colcon_core.environment:checking '/home/aliha1313/FUM6R-WS/install/pidcontrollerpkg' for CMake config files
[2.033s] Level 1:colcon.colcon_core.environment:checking '/home/aliha1313/FUM6R-WS/install/pidcontrollerpkg/lib'
[2.033s] Level 1:colcon.colcon_core.environment:checking '/home/aliha1313/FUM6R-WS/install/pidcontrollerpkg/bin'
[2.033s] Level 1:colcon.colcon_core.environment:checking '/home/aliha1313/FUM6R-WS/install/pidcontrollerpkg/lib/pkgconfig/pidcontrollerpkg.pc'
[2.033s] Level 1:colcon.colcon_core.environment:checking '/home/aliha1313/FUM6R-WS/install/pidcontrollerpkg/lib/python3.10/site-packages'
[2.033s] Level 1:colcon.colcon_core.shell:create_environment_hook('pidcontrollerpkg', 'pythonpath')
[2.034s] INFO:colcon.colcon_core.shell:Creating environment hook '/home/aliha1313/FUM6R-WS/install/pidcontrollerpkg/share/pidcontrollerpkg/hook/pythonpath.ps1'
[2.034s] INFO:colcon.colcon_core.shell:Creating environment descriptor '/home/aliha1313/FUM6R-WS/install/pidcontrollerpkg/share/pidcontrollerpkg/hook/pythonpath.dsv'
[2.034s] INFO:colcon.colcon_core.shell:Creating environment hook '/home/aliha1313/FUM6R-WS/install/pidcontrollerpkg/share/pidcontrollerpkg/hook/pythonpath.sh'
[2.035s] Level 1:colcon.colcon_core.environment:checking '/home/aliha1313/FUM6R-WS/install/pidcontrollerpkg/bin'
[2.035s] Level 1:colcon.colcon_core.environment:create_environment_scripts_only(pidcontrollerpkg)
[2.035s] INFO:colcon.colcon_core.shell:Creating package script '/home/aliha1313/FUM6R-WS/install/pidcontrollerpkg/share/pidcontrollerpkg/package.ps1'
[2.036s] INFO:colcon.colcon_core.shell:Creating package descriptor '/home/aliha1313/FUM6R-WS/install/pidcontrollerpkg/share/pidcontrollerpkg/package.dsv'
[2.036s] INFO:colcon.colcon_core.shell:Creating package script '/home/aliha1313/FUM6R-WS/install/pidcontrollerpkg/share/pidcontrollerpkg/package.sh'
[2.037s] INFO:colcon.colcon_core.shell:Creating package script '/home/aliha1313/FUM6R-WS/install/pidcontrollerpkg/share/pidcontrollerpkg/package.bash'
[2.037s] INFO:colcon.colcon_core.shell:Creating package script '/home/aliha1313/FUM6R-WS/install/pidcontrollerpkg/share/pidcontrollerpkg/package.zsh'
[2.038s] Level 1:colcon.colcon_core.environment:create_file_with_runtime_dependencies(/home/aliha1313/FUM6R-WS/install/pidcontrollerpkg/share/colcon-core/packages/pidcontrollerpkg)
[2.042s] DEBUG:colcon.colcon_core.event_handler.log_command:Invoking command in '/home/aliha1313/FUM6R-WS/build/moveit_6r': CMAKE_PREFIX_PATH=${CMAKE_PREFIX_PATH}:/home/aliha1313/FUM6R-WS/install/ros2_control_bringup:/home/aliha1313/FUM6R-WS/install/ros2_control_bringing_up:/home/aliha1313/FUM6R-WS/install/pidcontrollerpkg:/opt/ros/humble /usr/bin/cmake --build /home/aliha1313/FUM6R-WS/build/moveit_6r -- -j12 -l12
[2.324s] DEBUG:colcon.colcon_core.event_handler.log_command:Invoked command in '/home/aliha1313/FUM6R-WS/build/moveit_6r' returned '0': CMAKE_PREFIX_PATH=${CMAKE_PREFIX_PATH}:/home/aliha1313/FUM6R-WS/install/ros2_control_bringup:/home/aliha1313/FUM6R-WS/install/ros2_control_bringing_up:/home/aliha1313/FUM6R-WS/install/pidcontrollerpkg:/opt/ros/humble /usr/bin/cmake --build /home/aliha1313/FUM6R-WS/build/moveit_6r -- -j12 -l12
[2.355s] DEBUG:colcon.colcon_core.event_handler.log_command:Invoking command in '/home/aliha1313/FUM6R-WS/build/moveit_6r': CMAKE_PREFIX_PATH=${CMAKE_PREFIX_PATH}:/home/aliha1313/FUM6R-WS/install/ros2_control_bringup:/home/aliha1313/FUM6R-WS/install/ros2_control_bringing_up:/home/aliha1313/FUM6R-WS/install/pidcontrollerpkg:/opt/ros/humble /usr/bin/cmake --install /home/aliha1313/FUM6R-WS/build/moveit_6r
[2.368s] Level 1:colcon.colcon_core.environment:create_environment_scripts_only(moveit_6r)
[2.368s] Level 1:colcon.colcon_core.environment:checking '/home/aliha1313/FUM6R-WS/install/moveit_6r' for CMake module files
[2.369s] DEBUG:colcon.colcon_core.event_handler.log_command:Invoked command in '/home/aliha1313/FUM6R-WS/build/moveit_6r' returned '0': CMAKE_PREFIX_PATH=${CMAKE_PREFIX_PATH}:/home/aliha1313/FUM6R-WS/install/ros2_control_bringup:/home/aliha1313/FUM6R-WS/install/ros2_control_bringing_up:/home/aliha1313/FUM6R-WS/install/pidcontrollerpkg:/opt/ros/humble /usr/bin/cmake --install /home/aliha1313/FUM6R-WS/build/moveit_6r
[2.369s] Level 1:colcon.colcon_core.environment:checking '/home/aliha1313/FUM6R-WS/install/moveit_6r' for CMake config files
[2.370s] Level 1:colcon.colcon_core.shell:create_environment_hook('moveit_6r', 'cmake_prefix_path')
[2.370s] INFO:colcon.colcon_core.shell:Creating environment hook '/home/aliha1313/FUM6R-WS/install/moveit_6r/share/moveit_6r/hook/cmake_prefix_path.ps1'
[2.370s] INFO:colcon.colcon_core.shell:Creating environment descriptor '/home/aliha1313/FUM6R-WS/install/moveit_6r/share/moveit_6r/hook/cmake_prefix_path.dsv'
[2.371s] INFO:colcon.colcon_core.shell:Creating environment hook '/home/aliha1313/FUM6R-WS/install/moveit_6r/share/moveit_6r/hook/cmake_prefix_path.sh'
[2.371s] Level 1:colcon.colcon_core.environment:checking '/home/aliha1313/FUM6R-WS/install/moveit_6r/bin'
[2.371s] Level 1:colcon.colcon_core.environment:checking '/home/aliha1313/FUM6R-WS/install/moveit_6r/lib/pkgconfig/moveit_6r.pc'
[2.372s] Level 1:colcon.colcon_core.environment:checking '/home/aliha1313/FUM6R-WS/install/moveit_6r/lib/python3.10/site-packages'
[2.372s] Level 1:colcon.colcon_core.environment:checking '/home/aliha1313/FUM6R-WS/install/moveit_6r/bin'
[2.372s] INFO:colcon.colcon_core.shell:Creating package script '/home/aliha1313/FUM6R-WS/install/moveit_6r/share/moveit_6r/package.ps1'
[2.373s] INFO:colcon.colcon_core.shell:Creating package descriptor '/home/aliha1313/FUM6R-WS/install/moveit_6r/share/moveit_6r/package.dsv'
[2.373s] INFO:colcon.colcon_core.shell:Creating package script '/home/aliha1313/FUM6R-WS/install/moveit_6r/share/moveit_6r/package.sh'
[2.374s] INFO:colcon.colcon_core.shell:Creating package script '/home/aliha1313/FUM6R-WS/install/moveit_6r/share/moveit_6r/package.bash'
[2.374s] INFO:colcon.colcon_core.shell:Creating package script '/home/aliha1313/FUM6R-WS/install/moveit_6r/share/moveit_6r/package.zsh'
[2.374s] Level 1:colcon.colcon_core.environment:create_file_with_runtime_dependencies(/home/aliha1313/FUM6R-WS/install/moveit_6r/share/colcon-core/packages/moveit_6r)
[2.395s] Level 1:colcon.colcon_core.environment:create_environment_scripts_only(moveit_6r)
[2.395s] Level 1:colcon.colcon_core.environment:checking '/home/aliha1313/FUM6R-WS/install/moveit_6r' for CMake module files
[2.395s] Level 1:colcon.colcon_core.environment:checking '/home/aliha1313/FUM6R-WS/install/moveit_6r' for CMake config files
[2.396s] Level 1:colcon.colcon_core.shell:create_environment_hook('moveit_6r', 'cmake_prefix_path')
[2.396s] INFO:colcon.colcon_core.shell:Creating environment hook '/home/aliha1313/FUM6R-WS/install/moveit_6r/share/moveit_6r/hook/cmake_prefix_path.ps1'
[2.397s] INFO:colcon.colcon_core.shell:Creating environment descriptor '/home/aliha1313/FUM6R-WS/install/moveit_6r/share/moveit_6r/hook/cmake_prefix_path.dsv'
[2.397s] INFO:colcon.colcon_core.shell:Creating environment hook '/home/aliha1313/FUM6R-WS/install/moveit_6r/share/moveit_6r/hook/cmake_prefix_path.sh'
[2.398s] Level 1:colcon.colcon_core.environment:checking '/home/aliha1313/FUM6R-WS/install/moveit_6r/bin'
[2.398s] Level 1:colcon.colcon_core.environment:checking '/home/aliha1313/FUM6R-WS/install/moveit_6r/lib/pkgconfig/moveit_6r.pc'
[2.398s] Level 1:colcon.colcon_core.environment:checking '/home/aliha1313/FUM6R-WS/install/moveit_6r/lib/python3.10/site-packages'
[2.398s] Level 1:colcon.colcon_core.environment:checking '/home/aliha1313/FUM6R-WS/install/moveit_6r/bin'
[2.399s] INFO:colcon.colcon_core.shell:Creating package script '/home/aliha1313/FUM6R-WS/install/moveit_6r/share/moveit_6r/package.ps1'
[2.399s] INFO:colcon.colcon_core.shell:Creating package descriptor '/home/aliha1313/FUM6R-WS/install/moveit_6r/share/moveit_6r/package.dsv'
[2.400s] INFO:colcon.colcon_core.shell:Creating package script '/home/aliha1313/FUM6R-WS/install/moveit_6r/share/moveit_6r/package.sh'
[2.400s] INFO:colcon.colcon_core.shell:Creating package script '/home/aliha1313/FUM6R-WS/install/moveit_6r/share/moveit_6r/package.bash'
[2.401s] INFO:colcon.colcon_core.shell:Creating package script '/home/aliha1313/FUM6R-WS/install/moveit_6r/share/moveit_6r/package.zsh'
[2.401s] Level 1:colcon.colcon_core.environment:create_file_with_runtime_dependencies(/home/aliha1313/FUM6R-WS/install/moveit_6r/share/colcon-core/packages/moveit_6r)
[2.401s] DEBUG:colcon.colcon_parallel_executor.executor.parallel:closing loop
[2.402s] DEBUG:colcon.colcon_parallel_executor.executor.parallel:loop closed
[2.402s] DEBUG:colcon.colcon_parallel_executor.executor.parallel:run_until_complete finished with '0'
[2.402s] DEBUG:colcon.colcon_core.event_reactor:joining thread
[2.408s] INFO:colcon.colcon_core.plugin_system:Skipping extension 'colcon_notification.desktop_notification.notify_send': Could not find 'notify-send'
[2.408s] INFO:colcon.colcon_core.plugin_system:Skipping extension 'colcon_notification.desktop_notification.terminal_notifier': Not used on non-Darwin systems
[2.408s] INFO:colcon.colcon_core.plugin_system:Skipping extension 'colcon_notification.desktop_notification.win32': Not used on non-Windows systems
[2.408s] INFO:colcon.colcon_notification.desktop_notification:Sending desktop notification using 'notify2'
[2.421s] DEBUG:colcon.colcon_core.event_reactor:joined thread
[2.421s] INFO:colcon.colcon_core.shell:Creating prefix script '/home/aliha1313/FUM6R-WS/install/local_setup.ps1'
[2.422s] INFO:colcon.colcon_core.shell:Creating prefix util module '/home/aliha1313/FUM6R-WS/install/_local_setup_util_ps1.py'
[2.424s] INFO:colcon.colcon_core.shell:Creating prefix chain script '/home/aliha1313/FUM6R-WS/install/setup.ps1'
[2.425s] INFO:colcon.colcon_core.shell:Creating prefix script '/home/aliha1313/FUM6R-WS/install/local_setup.sh'
[2.426s] INFO:colcon.colcon_core.shell:Creating prefix util module '/home/aliha1313/FUM6R-WS/install/_local_setup_util_sh.py'
[2.427s] INFO:colcon.colcon_core.shell:Creating prefix chain script '/home/aliha1313/FUM6R-WS/install/setup.sh'
[2.428s] INFO:colcon.colcon_core.shell:Creating prefix script '/home/aliha1313/FUM6R-WS/install/local_setup.bash'
[2.429s] INFO:colcon.colcon_core.shell:Creating prefix chain script '/home/aliha1313/FUM6R-WS/install/setup.bash'
[2.430s] INFO:colcon.colcon_core.shell:Creating prefix script '/home/aliha1313/FUM6R-WS/install/local_setup.zsh'
[2.431s] INFO:colcon.colcon_core.shell:Creating prefix chain script '/home/aliha1313/FUM6R-WS/install/setup.zsh'
