[0.459s] Invoking command in '/home/aliha1313/FUM6R-WS/build/ros_ign_gazebo_manager': CMAKE_PREFIX_PATH=${CMAKE_PREFIX_PATH}:/home/aliha1313/FUM6R-WS/install/ros2_control_bringup:/home/aliha1313/FUM6R-WS/install/ros2_control_bringing_up:/home/aliha1313/FUM6R-WS/install/pidcontrollerpkg:/opt/ros/humble /usr/bin/cmake /home/aliha1313/FUM6R-WS/src/ign_manager -DCMAKE_INSTALL_PREFIX=/home/aliha1313/FUM6R-WS/install/ros_ign_gazebo_manager
[0.468s] -- Found ament_cmake: 1.3.8 (/opt/ros/humble/share/ament_cmake/cmake)
[0.589s] -- Found rclcpp: 16.0.8 (/opt/ros/humble/share/rclcpp/cmake)
[0.615s] -- Found rosidl_generator_c: 3.1.5 (/opt/ros/humble/share/rosidl_generator_c/cmake)
[0.617s] -- Found rosidl_adapter: 3.1.5 (/opt/ros/humble/share/rosidl_adapter/cmake)
[0.623s] -- Found rosidl_generator_cpp: 3.1.5 (/opt/ros/humble/share/rosidl_generator_cpp/cmake)
[0.632s] -- Using all available rosidl_typesupport_c: rosidl_typesupport_fastrtps_c;rosidl_typesupport_introspection_c
[0.646s] -- Using all available rosidl_typesupport_cpp: rosidl_typesupport_fastrtps_cpp;rosidl_typesupport_introspection_cpp
[0.699s] -- Found rmw_implementation_cmake: 6.1.1 (/opt/ros/humble/share/rmw_implementation_cmake/cmake)
[0.700s] -- Found rmw_fastrtps_cpp: 6.2.6 (/opt/ros/humble/share/rmw_fastrtps_cpp/cmake)
[0.804s] -- Using RMW implementation 'rmw_fastrtps_cpp' as default
[0.950s] -- Found geometry_msgs: 4.2.3 (/opt/ros/humble/share/geometry_msgs/cmake)
[0.989s] -- Found ros_ign_bridge: 0.244.13 (/opt/ros/humble/share/ros_ign_bridge/cmake)
[1.894s] [31mCMake Error at CMakeLists.txt:20 (find_package):
[1.894s]   By not providing "Findros_ign_interfaces.cmake" in CMAKE_MODULE_PATH this
[1.894s]   project has asked CMake to find a package configuration file provided by
[1.894s]   "ros_ign_interfaces", but CMake did not find one.
[1.894s] 
[1.894s]   Could not find a package configuration file provided by
[1.894s]   "ros_ign_interfaces" with any of the following names:
[1.895s] 
[1.895s]     ros_ign_interfacesConfig.cmake
[1.895s]     ros_ign_interfaces-config.cmake
[1.895s] 
[1.895s]   Add the installation prefix of "ros_ign_interfaces" to CMAKE_PREFIX_PATH or
[1.895s]   set "ros_ign_interfaces_DIR" to a directory containing one of the above
[1.895s]   files.  If "ros_ign_interfaces" provides a separate development package or
[1.895s]   SDK, be sure it has been installed.
[1.895s] 
[1.895s] [0m
[1.895s] -- Configuring incomplete, errors occurred!
[1.895s] See also "/home/aliha1313/FUM6R-WS/build/ros_ign_gazebo_manager/CMakeFiles/CMakeOutput.log".
[1.900s] Invoked command in '/home/aliha1313/FUM6R-WS/build/ros_ign_gazebo_manager' returned '1': CMAKE_PREFIX_PATH=${CMAKE_PREFIX_PATH}:/home/aliha1313/FUM6R-WS/install/ros2_control_bringup:/home/aliha1313/FUM6R-WS/install/ros2_control_bringing_up:/home/aliha1313/FUM6R-WS/install/pidcontrollerpkg:/opt/ros/humble /usr/bin/cmake /home/aliha1313/FUM6R-WS/src/ign_manager -DCMAKE_INSTALL_PREFIX=/home/aliha1313/FUM6R-WS/install/ros_ign_gazebo_manager
