[0.451s] Invoking command in '/home/aliha1313/FUM6R-WS/build/ros_ign_gazebo_manager': CMAKE_PREFIX_PATH=${CMAKE_PREFIX_PATH}:/home/aliha1313/FUM6R-WS/install/ros2_control_bringup:/home/aliha1313/FUM6R-WS/install/ros2_control_bringing_up:/home/aliha1313/FUM6R-WS/install/pidcontrollerpkg:/opt/ros/humble /usr/bin/cmake /home/aliha1313/FUM6R-WS/src/ign_manager -DCMAKE_INSTALL_PREFIX=/home/aliha1313/FUM6R-WS/install/ros_ign_gazebo_manager
[0.526s] -- The C compiler identification is GNU 11.4.0
[0.588s] -- The CXX compiler identification is GNU 11.4.0
[0.596s] -- Detecting C compiler ABI info
[0.648s] -- Detecting C compiler ABI info - done
[0.655s] -- Check for working C compiler: /usr/bin/cc - skipped
[0.655s] -- Detecting C compile features
[0.655s] -- Detecting C compile features - done
[0.659s] -- Detecting CXX compiler ABI info
[0.720s] -- Detecting CXX compiler ABI info - done
[0.727s] -- Check for working CXX compiler: /usr/bin/c++ - skipped
[0.727s] -- Detecting CXX compile features
[0.728s] -- Detecting CXX compile features - done
[0.731s] -- Found ament_cmake: 1.3.8 (/opt/ros/humble/share/ament_cmake/cmake)
[0.869s] -- Found Python3: /usr/bin/python3 (found version "3.10.12") found components: Interpreter 
[0.974s] -- Found rclcpp: 16.0.8 (/opt/ros/humble/share/rclcpp/cmake)
[1.047s] -- Found rosidl_generator_c: 3.1.5 (/opt/ros/humble/share/rosidl_generator_c/cmake)
[1.053s] -- Found rosidl_adapter: 3.1.5 (/opt/ros/humble/share/rosidl_adapter/cmake)
[1.063s] -- Found rosidl_generator_cpp: 3.1.5 (/opt/ros/humble/share/rosidl_generator_cpp/cmake)
[1.078s] -- Using all available rosidl_typesupport_c: rosidl_typesupport_fastrtps_c;rosidl_typesupport_introspection_c
[1.101s] -- Using all available rosidl_typesupport_cpp: rosidl_typesupport_fastrtps_cpp;rosidl_typesupport_introspection_cpp
[1.173s] -- Found rmw_implementation_cmake: 6.1.1 (/opt/ros/humble/share/rmw_implementation_cmake/cmake)
[1.177s] -- Found rmw_fastrtps_cpp: 6.2.6 (/opt/ros/humble/share/rmw_fastrtps_cpp/cmake)
[1.260s] -- Found OpenSSL: /usr/lib/x86_64-linux-gnu/libcrypto.so (found version "3.0.2")  
[1.282s] -- Found FastRTPS: /opt/ros/humble/include  
[1.323s] -- Using RMW implementation 'rmw_fastrtps_cpp' as default
[1.334s] -- Looking for pthread.h
[1.389s] -- Looking for pthread.h - found
[1.389s] -- Performing Test CMAKE_HAVE_LIBC_PTHREAD
[1.442s] -- Performing Test CMAKE_HAVE_LIBC_PTHREAD - Success
[1.443s] -- Found Threads: TRUE  
[1.598s] -- Found geometry_msgs: 4.2.3 (/opt/ros/humble/share/geometry_msgs/cmake)
[1.644s] -- Found ros_ign_bridge: 0.244.13 (/opt/ros/humble/share/ros_ign_bridge/cmake)
[2.707s] [31mCMake Error at CMakeLists.txt:20 (find_package):
[2.708s]   By not providing "Findros_ign_interfaces.cmake" in CMAKE_MODULE_PATH this
[2.708s]   project has asked CMake to find a package configuration file provided by
[2.708s]   "ros_ign_interfaces", but CMake did not find one.
[2.708s] 
[2.708s]   Could not find a package configuration file provided by
[2.708s]   "ros_ign_interfaces" with any of the following names:
[2.708s] 
[2.708s]     ros_ign_interfacesConfig.cmake
[2.708s]     ros_ign_interfaces-config.cmake
[2.708s] 
[2.708s]   Add the installation prefix of "ros_ign_interfaces" to CMAKE_PREFIX_PATH or
[2.708s]   set "ros_ign_interfaces_DIR" to a directory containing one of the above
[2.709s]   files.  If "ros_ign_interfaces" provides a separate development package or
[2.709s]   SDK, be sure it has been installed.
[2.709s] 
[2.709s] [0m
[2.709s] -- Configuring incomplete, errors occurred!
[2.709s] See also "/home/aliha1313/FUM6R-WS/build/ros_ign_gazebo_manager/CMakeFiles/CMakeOutput.log".
[2.716s] Invoked command in '/home/aliha1313/FUM6R-WS/build/ros_ign_gazebo_manager' returned '1': CMAKE_PREFIX_PATH=${CMAKE_PREFIX_PATH}:/home/aliha1313/FUM6R-WS/install/ros2_control_bringup:/home/aliha1313/FUM6R-WS/install/ros2_control_bringing_up:/home/aliha1313/FUM6R-WS/install/pidcontrollerpkg:/opt/ros/humble /usr/bin/cmake /home/aliha1313/FUM6R-WS/src/ign_manager -DCMAKE_INSTALL_PREFIX=/home/aliha1313/FUM6R-WS/install/ros_ign_gazebo_manager
