running egg_info
writing ../../build/pidcontrollerpkg/pidcontrollerpkg.egg-info/PKG-INFO
writing dependency_links to ../../build/pidcontrollerpkg/pidcontrollerpkg.egg-info/dependency_links.txt
writing entry points to ../../build/pidcontrollerpkg/pidcontrollerpkg.egg-info/entry_points.txt
writing requirements to ../../build/pidcontrollerpkg/pidcontrollerpkg.egg-info/requires.txt
writing top-level names to ../../build/pidcontrollerpkg/pidcontrollerpkg.egg-info/top_level.txt
reading manifest file '../../build/pidcontrollerpkg/pidcontrollerpkg.egg-info/SOURCES.txt'
writing manifest file '../../build/pidcontrollerpkg/pidcontrollerpkg.egg-info/SOURCES.txt'
running build
running build_py
copying pidcontrollerpkg/PidOptAll_V6.py -> /home/aliha1313/FUM6R-WS/build/pidcontrollerpkg/build/lib/pidcontrollerpkg
running install
running install_lib
copying /home/aliha1313/FUM6R-WS/build/pidcontrollerpkg/build/lib/pidcontrollerpkg/PidOptAll_V6.py -> /home/aliha1313/FUM6R-WS/install/pidcontrollerpkg/lib/python3.10/site-packages/pidcontrollerpkg
byte-compiling /home/aliha1313/FUM6R-WS/install/pidcontrollerpkg/lib/python3.10/site-packages/pidcontrollerpkg/PidOptAll_V6.py to PidOptAll_V6.cpython-310.pyc
running install_data
running install_egg_info
removing '/home/aliha1313/FUM6R-WS/install/pidcontrollerpkg/lib/python3.10/site-packages/pidcontrollerpkg-0.0.0-py3.10.egg-info' (and everything under it)
Copying ../../build/pidcontrollerpkg/pidcontrollerpkg.egg-info to /home/aliha1313/FUM6R-WS/install/pidcontrollerpkg/lib/python3.10/site-packages/pidcontrollerpkg-0.0.0-py3.10.egg-info
running install_scripts
Installing pidinv script to /home/aliha1313/FUM6R-WS/install/pidcontrollerpkg/lib/pidcontrollerpkg
Installing pidnode1 script to /home/aliha1313/FUM6R-WS/install/pidcontrollerpkg/lib/pidcontrollerpkg
Installing pidnode2 script to /home/aliha1313/FUM6R-WS/install/pidcontrollerpkg/lib/pidcontrollerpkg
Installing pidnode3 script to /home/aliha1313/FUM6R-WS/install/pidcontrollerpkg/lib/pidcontrollerpkg
Installing settorque script to /home/aliha1313/FUM6R-WS/install/pidcontrollerpkg/lib/pidcontrollerpkg
writing list of installed files to '/home/aliha1313/FUM6R-WS/build/pidcontrollerpkg/install.log'
