[0.074s] Invoking command in '/home/aliha1313/FUM6R-WS/build/motion_planning': /usr/bin/cmake --build /home/aliha1313/FUM6R-WS/build/motion_planning -- -j12 -l12
[0.997s] [ 33%] Built target position_subscriber
[0.997s] [100%] Built target position_target
[0.998s] [100%] Built target waypoints_target
[1.600s] Invoked command in '/home/aliha1313/FUM6R-WS/build/motion_planning' returned '0': /usr/bin/cmake --build /home/aliha1313/FUM6R-WS/build/motion_planning -- -j12 -l12
[1.649s] Invoking command in '/home/aliha1313/FUM6R-WS/build/motion_planning': /usr/bin/cmake --install /home/aliha1313/FUM6R-WS/build/motion_planning
[1.689s] -- Install configuration: ""
[1.690s] -- Up-to-date: /home/aliha1313/FUM6R-WS/install/motion_planning/lib/motion_planning/position_target
[1.690s] -- Up-to-date: /home/aliha1313/FUM6R-WS/install/motion_planning/lib/motion_planning/position_subscriber
[1.690s] -- Up-to-date: /home/aliha1313/FUM6R-WS/install/motion_planning/lib/motion_planning/waypoints_target
[1.691s] -- Up-to-date: /home/aliha1313/FUM6R-WS/install/motion_planning/share/ament_index/resource_index/package_run_dependencies/motion_planning
[1.691s] -- Up-to-date: /home/aliha1313/FUM6R-WS/install/motion_planning/share/ament_index/resource_index/parent_prefix_path/motion_planning
[1.691s] -- Up-to-date: /home/aliha1313/FUM6R-WS/install/motion_planning/share/motion_planning/environment/ament_prefix_path.sh
[1.692s] -- Up-to-date: /home/aliha1313/FUM6R-WS/install/motion_planning/share/motion_planning/environment/ament_prefix_path.dsv
[1.693s] -- Up-to-date: /home/aliha1313/FUM6R-WS/install/motion_planning/share/motion_planning/environment/path.sh
[1.693s] -- Up-to-date: /home/aliha1313/FUM6R-WS/install/motion_planning/share/motion_planning/environment/path.dsv
[1.693s] -- Up-to-date: /home/aliha1313/FUM6R-WS/install/motion_planning/share/motion_planning/local_setup.bash
[1.694s] -- Up-to-date: /home/aliha1313/FUM6R-WS/install/motion_planning/share/motion_planning/local_setup.sh
[1.694s] -- Up-to-date: /home/aliha1313/FUM6R-WS/install/motion_planning/share/motion_planning/local_setup.zsh
[1.694s] -- Up-to-date: /home/aliha1313/FUM6R-WS/install/motion_planning/share/motion_planning/local_setup.dsv
[1.694s] -- Installing: /home/aliha1313/FUM6R-WS/install/motion_planning/share/motion_planning/package.dsv
[1.695s] -- Up-to-date: /home/aliha1313/FUM6R-WS/install/motion_planning/share/ament_index/resource_index/packages/motion_planning
[1.695s] -- Up-to-date: /home/aliha1313/FUM6R-WS/install/motion_planning/share/motion_planning/cmake/motion_planningConfig.cmake
[1.696s] -- Up-to-date: /home/aliha1313/FUM6R-WS/install/motion_planning/share/motion_planning/cmake/motion_planningConfig-version.cmake
[1.696s] -- Up-to-date: /home/aliha1313/FUM6R-WS/install/motion_planning/share/motion_planning/package.xml
[1.740s] Invoked command in '/home/aliha1313/FUM6R-WS/build/motion_planning' returned '0': /usr/bin/cmake --install /home/aliha1313/FUM6R-WS/build/motion_planning
