/home/aliha1313/FUM6R-WS/install/ros2_control_bringup/lib/python3.10/site-packages/ros2_control_bringup/controller_test.py
/home/aliha1313/FUM6R-WS/install/ros2_control_bringup/lib/python3.10/site-packages/ros2_control_bringup/p3dtest.py
/home/aliha1313/FUM6R-WS/install/ros2_control_bringup/lib/python3.10/site-packages/ros2_control_bringup/test.py
/home/aliha1313/FUM6R-WS/install/ros2_control_bringup/lib/python3.10/site-packages/ros2_control_bringup/controller_Inv_test.py
/home/aliha1313/FUM6R-WS/install/ros2_control_bringup/lib/python3.10/site-packages/ros2_control_bringup/ball_spawn.py
/home/aliha1313/FUM6R-WS/install/ros2_control_bringup/lib/python3.10/site-packages/ros2_control_bringup/__init__.py
/home/aliha1313/FUM6R-WS/install/ros2_control_bringup/lib/python3.10/site-packages/ros2_control_bringup/inverse_kinematics.py
/home/aliha1313/FUM6R-WS/install/ros2_control_bringup/lib/python3.10/site-packages/ros2_control_bringup/__pycache__/controller_test.cpython-310.pyc
/home/aliha1313/FUM6R-WS/install/ros2_control_bringup/lib/python3.10/site-packages/ros2_control_bringup/__pycache__/p3dtest.cpython-310.pyc
/home/aliha1313/FUM6R-WS/install/ros2_control_bringup/lib/python3.10/site-packages/ros2_control_bringup/__pycache__/test.cpython-310.pyc
/home/aliha1313/FUM6R-WS/install/ros2_control_bringup/lib/python3.10/site-packages/ros2_control_bringup/__pycache__/controller_Inv_test.cpython-310.pyc
/home/aliha1313/FUM6R-WS/install/ros2_control_bringup/lib/python3.10/site-packages/ros2_control_bringup/__pycache__/ball_spawn.cpython-310.pyc
/home/aliha1313/FUM6R-WS/install/ros2_control_bringup/lib/python3.10/site-packages/ros2_control_bringup/__pycache__/__init__.cpython-310.pyc
/home/aliha1313/FUM6R-WS/install/ros2_control_bringup/lib/python3.10/site-packages/ros2_control_bringup/__pycache__/inverse_kinematics.cpython-310.pyc
/home/aliha1313/FUM6R-WS/install/ros2_control_bringup/share/ament_index/resource_index/packages/ros2_control_bringup
/home/aliha1313/FUM6R-WS/install/ros2_control_bringup/share/ros2_control_bringup/package.xml
/home/aliha1313/FUM6R-WS/install/ros2_control_bringup/share/ros2_control_bringup/launch/ball_spawn.launch.py
/home/aliha1313/FUM6R-WS/install/ros2_control_bringup/share/ros2_control_bringup/launch/rviz.launch.py
/home/aliha1313/FUM6R-WS/install/ros2_control_bringup/share/ros2_control_bringup/launch/ros_con.launch.py
/home/aliha1313/FUM6R-WS/install/ros2_control_bringup/share/ros2_control_bringup/launch/webots.launch.py
/home/aliha1313/FUM6R-WS/install/ros2_control_bringup/share/ros2_control_bringup/launch/roscontrol.launch.py
/home/aliha1313/FUM6R-WS/install/ros2_control_bringup/share/ros2_control_bringup/launch/gazebo.launch.py
/home/aliha1313/FUM6R-WS/install/ros2_control_bringup/share/ros2_control_bringup/launch/controller.launch.py
/home/aliha1313/FUM6R-WS/install/ros2_control_bringup/share/ros2_control_bringup/urdf/fum6r_new.urdf
/home/aliha1313/FUM6R-WS/install/ros2_control_bringup/share/ros2_control_bringup/urdf/FUM6R.urdf
/home/aliha1313/FUM6R-WS/install/ros2_control_bringup/share/ros2_control_bringup/urdf/fum6r_new_position.urdf
/home/aliha1313/FUM6R-WS/install/ros2_control_bringup/share/ros2_control_bringup/urdf/fum6r_new_corsys.urdf.xacro
/home/aliha1313/FUM6R-WS/install/ros2_control_bringup/share/ros2_control_bringup/urdf/fum6r.urdf
/home/aliha1313/FUM6R-WS/install/ros2_control_bringup/share/ros2_control_bringup/urdf/FUM6R_u.urdf
/home/aliha1313/FUM6R-WS/install/ros2_control_bringup/share/ros2_control_bringup/config/jtcPID.yaml
/home/aliha1313/FUM6R-WS/install/ros2_control_bringup/share/ros2_control_bringup/config/jtc.yaml
/home/aliha1313/FUM6R-WS/install/ros2_control_bringup/share/ros2_control_bringup/config/jtc_position.yaml
/home/aliha1313/FUM6R-WS/install/ros2_control_bringup/share/ros2_control_bringup/world/FUM6R_u.world
/home/aliha1313/FUM6R-WS/install/ros2_control_bringup/share/ros2_control_bringup/world/my_world.wbt
/home/aliha1313/FUM6R-WS/install/ros2_control_bringup/share/ros2_control_bringup/sdf/ball.sdf
/home/aliha1313/FUM6R-WS/install/ros2_control_bringup/lib/python3.10/site-packages/ros2_control_bringup-0.0.0-py3.10.egg-info/PKG-INFO
/home/aliha1313/FUM6R-WS/install/ros2_control_bringup/lib/python3.10/site-packages/ros2_control_bringup-0.0.0-py3.10.egg-info/requires.txt
/home/aliha1313/FUM6R-WS/install/ros2_control_bringup/lib/python3.10/site-packages/ros2_control_bringup-0.0.0-py3.10.egg-info/entry_points.txt
/home/aliha1313/FUM6R-WS/install/ros2_control_bringup/lib/python3.10/site-packages/ros2_control_bringup-0.0.0-py3.10.egg-info/zip-safe
/home/aliha1313/FUM6R-WS/install/ros2_control_bringup/lib/python3.10/site-packages/ros2_control_bringup-0.0.0-py3.10.egg-info/SOURCES.txt
/home/aliha1313/FUM6R-WS/install/ros2_control_bringup/lib/python3.10/site-packages/ros2_control_bringup-0.0.0-py3.10.egg-info/top_level.txt
/home/aliha1313/FUM6R-WS/install/ros2_control_bringup/lib/python3.10/site-packages/ros2_control_bringup-0.0.0-py3.10.egg-info/dependency_links.txt
/home/aliha1313/FUM6R-WS/install/ros2_control_bringup/lib/ros2_control_bringup/CtrlInvTest
/home/aliha1313/FUM6R-WS/install/ros2_control_bringup/lib/ros2_control_bringup/CtrlTest
/home/aliha1313/FUM6R-WS/install/ros2_control_bringup/lib/ros2_control_bringup/ball
