[0.958s] DEBUG:colcon:Command line arguments: ['/usr/bin/colcon', 'build']
[0.959s] DEBUG:colcon:Parsed command line arguments: Namespace(allow_overriding=[], ament_cmake_args=None, base_paths=['.'], build_base='build', catkin_cmake_args=None, catkin_skip_building_tests=False, cmake_args=None, cmake_clean_cache=False, cmake_clean_first=False, cmake_force_configure=False, cmake_target=None, cmake_target_skip_unavailable=False, continue_on_error=False, event_handlers=None, executor='parallel', ignore_user_meta=False, install_base='install', log_base=None, log_level=None, main=<bound method BuildVerb.main of <colcon_core.verb.build.BuildVerb object at 0x7fd7cde1b3d0>>, merge_install=False, metas=['./colcon.meta'], packages_above=None, packages_above_and_dependencies=None, packages_above_depth=None, packages_end=None, packages_ignore=None, packages_ignore_regex=None, packages_select=None, packages_select_build_failed=False, packages_select_by_dep=None, packages_select_regex=None, packages_select_test_failures=False, packages_skip=None, packages_skip_build_finished=False, packages_skip_by_dep=None, packages_skip_regex=None, packages_skip_test_passed=False, packages_skip_up_to=None, packages_start=None, packages_up_to=None, packages_up_to_regex=None, parallel_workers=12, paths=None, symlink_install=False, test_result_base=None, verb_extension=<colcon_core.verb.build.BuildVerb object at 0x7fd7cde1b3d0>, verb_name='build', verb_parser=<colcon_defaults.argument_parser.defaults.DefaultArgumentsDecorator object at 0x7fd7cde1b910>)
[1.004s] Level 1:colcon.colcon_core.package_discovery:discover_packages(colcon_meta) check parameters
[1.004s] Level 1:colcon.colcon_core.package_discovery:discover_packages(recursive) check parameters
[1.004s] Level 1:colcon.colcon_core.package_discovery:discover_packages(ignore) check parameters
[1.004s] Level 1:colcon.colcon_core.package_discovery:discover_packages(path) check parameters
[1.004s] Level 1:colcon.colcon_core.package_discovery:discover_packages(colcon_meta) discover
[1.004s] Level 1:colcon.colcon_core.package_discovery:discover_packages(recursive) discover
[1.004s] INFO:colcon.colcon_core.package_discovery:Crawling recursively for packages in '/home/aliha1313/FUM6R-WS/src/pidcontrollerpkg'
[1.004s] Level 1:colcon.colcon_core.package_identification:_identify(.) by extensions ['ignore', 'ignore_ament_install']
[1.005s] Level 1:colcon.colcon_core.package_identification:_identify(.) by extension 'ignore'
[1.005s] Level 1:colcon.colcon_core.package_identification:_identify(.) by extension 'ignore_ament_install'
[1.005s] Level 1:colcon.colcon_core.package_identification:_identify(.) by extensions ['colcon_pkg']
[1.005s] Level 1:colcon.colcon_core.package_identification:_identify(.) by extension 'colcon_pkg'
[1.005s] Level 1:colcon.colcon_core.package_identification:_identify(.) by extensions ['colcon_meta']
[1.005s] Level 1:colcon.colcon_core.package_identification:_identify(.) by extension 'colcon_meta'
[1.005s] Level 1:colcon.colcon_core.package_identification:_identify(.) by extensions ['ros']
[1.005s] Level 1:colcon.colcon_core.package_identification:_identify(.) by extension 'ros'
[1.058s] DEBUG:colcon.colcon_core.package_identification:Package '.' with type 'ros.ament_python' and name 'pidcontrollerpkg'
[1.058s] Level 1:colcon.colcon_core.package_discovery:discover_packages(recursive) using defaults
[1.058s] Level 1:colcon.colcon_core.package_discovery:discover_packages(ignore) discover
[1.058s] Level 1:colcon.colcon_core.package_discovery:discover_packages(ignore) using defaults
[1.058s] Level 1:colcon.colcon_core.package_discovery:discover_packages(path) discover
[1.058s] Level 1:colcon.colcon_core.package_discovery:discover_packages(path) using defaults
[1.093s] Level 1:colcon.colcon_core.package_discovery:discover_packages(prefix_path) check parameters
[1.093s] Level 1:colcon.colcon_core.package_discovery:discover_packages(prefix_path) discover
[1.099s] DEBUG:colcon.colcon_installed_package_information.package_discovery:Found 1 installed packages in /home/aliha1313/FUM6R-WS/src/pidcontrollerpkg/install
[1.100s] DEBUG:colcon.colcon_installed_package_information.package_discovery:Found 1 installed packages in /home/aliha1313/FUM6R-WS/src/Ros2ControlBringingUp/install
[1.101s] DEBUG:colcon.colcon_installed_package_information.package_discovery:Found 1 installed packages in /home/aliha1313/FUM6R-First-Steps-main/pidcontrollerpkg/install
[1.102s] DEBUG:colcon.colcon_installed_package_information.package_discovery:Found 1 installed packages in /home/aliha1313/FUM6R-First-Steps-main/GazeboRos6RPlugin/torque_message/install
[1.105s] DEBUG:colcon.colcon_installed_package_information.package_discovery:Found 289 installed packages in /opt/ros/foxy
[1.107s] Level 1:colcon.colcon_core.package_discovery:discover_packages(prefix_path) using defaults
[1.215s] Level 5:colcon.colcon_core.verb:set package 'pidcontrollerpkg' build argument 'cmake_args' from command line to 'None'
[1.215s] Level 5:colcon.colcon_core.verb:set package 'pidcontrollerpkg' build argument 'cmake_target' from command line to 'None'
[1.215s] Level 5:colcon.colcon_core.verb:set package 'pidcontrollerpkg' build argument 'cmake_target_skip_unavailable' from command line to 'False'
[1.215s] Level 5:colcon.colcon_core.verb:set package 'pidcontrollerpkg' build argument 'cmake_clean_cache' from command line to 'False'
[1.216s] Level 5:colcon.colcon_core.verb:set package 'pidcontrollerpkg' build argument 'cmake_clean_first' from command line to 'False'
[1.216s] Level 5:colcon.colcon_core.verb:set package 'pidcontrollerpkg' build argument 'cmake_force_configure' from command line to 'False'
[1.216s] Level 5:colcon.colcon_core.verb:set package 'pidcontrollerpkg' build argument 'ament_cmake_args' from command line to 'None'
[1.216s] Level 5:colcon.colcon_core.verb:set package 'pidcontrollerpkg' build argument 'catkin_cmake_args' from command line to 'None'
[1.216s] Level 5:colcon.colcon_core.verb:set package 'pidcontrollerpkg' build argument 'catkin_skip_building_tests' from command line to 'False'
[1.216s] DEBUG:colcon.colcon_core.verb:Building package 'pidcontrollerpkg' with the following arguments: {'ament_cmake_args': None, 'build_base': '/home/aliha1313/FUM6R-WS/src/pidcontrollerpkg/build/pidcontrollerpkg', 'catkin_cmake_args': None, 'catkin_skip_building_tests': False, 'cmake_args': None, 'cmake_clean_cache': False, 'cmake_clean_first': False, 'cmake_force_configure': False, 'cmake_target': None, 'cmake_target_skip_unavailable': False, 'install_base': '/home/aliha1313/FUM6R-WS/src/pidcontrollerpkg/install/pidcontrollerpkg', 'merge_install': False, 'path': '/home/aliha1313/FUM6R-WS/src/pidcontrollerpkg', 'symlink_install': False, 'test_result_base': None}
[1.217s] INFO:colcon.colcon_core.executor:Executing jobs using 'parallel' executor
[1.223s] DEBUG:colcon.colcon_parallel_executor.executor.parallel:run_until_complete
[1.224s] INFO:colcon.colcon_ros.task.ament_python.build:Building ROS package in '/home/aliha1313/FUM6R-WS/src/pidcontrollerpkg' with build type 'ament_python'
[1.224s] Level 1:colcon.colcon_core.shell:create_environment_hook('pidcontrollerpkg', 'ament_prefix_path')
[1.231s] INFO:colcon.colcon_core.plugin_system:Skipping extension 'colcon_core.shell.bat': Not used on non-Windows systems
[1.232s] INFO:colcon.colcon_core.shell:Creating environment hook '/home/aliha1313/FUM6R-WS/src/pidcontrollerpkg/install/pidcontrollerpkg/share/pidcontrollerpkg/hook/ament_prefix_path.ps1'
[1.233s] INFO:colcon.colcon_core.shell:Creating environment descriptor '/home/aliha1313/FUM6R-WS/src/pidcontrollerpkg/install/pidcontrollerpkg/share/pidcontrollerpkg/hook/ament_prefix_path.dsv'
[1.233s] INFO:colcon.colcon_core.shell:Creating environment hook '/home/aliha1313/FUM6R-WS/src/pidcontrollerpkg/install/pidcontrollerpkg/share/pidcontrollerpkg/hook/ament_prefix_path.sh'
[1.237s] INFO:colcon.colcon_core.shell:Skip shell extension 'powershell' for command environment: Not usable outside of PowerShell
[1.237s] DEBUG:colcon.colcon_core.shell:Skip shell extension 'dsv' for command environment
[1.644s] INFO:colcon.colcon_core.task.python.build:Building Python package in '/home/aliha1313/FUM6R-WS/src/pidcontrollerpkg'
[1.649s] INFO:colcon.colcon_core.shell:Skip shell extension 'powershell' for command environment: Not usable outside of PowerShell
[1.649s] DEBUG:colcon.colcon_core.shell:Skip shell extension 'dsv' for command environment
[2.487s] DEBUG:colcon.colcon_core.event_handler.log_command:Invoking command in '/home/aliha1313/FUM6R-WS/src/pidcontrollerpkg': PYTHONPATH=/home/aliha1313/FUM6R-WS/src/pidcontrollerpkg/build/pidcontrollerpkg/prefix_override:/home/aliha1313/FUM6R-WS/src/pidcontrollerpkg/install/pidcontrollerpkg/lib/python3.8/site-packages:${PYTHONPATH} /usr/bin/python3 setup.py egg_info --egg-base build/pidcontrollerpkg build --build-base /home/aliha1313/FUM6R-WS/src/pidcontrollerpkg/build/pidcontrollerpkg/build install --record /home/aliha1313/FUM6R-WS/src/pidcontrollerpkg/build/pidcontrollerpkg/install.log --install-scripts $base/lib/pidcontrollerpkg --single-version-externally-managed
[2.985s] DEBUG:colcon.colcon_core.event_handler.log_command:Invoked command in '/home/aliha1313/FUM6R-WS/src/pidcontrollerpkg' returned '0': PYTHONPATH=/home/aliha1313/FUM6R-WS/src/pidcontrollerpkg/build/pidcontrollerpkg/prefix_override:/home/aliha1313/FUM6R-WS/src/pidcontrollerpkg/install/pidcontrollerpkg/lib/python3.8/site-packages:${PYTHONPATH} /usr/bin/python3 setup.py egg_info --egg-base build/pidcontrollerpkg build --build-base /home/aliha1313/FUM6R-WS/src/pidcontrollerpkg/build/pidcontrollerpkg/build install --record /home/aliha1313/FUM6R-WS/src/pidcontrollerpkg/build/pidcontrollerpkg/install.log --install-scripts $base/lib/pidcontrollerpkg --single-version-externally-managed
[2.990s] Level 1:colcon.colcon_core.environment:checking '/home/aliha1313/FUM6R-WS/src/pidcontrollerpkg/install/pidcontrollerpkg' for CMake module files
[2.990s] Level 1:colcon.colcon_core.environment:checking '/home/aliha1313/FUM6R-WS/src/pidcontrollerpkg/install/pidcontrollerpkg' for CMake config files
[2.991s] Level 1:colcon.colcon_core.environment:checking '/home/aliha1313/FUM6R-WS/src/pidcontrollerpkg/install/pidcontrollerpkg/lib'
[2.992s] Level 1:colcon.colcon_core.environment:checking '/home/aliha1313/FUM6R-WS/src/pidcontrollerpkg/install/pidcontrollerpkg/bin'
[2.992s] Level 1:colcon.colcon_core.environment:checking '/home/aliha1313/FUM6R-WS/src/pidcontrollerpkg/install/pidcontrollerpkg/lib/pkgconfig/pidcontrollerpkg.pc'
[2.993s] Level 1:colcon.colcon_core.environment:checking '/home/aliha1313/FUM6R-WS/src/pidcontrollerpkg/install/pidcontrollerpkg/lib/python3.8/site-packages'
[2.993s] Level 1:colcon.colcon_core.shell:create_environment_hook('pidcontrollerpkg', 'pythonpath')
[2.995s] INFO:colcon.colcon_core.shell:Creating environment hook '/home/aliha1313/FUM6R-WS/src/pidcontrollerpkg/install/pidcontrollerpkg/share/pidcontrollerpkg/hook/pythonpath.ps1'
[2.997s] INFO:colcon.colcon_core.shell:Creating environment descriptor '/home/aliha1313/FUM6R-WS/src/pidcontrollerpkg/install/pidcontrollerpkg/share/pidcontrollerpkg/hook/pythonpath.dsv'
[2.998s] INFO:colcon.colcon_core.shell:Creating environment hook '/home/aliha1313/FUM6R-WS/src/pidcontrollerpkg/install/pidcontrollerpkg/share/pidcontrollerpkg/hook/pythonpath.sh'
[2.999s] Level 1:colcon.colcon_core.environment:checking '/home/aliha1313/FUM6R-WS/src/pidcontrollerpkg/install/pidcontrollerpkg/bin'
[2.999s] Level 1:colcon.colcon_core.environment:create_environment_scripts_only(pidcontrollerpkg)
[3.001s] INFO:colcon.colcon_core.shell:Creating package script '/home/aliha1313/FUM6R-WS/src/pidcontrollerpkg/install/pidcontrollerpkg/share/pidcontrollerpkg/package.ps1'
[3.003s] INFO:colcon.colcon_core.shell:Creating package descriptor '/home/aliha1313/FUM6R-WS/src/pidcontrollerpkg/install/pidcontrollerpkg/share/pidcontrollerpkg/package.dsv'
[3.004s] INFO:colcon.colcon_core.shell:Creating package script '/home/aliha1313/FUM6R-WS/src/pidcontrollerpkg/install/pidcontrollerpkg/share/pidcontrollerpkg/package.sh'
[3.005s] INFO:colcon.colcon_core.shell:Creating package script '/home/aliha1313/FUM6R-WS/src/pidcontrollerpkg/install/pidcontrollerpkg/share/pidcontrollerpkg/package.bash'
[3.006s] INFO:colcon.colcon_core.shell:Creating package script '/home/aliha1313/FUM6R-WS/src/pidcontrollerpkg/install/pidcontrollerpkg/share/pidcontrollerpkg/package.zsh'
[3.006s] Level 1:colcon.colcon_core.environment:create_file_with_runtime_dependencies(/home/aliha1313/FUM6R-WS/src/pidcontrollerpkg/install/pidcontrollerpkg/share/colcon-core/packages/pidcontrollerpkg)
[3.007s] DEBUG:colcon.colcon_parallel_executor.executor.parallel:closing loop
[3.008s] DEBUG:colcon.colcon_parallel_executor.executor.parallel:loop closed
[3.009s] DEBUG:colcon.colcon_parallel_executor.executor.parallel:run_until_complete finished with '0'
[3.010s] DEBUG:colcon.colcon_core.event_reactor:joining thread
[3.267s] INFO:colcon.colcon_core.plugin_system:Skipping extension 'colcon_notification.desktop_notification.notify_send': Could not find 'notify-send'
[3.268s] INFO:colcon.colcon_core.plugin_system:Skipping extension 'colcon_notification.desktop_notification.terminal_notifier': Not used on non-Darwin systems
[3.268s] INFO:colcon.colcon_core.plugin_system:Skipping extension 'colcon_notification.desktop_notification.win32': Not used on non-Windows systems
[3.268s] INFO:colcon.colcon_notification.desktop_notification:Sending desktop notification using 'notify2'
[3.279s] DEBUG:colcon.colcon_notification.desktop_notification.notify2:Failed to initialize notify2: org.freedesktop.DBus.Error.ServiceUnknown: The name org.freedesktop.Notifications was not provided by any .service files
[3.279s] DEBUG:colcon.colcon_core.event_reactor:joined thread
[3.282s] INFO:colcon.colcon_core.shell:Creating prefix script '/home/aliha1313/FUM6R-WS/src/pidcontrollerpkg/install/local_setup.ps1'
[3.284s] INFO:colcon.colcon_core.shell:Creating prefix util module '/home/aliha1313/FUM6R-WS/src/pidcontrollerpkg/install/_local_setup_util_ps1.py'
[3.286s] INFO:colcon.colcon_core.shell:Creating prefix chain script '/home/aliha1313/FUM6R-WS/src/pidcontrollerpkg/install/setup.ps1'
[3.288s] INFO:colcon.colcon_core.shell:Creating prefix script '/home/aliha1313/FUM6R-WS/src/pidcontrollerpkg/install/local_setup.sh'
[3.289s] INFO:colcon.colcon_core.shell:Creating prefix util module '/home/aliha1313/FUM6R-WS/src/pidcontrollerpkg/install/_local_setup_util_sh.py'
[3.290s] INFO:colcon.colcon_core.shell:Creating prefix chain script '/home/aliha1313/FUM6R-WS/src/pidcontrollerpkg/install/setup.sh'
[3.292s] INFO:colcon.colcon_core.shell:Creating prefix script '/home/aliha1313/FUM6R-WS/src/pidcontrollerpkg/install/local_setup.bash'
[3.293s] INFO:colcon.colcon_core.shell:Creating prefix chain script '/home/aliha1313/FUM6R-WS/src/pidcontrollerpkg/install/setup.bash'
[3.295s] INFO:colcon.colcon_core.shell:Creating prefix script '/home/aliha1313/FUM6R-WS/src/pidcontrollerpkg/install/local_setup.zsh'
[3.296s] INFO:colcon.colcon_core.shell:Creating prefix chain script '/home/aliha1313/FUM6R-WS/src/pidcontrollerpkg/install/setup.zsh'
