[1.345s] Invoking command in '/home/aliha1313/FUM6R-WS/src/ros2_control_bringup': PYTHONPATH=/home/aliha1313/FUM6R-WS/build/ros2_control_bringup/prefix_override:/home/aliha1313/FUM6R-WS/install/ros2_control_bringup/lib/python3.10/site-packages:${PYTHONPATH} /usr/bin/python3 -W ignore:setup.py install is deprecated setup.py egg_info --egg-base ../../build/ros2_control_bringup build --build-base /home/aliha1313/FUM6R-WS/build/ros2_control_bringup/build install --record /home/aliha1313/FUM6R-WS/build/ros2_control_bringup/install.log --single-version-externally-managed install_data
[1.715s] running egg_info
[1.716s] writing ../../build/ros2_control_bringup/ros2_control_bringup.egg-info/PKG-INFO
[1.716s] writing dependency_links to ../../build/ros2_control_bringup/ros2_control_bringup.egg-info/dependency_links.txt
[1.717s] writing entry points to ../../build/ros2_control_bringup/ros2_control_bringup.egg-info/entry_points.txt
[1.717s] writing requirements to ../../build/ros2_control_bringup/ros2_control_bringup.egg-info/requires.txt
[1.717s] writing top-level names to ../../build/ros2_control_bringup/ros2_control_bringup.egg-info/top_level.txt
[1.719s] reading manifest file '../../build/ros2_control_bringup/ros2_control_bringup.egg-info/SOURCES.txt'
[1.721s] writing manifest file '../../build/ros2_control_bringup/ros2_control_bringup.egg-info/SOURCES.txt'
[1.721s] running build
[1.721s] running build_py
[1.721s] running install
[1.722s] running install_lib
[1.724s] running install_data
[1.724s] running install_egg_info
[1.727s] removing '/home/aliha1313/FUM6R-WS/install/ros2_control_bringup/lib/python3.10/site-packages/ros2_control_bringup-0.0.0-py3.10.egg-info' (and everything under it)
[1.727s] Copying ../../build/ros2_control_bringup/ros2_control_bringup.egg-info to /home/aliha1313/FUM6R-WS/install/ros2_control_bringup/lib/python3.10/site-packages/ros2_control_bringup-0.0.0-py3.10.egg-info
[1.728s] running install_scripts
[1.761s] Installing CtrlInvTest script to /home/aliha1313/FUM6R-WS/install/ros2_control_bringup/lib/ros2_control_bringup
[1.762s] Installing CtrlTest script to /home/aliha1313/FUM6R-WS/install/ros2_control_bringup/lib/ros2_control_bringup
[1.762s] Installing P3DTest script to /home/aliha1313/FUM6R-WS/install/ros2_control_bringup/lib/ros2_control_bringup
[1.762s] writing list of installed files to '/home/aliha1313/FUM6R-WS/build/ros2_control_bringup/install.log'
[1.804s] Invoked command in '/home/aliha1313/FUM6R-WS/src/ros2_control_bringup' returned '0': PYTHONPATH=/home/aliha1313/FUM6R-WS/build/ros2_control_bringup/prefix_override:/home/aliha1313/FUM6R-WS/install/ros2_control_bringup/lib/python3.10/site-packages:${PYTHONPATH} /usr/bin/python3 -W ignore:setup.py install is deprecated setup.py egg_info --egg-base ../../build/ros2_control_bringup build --build-base /home/aliha1313/FUM6R-WS/build/ros2_control_bringup/build install --record /home/aliha1313/FUM6R-WS/build/ros2_control_bringup/install.log --single-version-externally-managed install_data
