running egg_info
creating ../../build/ros2_control_bringing_up/ros2_control_bringing_up.egg-info
writing ../../build/ros2_control_bringing_up/ros2_control_bringing_up.egg-info/PKG-INFO
writing dependency_links to ../../build/ros2_control_bringing_up/ros2_control_bringing_up.egg-info/dependency_links.txt
writing entry points to ../../build/ros2_control_bringing_up/ros2_control_bringing_up.egg-info/entry_points.txt
writing requirements to ../../build/ros2_control_bringing_up/ros2_control_bringing_up.egg-info/requires.txt
writing top-level names to ../../build/ros2_control_bringing_up/ros2_control_bringing_up.egg-info/top_level.txt
writing manifest file '../../build/ros2_control_bringing_up/ros2_control_bringing_up.egg-info/SOURCES.txt'
reading manifest file '../../build/ros2_control_bringing_up/ros2_control_bringing_up.egg-info/SOURCES.txt'
writing manifest file '../../build/ros2_control_bringing_up/ros2_control_bringing_up.egg-info/SOURCES.txt'
running build
running build_py
creating /home/aliha1313/FUM6R-WS/build/ros2_control_bringing_up/build
creating /home/aliha1313/FUM6R-WS/build/ros2_control_bringing_up/build/lib
creating /home/aliha1313/FUM6R-WS/build/ros2_control_bringing_up/build/lib/ros2_control_bringing_up
copying ros2_control_bringing_up/controller_test.py -> /home/aliha1313/FUM6R-WS/build/ros2_control_bringing_up/build/lib/ros2_control_bringing_up
copying ros2_control_bringing_up/p3dtest.py -> /home/aliha1313/FUM6R-WS/build/ros2_control_bringing_up/build/lib/ros2_control_bringing_up
copying ros2_control_bringing_up/controller_Inv_test.py -> /home/aliha1313/FUM6R-WS/build/ros2_control_bringing_up/build/lib/ros2_control_bringing_up
copying ros2_control_bringing_up/__init__.py -> /home/aliha1313/FUM6R-WS/build/ros2_control_bringing_up/build/lib/ros2_control_bringing_up
copying ros2_control_bringing_up/inverse_kinematics.py -> /home/aliha1313/FUM6R-WS/build/ros2_control_bringing_up/build/lib/ros2_control_bringing_up
copying ros2_control_bringing_up/position_publisher.py -> /home/aliha1313/FUM6R-WS/build/ros2_control_bringing_up/build/lib/ros2_control_bringing_up
running install
running install_lib
creating /home/aliha1313/FUM6R-WS/install/ros2_control_bringing_up/lib/python3.10/site-packages/ros2_control_bringing_up
copying /home/aliha1313/FUM6R-WS/build/ros2_control_bringing_up/build/lib/ros2_control_bringing_up/controller_test.py -> /home/aliha1313/FUM6R-WS/install/ros2_control_bringing_up/lib/python3.10/site-packages/ros2_control_bringing_up
copying /home/aliha1313/FUM6R-WS/build/ros2_control_bringing_up/build/lib/ros2_control_bringing_up/p3dtest.py -> /home/aliha1313/FUM6R-WS/install/ros2_control_bringing_up/lib/python3.10/site-packages/ros2_control_bringing_up
copying /home/aliha1313/FUM6R-WS/build/ros2_control_bringing_up/build/lib/ros2_control_bringing_up/controller_Inv_test.py -> /home/aliha1313/FUM6R-WS/install/ros2_control_bringing_up/lib/python3.10/site-packages/ros2_control_bringing_up
copying /home/aliha1313/FUM6R-WS/build/ros2_control_bringing_up/build/lib/ros2_control_bringing_up/__init__.py -> /home/aliha1313/FUM6R-WS/install/ros2_control_bringing_up/lib/python3.10/site-packages/ros2_control_bringing_up
copying /home/aliha1313/FUM6R-WS/build/ros2_control_bringing_up/build/lib/ros2_control_bringing_up/inverse_kinematics.py -> /home/aliha1313/FUM6R-WS/install/ros2_control_bringing_up/lib/python3.10/site-packages/ros2_control_bringing_up
copying /home/aliha1313/FUM6R-WS/build/ros2_control_bringing_up/build/lib/ros2_control_bringing_up/position_publisher.py -> /home/aliha1313/FUM6R-WS/install/ros2_control_bringing_up/lib/python3.10/site-packages/ros2_control_bringing_up
byte-compiling /home/aliha1313/FUM6R-WS/install/ros2_control_bringing_up/lib/python3.10/site-packages/ros2_control_bringing_up/controller_test.py to controller_test.cpython-310.pyc
byte-compiling /home/aliha1313/FUM6R-WS/install/ros2_control_bringing_up/lib/python3.10/site-packages/ros2_control_bringing_up/p3dtest.py to p3dtest.cpython-310.pyc
byte-compiling /home/aliha1313/FUM6R-WS/install/ros2_control_bringing_up/lib/python3.10/site-packages/ros2_control_bringing_up/controller_Inv_test.py to controller_Inv_test.cpython-310.pyc
byte-compiling /home/aliha1313/FUM6R-WS/install/ros2_control_bringing_up/lib/python3.10/site-packages/ros2_control_bringing_up/__init__.py to __init__.cpython-310.pyc
byte-compiling /home/aliha1313/FUM6R-WS/install/ros2_control_bringing_up/lib/python3.10/site-packages/ros2_control_bringing_up/inverse_kinematics.py to inverse_kinematics.cpython-310.pyc
byte-compiling /home/aliha1313/FUM6R-WS/install/ros2_control_bringing_up/lib/python3.10/site-packages/ros2_control_bringing_up/position_publisher.py to position_publisher.cpython-310.pyc
running install_data
creating /home/aliha1313/FUM6R-WS/install/ros2_control_bringing_up/share/ament_index
creating /home/aliha1313/FUM6R-WS/install/ros2_control_bringing_up/share/ament_index/resource_index
creating /home/aliha1313/FUM6R-WS/install/ros2_control_bringing_up/share/ament_index/resource_index/packages
copying resource/ros2_control_bringing_up -> /home/aliha1313/FUM6R-WS/install/ros2_control_bringing_up/share/ament_index/resource_index/packages
copying package.xml -> /home/aliha1313/FUM6R-WS/install/ros2_control_bringing_up/share/ros2_control_bringing_up
creating /home/aliha1313/FUM6R-WS/install/ros2_control_bringing_up/share/ros2_control_bringing_up/launch
copying launch/position_publish.launch.py -> /home/aliha1313/FUM6R-WS/install/ros2_control_bringing_up/share/ros2_control_bringing_up/launch
copying launch/rviz.launch.py -> /home/aliha1313/FUM6R-WS/install/ros2_control_bringing_up/share/ros2_control_bringing_up/launch
copying launch/ros_con.launch.py -> /home/aliha1313/FUM6R-WS/install/ros2_control_bringing_up/share/ros2_control_bringing_up/launch
copying launch/webots.launch.py -> /home/aliha1313/FUM6R-WS/install/ros2_control_bringing_up/share/ros2_control_bringing_up/launch
copying launch/roscontrol.launch.py -> /home/aliha1313/FUM6R-WS/install/ros2_control_bringing_up/share/ros2_control_bringing_up/launch
copying launch/gazebo.launch.py -> /home/aliha1313/FUM6R-WS/install/ros2_control_bringing_up/share/ros2_control_bringing_up/launch
copying launch/controller.launch.py -> /home/aliha1313/FUM6R-WS/install/ros2_control_bringing_up/share/ros2_control_bringing_up/launch
creating /home/aliha1313/FUM6R-WS/install/ros2_control_bringing_up/share/ros2_control_bringing_up/urdf
copying urdf/fum6r_new_position.urdf -> /home/aliha1313/FUM6R-WS/install/ros2_control_bringing_up/share/ros2_control_bringing_up/urdf
copying urdf/fum6r_new_corsys.urdf.xacro -> /home/aliha1313/FUM6R-WS/install/ros2_control_bringing_up/share/ros2_control_bringing_up/urdf
copying urdf/fum6r.urdf -> /home/aliha1313/FUM6R-WS/install/ros2_control_bringing_up/share/ros2_control_bringing_up/urdf
copying urdf/FUM6R(1).urdf -> /home/aliha1313/FUM6R-WS/install/ros2_control_bringing_up/share/ros2_control_bringing_up/urdf
copying urdf/fum6r_new_corsys.urdf -> /home/aliha1313/FUM6R-WS/install/ros2_control_bringing_up/share/ros2_control_bringing_up/urdf
copying urdf/FUM6R_u.urdf -> /home/aliha1313/FUM6R-WS/install/ros2_control_bringing_up/share/ros2_control_bringing_up/urdf
creating /home/aliha1313/FUM6R-WS/install/ros2_control_bringing_up/share/ros2_control_bringing_up/config
copying config/jtcPID.yaml -> /home/aliha1313/FUM6R-WS/install/ros2_control_bringing_up/share/ros2_control_bringing_up/config
copying config/jtc.yaml -> /home/aliha1313/FUM6R-WS/install/ros2_control_bringing_up/share/ros2_control_bringing_up/config
copying config/jtc_position.yaml -> /home/aliha1313/FUM6R-WS/install/ros2_control_bringing_up/share/ros2_control_bringing_up/config
creating /home/aliha1313/FUM6R-WS/install/ros2_control_bringing_up/share/ros2_control_bringing_up/world
copying world/FUM6R_u.world -> /home/aliha1313/FUM6R-WS/install/ros2_control_bringing_up/share/ros2_control_bringing_up/world
copying world/my_world.wbt -> /home/aliha1313/FUM6R-WS/install/ros2_control_bringing_up/share/ros2_control_bringing_up/world
running install_egg_info
Copying ../../build/ros2_control_bringing_up/ros2_control_bringing_up.egg-info to /home/aliha1313/FUM6R-WS/install/ros2_control_bringing_up/lib/python3.10/site-packages/ros2_control_bringing_up-0.0.0-py3.10.egg-info
running install_scripts
Installing CtrlInvTest script to /home/aliha1313/FUM6R-WS/install/ros2_control_bringing_up/lib/ros2_control_bringing_up
Installing CtrlTest script to /home/aliha1313/FUM6R-WS/install/ros2_control_bringing_up/lib/ros2_control_bringing_up
Installing P3DTest script to /home/aliha1313/FUM6R-WS/install/ros2_control_bringing_up/lib/ros2_control_bringing_up
Installing position_target script to /home/aliha1313/FUM6R-WS/install/ros2_control_bringing_up/lib/ros2_control_bringing_up
writing list of installed files to '/home/aliha1313/FUM6R-WS/build/ros2_control_bringing_up/install.log'
