[0.835s] Invoking command in '/home/aliha1313/FUM6R-WS/src/ros2_control_bringing_up': CMAKE_PREFIX_PATH=/home/aliha1313/FUM6R-WS/install/motion_planning:/home/aliha1313/FUM6R-WS/install/moveit_6r:/home/aliha1313/pymoveit2/install PYTHONPATH=/home/aliha1313/FUM6R-WS/build/ros2_control_bringing_up/prefix_override:/home/aliha1313/FUM6R-WS/install/ros2_control_bringing_up/lib/python3.10/site-packages:${PYTHONPATH} /usr/bin/python3 -W ignore:setup.py install is deprecated setup.py egg_info --egg-base ../../build/ros2_control_bringing_up build --build-base /home/aliha1313/FUM6R-WS/build/ros2_control_bringing_up/build install --record /home/aliha1313/FUM6R-WS/build/ros2_control_bringing_up/install.log --single-version-externally-managed install_data
[1.144s] running egg_info
[1.145s] creating ../../build/ros2_control_bringing_up/ros2_control_bringing_up.egg-info
[1.145s] writing ../../build/ros2_control_bringing_up/ros2_control_bringing_up.egg-info/PKG-INFO
[1.145s] writing dependency_links to ../../build/ros2_control_bringing_up/ros2_control_bringing_up.egg-info/dependency_links.txt
[1.146s] writing entry points to ../../build/ros2_control_bringing_up/ros2_control_bringing_up.egg-info/entry_points.txt
[1.146s] writing requirements to ../../build/ros2_control_bringing_up/ros2_control_bringing_up.egg-info/requires.txt
[1.146s] writing top-level names to ../../build/ros2_control_bringing_up/ros2_control_bringing_up.egg-info/top_level.txt
[1.146s] writing manifest file '../../build/ros2_control_bringing_up/ros2_control_bringing_up.egg-info/SOURCES.txt'
[1.148s] reading manifest file '../../build/ros2_control_bringing_up/ros2_control_bringing_up.egg-info/SOURCES.txt'
[1.149s] writing manifest file '../../build/ros2_control_bringing_up/ros2_control_bringing_up.egg-info/SOURCES.txt'
[1.149s] running build
[1.149s] running build_py
[1.149s] creating /home/aliha1313/FUM6R-WS/build/ros2_control_bringing_up/build
[1.150s] creating /home/aliha1313/FUM6R-WS/build/ros2_control_bringing_up/build/lib
[1.150s] creating /home/aliha1313/FUM6R-WS/build/ros2_control_bringing_up/build/lib/ros2_control_bringing_up
[1.150s] copying ros2_control_bringing_up/controller_test.py -> /home/aliha1313/FUM6R-WS/build/ros2_control_bringing_up/build/lib/ros2_control_bringing_up
[1.150s] copying ros2_control_bringing_up/p3dtest.py -> /home/aliha1313/FUM6R-WS/build/ros2_control_bringing_up/build/lib/ros2_control_bringing_up
[1.150s] copying ros2_control_bringing_up/controller_Inv_test.py -> /home/aliha1313/FUM6R-WS/build/ros2_control_bringing_up/build/lib/ros2_control_bringing_up
[1.150s] copying ros2_control_bringing_up/__init__.py -> /home/aliha1313/FUM6R-WS/build/ros2_control_bringing_up/build/lib/ros2_control_bringing_up
[1.150s] copying ros2_control_bringing_up/inverse_kinematics.py -> /home/aliha1313/FUM6R-WS/build/ros2_control_bringing_up/build/lib/ros2_control_bringing_up
[1.150s] copying ros2_control_bringing_up/position_publisher.py -> /home/aliha1313/FUM6R-WS/build/ros2_control_bringing_up/build/lib/ros2_control_bringing_up
[1.150s] running install
[1.151s] running install_lib
[1.152s] creating /home/aliha1313/FUM6R-WS/install/ros2_control_bringing_up/lib/python3.10/site-packages/ros2_control_bringing_up
[1.152s] copying /home/aliha1313/FUM6R-WS/build/ros2_control_bringing_up/build/lib/ros2_control_bringing_up/controller_test.py -> /home/aliha1313/FUM6R-WS/install/ros2_control_bringing_up/lib/python3.10/site-packages/ros2_control_bringing_up
[1.152s] copying /home/aliha1313/FUM6R-WS/build/ros2_control_bringing_up/build/lib/ros2_control_bringing_up/p3dtest.py -> /home/aliha1313/FUM6R-WS/install/ros2_control_bringing_up/lib/python3.10/site-packages/ros2_control_bringing_up
[1.152s] copying /home/aliha1313/FUM6R-WS/build/ros2_control_bringing_up/build/lib/ros2_control_bringing_up/controller_Inv_test.py -> /home/aliha1313/FUM6R-WS/install/ros2_control_bringing_up/lib/python3.10/site-packages/ros2_control_bringing_up
[1.152s] copying /home/aliha1313/FUM6R-WS/build/ros2_control_bringing_up/build/lib/ros2_control_bringing_up/__init__.py -> /home/aliha1313/FUM6R-WS/install/ros2_control_bringing_up/lib/python3.10/site-packages/ros2_control_bringing_up
[1.152s] copying /home/aliha1313/FUM6R-WS/build/ros2_control_bringing_up/build/lib/ros2_control_bringing_up/inverse_kinematics.py -> /home/aliha1313/FUM6R-WS/install/ros2_control_bringing_up/lib/python3.10/site-packages/ros2_control_bringing_up
[1.153s] copying /home/aliha1313/FUM6R-WS/build/ros2_control_bringing_up/build/lib/ros2_control_bringing_up/position_publisher.py -> /home/aliha1313/FUM6R-WS/install/ros2_control_bringing_up/lib/python3.10/site-packages/ros2_control_bringing_up
[1.153s] byte-compiling /home/aliha1313/FUM6R-WS/install/ros2_control_bringing_up/lib/python3.10/site-packages/ros2_control_bringing_up/controller_test.py to controller_test.cpython-310.pyc
[1.154s] byte-compiling /home/aliha1313/FUM6R-WS/install/ros2_control_bringing_up/lib/python3.10/site-packages/ros2_control_bringing_up/p3dtest.py to p3dtest.cpython-310.pyc
[1.154s] byte-compiling /home/aliha1313/FUM6R-WS/install/ros2_control_bringing_up/lib/python3.10/site-packages/ros2_control_bringing_up/controller_Inv_test.py to controller_Inv_test.cpython-310.pyc
[1.156s] byte-compiling /home/aliha1313/FUM6R-WS/install/ros2_control_bringing_up/lib/python3.10/site-packages/ros2_control_bringing_up/__init__.py to __init__.cpython-310.pyc
[1.156s] byte-compiling /home/aliha1313/FUM6R-WS/install/ros2_control_bringing_up/lib/python3.10/site-packages/ros2_control_bringing_up/inverse_kinematics.py to inverse_kinematics.cpython-310.pyc
[1.159s] byte-compiling /home/aliha1313/FUM6R-WS/install/ros2_control_bringing_up/lib/python3.10/site-packages/ros2_control_bringing_up/position_publisher.py to position_publisher.cpython-310.pyc
[1.159s] running install_data
[1.159s] creating /home/aliha1313/FUM6R-WS/install/ros2_control_bringing_up/share/ament_index
[1.160s] creating /home/aliha1313/FUM6R-WS/install/ros2_control_bringing_up/share/ament_index/resource_index
[1.160s] creating /home/aliha1313/FUM6R-WS/install/ros2_control_bringing_up/share/ament_index/resource_index/packages
[1.160s] copying resource/ros2_control_bringing_up -> /home/aliha1313/FUM6R-WS/install/ros2_control_bringing_up/share/ament_index/resource_index/packages
[1.160s] copying package.xml -> /home/aliha1313/FUM6R-WS/install/ros2_control_bringing_up/share/ros2_control_bringing_up
[1.160s] creating /home/aliha1313/FUM6R-WS/install/ros2_control_bringing_up/share/ros2_control_bringing_up/launch
[1.160s] copying launch/position_publish.launch.py -> /home/aliha1313/FUM6R-WS/install/ros2_control_bringing_up/share/ros2_control_bringing_up/launch
[1.160s] copying launch/rviz.launch.py -> /home/aliha1313/FUM6R-WS/install/ros2_control_bringing_up/share/ros2_control_bringing_up/launch
[1.160s] copying launch/ros_con.launch.py -> /home/aliha1313/FUM6R-WS/install/ros2_control_bringing_up/share/ros2_control_bringing_up/launch
[1.160s] copying launch/webots.launch.py -> /home/aliha1313/FUM6R-WS/install/ros2_control_bringing_up/share/ros2_control_bringing_up/launch
[1.160s] copying launch/roscontrol.launch.py -> /home/aliha1313/FUM6R-WS/install/ros2_control_bringing_up/share/ros2_control_bringing_up/launch
[1.161s] copying launch/gazebo.launch.py -> /home/aliha1313/FUM6R-WS/install/ros2_control_bringing_up/share/ros2_control_bringing_up/launch
[1.161s] copying launch/controller.launch.py -> /home/aliha1313/FUM6R-WS/install/ros2_control_bringing_up/share/ros2_control_bringing_up/launch
[1.161s] creating /home/aliha1313/FUM6R-WS/install/ros2_control_bringing_up/share/ros2_control_bringing_up/urdf
[1.161s] copying urdf/fum6r_new_position.urdf -> /home/aliha1313/FUM6R-WS/install/ros2_control_bringing_up/share/ros2_control_bringing_up/urdf
[1.161s] copying urdf/fum6r_new_corsys.urdf.xacro -> /home/aliha1313/FUM6R-WS/install/ros2_control_bringing_up/share/ros2_control_bringing_up/urdf
[1.161s] copying urdf/fum6r.urdf -> /home/aliha1313/FUM6R-WS/install/ros2_control_bringing_up/share/ros2_control_bringing_up/urdf
[1.161s] copying urdf/FUM6R(1).urdf -> /home/aliha1313/FUM6R-WS/install/ros2_control_bringing_up/share/ros2_control_bringing_up/urdf
[1.161s] copying urdf/fum6r_new_corsys.urdf -> /home/aliha1313/FUM6R-WS/install/ros2_control_bringing_up/share/ros2_control_bringing_up/urdf
[1.161s] copying urdf/FUM6R_u.urdf -> /home/aliha1313/FUM6R-WS/install/ros2_control_bringing_up/share/ros2_control_bringing_up/urdf
[1.161s] creating /home/aliha1313/FUM6R-WS/install/ros2_control_bringing_up/share/ros2_control_bringing_up/config
[1.161s] copying config/jtcPID.yaml -> /home/aliha1313/FUM6R-WS/install/ros2_control_bringing_up/share/ros2_control_bringing_up/config
[1.162s] copying config/jtc.yaml -> /home/aliha1313/FUM6R-WS/install/ros2_control_bringing_up/share/ros2_control_bringing_up/config
[1.162s] copying config/jtc_position.yaml -> /home/aliha1313/FUM6R-WS/install/ros2_control_bringing_up/share/ros2_control_bringing_up/config
[1.162s] creating /home/aliha1313/FUM6R-WS/install/ros2_control_bringing_up/share/ros2_control_bringing_up/world
[1.162s] copying world/FUM6R_u.world -> /home/aliha1313/FUM6R-WS/install/ros2_control_bringing_up/share/ros2_control_bringing_up/world
[1.162s] copying world/my_world.wbt -> /home/aliha1313/FUM6R-WS/install/ros2_control_bringing_up/share/ros2_control_bringing_up/world
[1.162s] running install_egg_info
[1.163s] Copying ../../build/ros2_control_bringing_up/ros2_control_bringing_up.egg-info to /home/aliha1313/FUM6R-WS/install/ros2_control_bringing_up/lib/python3.10/site-packages/ros2_control_bringing_up-0.0.0-py3.10.egg-info
[1.164s] running install_scripts
[1.190s] Installing CtrlInvTest script to /home/aliha1313/FUM6R-WS/install/ros2_control_bringing_up/lib/ros2_control_bringing_up
[1.190s] Installing CtrlTest script to /home/aliha1313/FUM6R-WS/install/ros2_control_bringing_up/lib/ros2_control_bringing_up
[1.190s] Installing P3DTest script to /home/aliha1313/FUM6R-WS/install/ros2_control_bringing_up/lib/ros2_control_bringing_up
[1.190s] Installing position_target script to /home/aliha1313/FUM6R-WS/install/ros2_control_bringing_up/lib/ros2_control_bringing_up
[1.190s] writing list of installed files to '/home/aliha1313/FUM6R-WS/build/ros2_control_bringing_up/install.log'
[1.214s] Invoked command in '/home/aliha1313/FUM6R-WS/src/ros2_control_bringing_up' returned '0': CMAKE_PREFIX_PATH=/home/aliha1313/FUM6R-WS/install/motion_planning:/home/aliha1313/FUM6R-WS/install/moveit_6r:/home/aliha1313/pymoveit2/install PYTHONPATH=/home/aliha1313/FUM6R-WS/build/ros2_control_bringing_up/prefix_override:/home/aliha1313/FUM6R-WS/install/ros2_control_bringing_up/lib/python3.10/site-packages:${PYTHONPATH} /usr/bin/python3 -W ignore:setup.py install is deprecated setup.py egg_info --egg-base ../../build/ros2_control_bringing_up build --build-base /home/aliha1313/FUM6R-WS/build/ros2_control_bringing_up/build install --record /home/aliha1313/FUM6R-WS/build/ros2_control_bringing_up/install.log --single-version-externally-managed install_data
