[0.288s] DEBUG:colcon:Command line arguments: ['/usr/bin/colcon', 'build']
[0.289s] DEBUG:colcon:Parsed command line arguments: Namespace(log_base=None, log_level=None, verb_name='build', build_base='build', install_base='install', merge_install=False, symlink_install=False, test_result_base=None, continue_on_error=False, executor='parallel', parallel_workers=12, event_handlers=None, ignore_user_meta=False, metas=['./colcon.meta'], base_paths=['.'], packages_ignore=None, packages_ignore_regex=None, paths=None, packages_up_to=None, packages_up_to_regex=None, packages_above=None, packages_above_and_dependencies=None, packages_above_depth=None, packages_select_by_dep=None, packages_skip_by_dep=None, packages_skip_up_to=None, packages_select_build_failed=False, packages_skip_build_finished=False, packages_select_test_failures=False, packages_skip_test_passed=False, packages_select=None, packages_skip=None, packages_select_regex=None, packages_skip_regex=None, packages_start=None, packages_end=None, allow_overriding=[], cmake_args=None, cmake_target=None, cmake_target_skip_unavailable=False, cmake_clean_cache=False, cmake_clean_first=False, cmake_force_configure=False, ament_cmake_args=None, catkin_cmake_args=None, catkin_skip_building_tests=False, verb_parser=<colcon_defaults.argument_parser.defaults.DefaultArgumentsDecorator object at 0x79ffb60e4f70>, verb_extension=<colcon_core.verb.build.BuildVerb object at 0x79ffb60e4b20>, main=<bound method BuildVerb.main of <colcon_core.verb.build.BuildVerb object at 0x79ffb60e4b20>>)
[0.515s] Level 1:colcon.colcon_core.package_discovery:discover_packages(colcon_meta) check parameters
[0.515s] Level 1:colcon.colcon_core.package_discovery:discover_packages(recursive) check parameters
[0.515s] Level 1:colcon.colcon_core.package_discovery:discover_packages(ignore) check parameters
[0.515s] Level 1:colcon.colcon_core.package_discovery:discover_packages(path) check parameters
[0.515s] Level 1:colcon.colcon_core.package_discovery:discover_packages(colcon_meta) discover
[0.515s] Level 1:colcon.colcon_core.package_discovery:discover_packages(recursive) discover
[0.516s] INFO:colcon.colcon_core.package_discovery:Crawling recursively for packages in '/home/aliha1313/FUM6R-WS'
[0.516s] Level 1:colcon.colcon_core.package_identification:_identify(.) by extensions ['ignore', 'ignore_ament_install']
[0.516s] Level 1:colcon.colcon_core.package_identification:_identify(.) by extension 'ignore'
[0.516s] Level 1:colcon.colcon_core.package_identification:_identify(.) by extension 'ignore_ament_install'
[0.516s] Level 1:colcon.colcon_core.package_identification:_identify(.) by extensions ['colcon_pkg']
[0.516s] Level 1:colcon.colcon_core.package_identification:_identify(.) by extension 'colcon_pkg'
[0.516s] Level 1:colcon.colcon_core.package_identification:_identify(.) by extensions ['colcon_meta']
[0.516s] Level 1:colcon.colcon_core.package_identification:_identify(.) by extension 'colcon_meta'
[0.516s] Level 1:colcon.colcon_core.package_identification:_identify(.) by extensions ['ros']
[0.516s] Level 1:colcon.colcon_core.package_identification:_identify(.) by extension 'ros'
[0.560s] Level 1:colcon.colcon_core.package_identification:_identify(.) by extensions ['cmake', 'python']
[0.560s] Level 1:colcon.colcon_core.package_identification:_identify(.) by extension 'cmake'
[0.560s] Level 1:colcon.colcon_core.package_identification:_identify(.) by extension 'python'
[0.561s] Level 1:colcon.colcon_core.package_identification:_identify(.) by extensions ['python_setup_py']
[0.561s] Level 1:colcon.colcon_core.package_identification:_identify(.) by extension 'python_setup_py'
[0.561s] Level 1:colcon.colcon_core.package_identification:_identify(build) by extensions ['ignore', 'ignore_ament_install']
[0.562s] Level 1:colcon.colcon_core.package_identification:_identify(build) by extension 'ignore'
[0.562s] Level 1:colcon.colcon_core.package_identification:_identify(build) ignored
[0.562s] Level 1:colcon.colcon_core.package_identification:_identify(install) by extensions ['ignore', 'ignore_ament_install']
[0.563s] Level 1:colcon.colcon_core.package_identification:_identify(install) by extension 'ignore'
[0.563s] Level 1:colcon.colcon_core.package_identification:_identify(install) ignored
[0.563s] Level 1:colcon.colcon_core.package_identification:_identify(log) by extensions ['ignore', 'ignore_ament_install']
[0.564s] Level 1:colcon.colcon_core.package_identification:_identify(log) by extension 'ignore'
[0.564s] Level 1:colcon.colcon_core.package_identification:_identify(log) ignored
[0.564s] Level 1:colcon.colcon_core.package_identification:_identify(src) by extensions ['ignore', 'ignore_ament_install']
[0.564s] Level 1:colcon.colcon_core.package_identification:_identify(src) by extension 'ignore'
[0.565s] Level 1:colcon.colcon_core.package_identification:_identify(src) by extension 'ignore_ament_install'
[0.565s] Level 1:colcon.colcon_core.package_identification:_identify(src) by extensions ['colcon_pkg']
[0.565s] Level 1:colcon.colcon_core.package_identification:_identify(src) by extension 'colcon_pkg'
[0.565s] Level 1:colcon.colcon_core.package_identification:_identify(src) by extensions ['colcon_meta']
[0.565s] Level 1:colcon.colcon_core.package_identification:_identify(src) by extension 'colcon_meta'
[0.566s] Level 1:colcon.colcon_core.package_identification:_identify(src) by extensions ['ros']
[0.566s] Level 1:colcon.colcon_core.package_identification:_identify(src) by extension 'ros'
[0.566s] Level 1:colcon.colcon_core.package_identification:_identify(src) by extensions ['cmake', 'python']
[0.566s] Level 1:colcon.colcon_core.package_identification:_identify(src) by extension 'cmake'
[0.566s] Level 1:colcon.colcon_core.package_identification:_identify(src) by extension 'python'
[0.567s] Level 1:colcon.colcon_core.package_identification:_identify(src) by extensions ['python_setup_py']
[0.567s] Level 1:colcon.colcon_core.package_identification:_identify(src) by extension 'python_setup_py'
[0.567s] Level 1:colcon.colcon_core.package_identification:_identify(src/motion_planning) by extensions ['ignore', 'ignore_ament_install']
[0.567s] Level 1:colcon.colcon_core.package_identification:_identify(src/motion_planning) by extension 'ignore'
[0.568s] Level 1:colcon.colcon_core.package_identification:_identify(src/motion_planning) by extension 'ignore_ament_install'
[0.568s] Level 1:colcon.colcon_core.package_identification:_identify(src/motion_planning) by extensions ['colcon_pkg']
[0.568s] Level 1:colcon.colcon_core.package_identification:_identify(src/motion_planning) by extension 'colcon_pkg'
[0.568s] Level 1:colcon.colcon_core.package_identification:_identify(src/motion_planning) by extensions ['colcon_meta']
[0.568s] Level 1:colcon.colcon_core.package_identification:_identify(src/motion_planning) by extension 'colcon_meta'
[0.568s] Level 1:colcon.colcon_core.package_identification:_identify(src/motion_planning) by extensions ['ros']
[0.569s] Level 1:colcon.colcon_core.package_identification:_identify(src/motion_planning) by extension 'ros'
[0.579s] DEBUG:colcon.colcon_core.package_identification:Package 'src/motion_planning' with type 'ros.ament_cmake' and name 'motion_planning'
[0.579s] Level 1:colcon.colcon_core.package_identification:_identify(src/moveit_6r) by extensions ['ignore', 'ignore_ament_install']
[0.580s] Level 1:colcon.colcon_core.package_identification:_identify(src/moveit_6r) by extension 'ignore'
[0.580s] Level 1:colcon.colcon_core.package_identification:_identify(src/moveit_6r) by extension 'ignore_ament_install'
[0.580s] Level 1:colcon.colcon_core.package_identification:_identify(src/moveit_6r) by extensions ['colcon_pkg']
[0.580s] Level 1:colcon.colcon_core.package_identification:_identify(src/moveit_6r) by extension 'colcon_pkg'
[0.580s] Level 1:colcon.colcon_core.package_identification:_identify(src/moveit_6r) by extensions ['colcon_meta']
[0.581s] Level 1:colcon.colcon_core.package_identification:_identify(src/moveit_6r) by extension 'colcon_meta'
[0.581s] Level 1:colcon.colcon_core.package_identification:_identify(src/moveit_6r) by extensions ['ros']
[0.581s] Level 1:colcon.colcon_core.package_identification:_identify(src/moveit_6r) by extension 'ros'
[0.584s] DEBUG:colcon.colcon_core.package_identification:Package 'src/moveit_6r' with type 'ros.ament_cmake' and name 'moveit_6r'
[0.585s] Level 1:colcon.colcon_core.package_identification:_identify(src/pidcontrollerpkg) by extensions ['ignore', 'ignore_ament_install']
[0.585s] Level 1:colcon.colcon_core.package_identification:_identify(src/pidcontrollerpkg) by extension 'ignore'
[0.585s] Level 1:colcon.colcon_core.package_identification:_identify(src/pidcontrollerpkg) by extension 'ignore_ament_install'
[0.585s] Level 1:colcon.colcon_core.package_identification:_identify(src/pidcontrollerpkg) by extensions ['colcon_pkg']
[0.586s] Level 1:colcon.colcon_core.package_identification:_identify(src/pidcontrollerpkg) by extension 'colcon_pkg'
[0.586s] Level 1:colcon.colcon_core.package_identification:_identify(src/pidcontrollerpkg) by extensions ['colcon_meta']
[0.586s] Level 1:colcon.colcon_core.package_identification:_identify(src/pidcontrollerpkg) by extension 'colcon_meta'
[0.586s] Level 1:colcon.colcon_core.package_identification:_identify(src/pidcontrollerpkg) by extensions ['ros']
[0.586s] Level 1:colcon.colcon_core.package_identification:_identify(src/pidcontrollerpkg) by extension 'ros'
[0.588s] DEBUG:colcon.colcon_core.package_identification:Package 'src/pidcontrollerpkg' with type 'ros.ament_python' and name 'pidcontrollerpkg'
[0.588s] Level 1:colcon.colcon_core.package_identification:_identify(src/ros2_control_bringup) by extensions ['ignore', 'ignore_ament_install']
[0.589s] Level 1:colcon.colcon_core.package_identification:_identify(src/ros2_control_bringup) by extension 'ignore'
[0.589s] Level 1:colcon.colcon_core.package_identification:_identify(src/ros2_control_bringup) by extension 'ignore_ament_install'
[0.589s] Level 1:colcon.colcon_core.package_identification:_identify(src/ros2_control_bringup) by extensions ['colcon_pkg']
[0.589s] Level 1:colcon.colcon_core.package_identification:_identify(src/ros2_control_bringup) by extension 'colcon_pkg'
[0.590s] Level 1:colcon.colcon_core.package_identification:_identify(src/ros2_control_bringup) by extensions ['colcon_meta']
[0.590s] Level 1:colcon.colcon_core.package_identification:_identify(src/ros2_control_bringup) by extension 'colcon_meta'
[0.590s] Level 1:colcon.colcon_core.package_identification:_identify(src/ros2_control_bringup) by extensions ['ros']
[0.590s] Level 1:colcon.colcon_core.package_identification:_identify(src/ros2_control_bringup) by extension 'ros'
[0.592s] DEBUG:colcon.colcon_core.package_identification:Package 'src/ros2_control_bringup' with type 'ros.ament_python' and name 'ros2_control_bringup'
[0.592s] Level 1:colcon.colcon_core.package_discovery:discover_packages(recursive) using defaults
[0.593s] Level 1:colcon.colcon_core.package_discovery:discover_packages(ignore) discover
[0.593s] Level 1:colcon.colcon_core.package_discovery:discover_packages(ignore) using defaults
[0.593s] Level 1:colcon.colcon_core.package_discovery:discover_packages(path) discover
[0.593s] Level 1:colcon.colcon_core.package_discovery:discover_packages(path) using defaults
[0.700s] Level 1:colcon.colcon_core.package_discovery:discover_packages(prefix_path) check parameters
[0.701s] Level 1:colcon.colcon_core.package_discovery:discover_packages(prefix_path) discover
[0.707s] DEBUG:colcon.colcon_installed_package_information.package_discovery:Found 4 installed packages in /home/aliha1313/FUM6R-WS/install
[0.708s] DEBUG:colcon.colcon_installed_package_information.package_discovery:Found 1 installed packages in /home/aliha1313/pymoveit2/install
[0.709s] Level 1:colcon.colcon_core.package_discovery:discover_packages(prefix_path) using defaults
[0.715s] Level 5:colcon.colcon_core.verb:set package 'motion_planning' build argument 'cmake_args' from command line to 'None'
[0.715s] Level 5:colcon.colcon_core.verb:set package 'motion_planning' build argument 'cmake_target' from command line to 'None'
[0.715s] Level 5:colcon.colcon_core.verb:set package 'motion_planning' build argument 'cmake_target_skip_unavailable' from command line to 'False'
[0.715s] Level 5:colcon.colcon_core.verb:set package 'motion_planning' build argument 'cmake_clean_cache' from command line to 'False'
[0.715s] Level 5:colcon.colcon_core.verb:set package 'motion_planning' build argument 'cmake_clean_first' from command line to 'False'
[0.715s] Level 5:colcon.colcon_core.verb:set package 'motion_planning' build argument 'cmake_force_configure' from command line to 'False'
[0.715s] Level 5:colcon.colcon_core.verb:set package 'motion_planning' build argument 'ament_cmake_args' from command line to 'None'
[0.716s] Level 5:colcon.colcon_core.verb:set package 'motion_planning' build argument 'catkin_cmake_args' from command line to 'None'
[0.716s] Level 5:colcon.colcon_core.verb:set package 'motion_planning' build argument 'catkin_skip_building_tests' from command line to 'False'
[0.716s] DEBUG:colcon.colcon_core.verb:Building package 'motion_planning' with the following arguments: {'ament_cmake_args': None, 'build_base': '/home/aliha1313/FUM6R-WS/build/motion_planning', 'catkin_cmake_args': None, 'catkin_skip_building_tests': False, 'cmake_args': None, 'cmake_clean_cache': False, 'cmake_clean_first': False, 'cmake_force_configure': False, 'cmake_target': None, 'cmake_target_skip_unavailable': False, 'install_base': '/home/aliha1313/FUM6R-WS/install/motion_planning', 'merge_install': False, 'path': '/home/aliha1313/FUM6R-WS/src/motion_planning', 'symlink_install': False, 'test_result_base': None}
[0.717s] Level 5:colcon.colcon_core.verb:set package 'moveit_6r' build argument 'cmake_args' from command line to 'None'
[0.718s] Level 5:colcon.colcon_core.verb:set package 'moveit_6r' build argument 'cmake_target' from command line to 'None'
[0.718s] Level 5:colcon.colcon_core.verb:set package 'moveit_6r' build argument 'cmake_target_skip_unavailable' from command line to 'False'
[0.718s] Level 5:colcon.colcon_core.verb:set package 'moveit_6r' build argument 'cmake_clean_cache' from command line to 'False'
[0.718s] Level 5:colcon.colcon_core.verb:set package 'moveit_6r' build argument 'cmake_clean_first' from command line to 'False'
[0.718s] Level 5:colcon.colcon_core.verb:set package 'moveit_6r' build argument 'cmake_force_configure' from command line to 'False'
[0.718s] Level 5:colcon.colcon_core.verb:set package 'moveit_6r' build argument 'ament_cmake_args' from command line to 'None'
[0.718s] Level 5:colcon.colcon_core.verb:set package 'moveit_6r' build argument 'catkin_cmake_args' from command line to 'None'
[0.718s] Level 5:colcon.colcon_core.verb:set package 'moveit_6r' build argument 'catkin_skip_building_tests' from command line to 'False'
[0.718s] DEBUG:colcon.colcon_core.verb:Building package 'moveit_6r' with the following arguments: {'ament_cmake_args': None, 'build_base': '/home/aliha1313/FUM6R-WS/build/moveit_6r', 'catkin_cmake_args': None, 'catkin_skip_building_tests': False, 'cmake_args': None, 'cmake_clean_cache': False, 'cmake_clean_first': False, 'cmake_force_configure': False, 'cmake_target': None, 'cmake_target_skip_unavailable': False, 'install_base': '/home/aliha1313/FUM6R-WS/install/moveit_6r', 'merge_install': False, 'path': '/home/aliha1313/FUM6R-WS/src/moveit_6r', 'symlink_install': False, 'test_result_base': None}
[0.720s] Level 5:colcon.colcon_core.verb:set package 'pidcontrollerpkg' build argument 'cmake_args' from command line to 'None'
[0.720s] Level 5:colcon.colcon_core.verb:set package 'pidcontrollerpkg' build argument 'cmake_target' from command line to 'None'
[0.720s] Level 5:colcon.colcon_core.verb:set package 'pidcontrollerpkg' build argument 'cmake_target_skip_unavailable' from command line to 'False'
[0.720s] Level 5:colcon.colcon_core.verb:set package 'pidcontrollerpkg' build argument 'cmake_clean_cache' from command line to 'False'
[0.721s] Level 5:colcon.colcon_core.verb:set package 'pidcontrollerpkg' build argument 'cmake_clean_first' from command line to 'False'
[0.721s] Level 5:colcon.colcon_core.verb:set package 'pidcontrollerpkg' build argument 'cmake_force_configure' from command line to 'False'
[0.721s] Level 5:colcon.colcon_core.verb:set package 'pidcontrollerpkg' build argument 'ament_cmake_args' from command line to 'None'
[0.721s] Level 5:colcon.colcon_core.verb:set package 'pidcontrollerpkg' build argument 'catkin_cmake_args' from command line to 'None'
[0.721s] Level 5:colcon.colcon_core.verb:set package 'pidcontrollerpkg' build argument 'catkin_skip_building_tests' from command line to 'False'
[0.721s] DEBUG:colcon.colcon_core.verb:Building package 'pidcontrollerpkg' with the following arguments: {'ament_cmake_args': None, 'build_base': '/home/aliha1313/FUM6R-WS/build/pidcontrollerpkg', 'catkin_cmake_args': None, 'catkin_skip_building_tests': False, 'cmake_args': None, 'cmake_clean_cache': False, 'cmake_clean_first': False, 'cmake_force_configure': False, 'cmake_target': None, 'cmake_target_skip_unavailable': False, 'install_base': '/home/aliha1313/FUM6R-WS/install/pidcontrollerpkg', 'merge_install': False, 'path': '/home/aliha1313/FUM6R-WS/src/pidcontrollerpkg', 'symlink_install': False, 'test_result_base': None}
[0.723s] Level 5:colcon.colcon_core.verb:set package 'ros2_control_bringup' build argument 'cmake_args' from command line to 'None'
[0.723s] Level 5:colcon.colcon_core.verb:set package 'ros2_control_bringup' build argument 'cmake_target' from command line to 'None'
[0.723s] Level 5:colcon.colcon_core.verb:set package 'ros2_control_bringup' build argument 'cmake_target_skip_unavailable' from command line to 'False'
[0.723s] Level 5:colcon.colcon_core.verb:set package 'ros2_control_bringup' build argument 'cmake_clean_cache' from command line to 'False'
[0.723s] Level 5:colcon.colcon_core.verb:set package 'ros2_control_bringup' build argument 'cmake_clean_first' from command line to 'False'
[0.723s] Level 5:colcon.colcon_core.verb:set package 'ros2_control_bringup' build argument 'cmake_force_configure' from command line to 'False'
[0.723s] Level 5:colcon.colcon_core.verb:set package 'ros2_control_bringup' build argument 'ament_cmake_args' from command line to 'None'
[0.723s] Level 5:colcon.colcon_core.verb:set package 'ros2_control_bringup' build argument 'catkin_cmake_args' from command line to 'None'
[0.724s] Level 5:colcon.colcon_core.verb:set package 'ros2_control_bringup' build argument 'catkin_skip_building_tests' from command line to 'False'
[0.724s] DEBUG:colcon.colcon_core.verb:Building package 'ros2_control_bringup' with the following arguments: {'ament_cmake_args': None, 'build_base': '/home/aliha1313/FUM6R-WS/build/ros2_control_bringup', 'catkin_cmake_args': None, 'catkin_skip_building_tests': False, 'cmake_args': None, 'cmake_clean_cache': False, 'cmake_clean_first': False, 'cmake_force_configure': False, 'cmake_target': None, 'cmake_target_skip_unavailable': False, 'install_base': '/home/aliha1313/FUM6R-WS/install/ros2_control_bringup', 'merge_install': False, 'path': '/home/aliha1313/FUM6R-WS/src/ros2_control_bringup', 'symlink_install': False, 'test_result_base': None}
[0.724s] INFO:colcon.colcon_core.executor:Executing jobs using 'parallel' executor
[0.727s] DEBUG:colcon.colcon_parallel_executor.executor.parallel:run_until_complete
[0.728s] INFO:colcon.colcon_ros.task.ament_cmake.build:Building ROS package in '/home/aliha1313/FUM6R-WS/src/motion_planning' with build type 'ament_cmake'
[0.729s] INFO:colcon.colcon_cmake.task.cmake.build:Building CMake package in '/home/aliha1313/FUM6R-WS/src/motion_planning'
[0.737s] INFO:colcon.colcon_core.plugin_system:Skipping extension 'colcon_core.shell.bat': Not used on non-Windows systems
[0.738s] INFO:colcon.colcon_core.shell:Skip shell extension 'powershell' for command environment: Not usable outside of PowerShell
[0.738s] DEBUG:colcon.colcon_core.shell:Skip shell extension 'dsv' for command environment
[0.745s] INFO:colcon.colcon_ros.task.ament_cmake.build:Building ROS package in '/home/aliha1313/FUM6R-WS/src/moveit_6r' with build type 'ament_cmake'
[0.746s] INFO:colcon.colcon_cmake.task.cmake.build:Building CMake package in '/home/aliha1313/FUM6R-WS/src/moveit_6r'
[0.747s] INFO:colcon.colcon_core.shell:Skip shell extension 'powershell' for command environment: Not usable outside of PowerShell
[0.747s] DEBUG:colcon.colcon_core.shell:Skip shell extension 'dsv' for command environment
[0.754s] INFO:colcon.colcon_ros.task.ament_python.build:Building ROS package in '/home/aliha1313/FUM6R-WS/src/pidcontrollerpkg' with build type 'ament_python'
[0.754s] Level 1:colcon.colcon_core.shell:create_environment_hook('pidcontrollerpkg', 'ament_prefix_path')
[0.755s] INFO:colcon.colcon_core.shell:Creating environment hook '/home/aliha1313/FUM6R-WS/install/pidcontrollerpkg/share/pidcontrollerpkg/hook/ament_prefix_path.ps1'
[0.758s] INFO:colcon.colcon_core.shell:Creating environment descriptor '/home/aliha1313/FUM6R-WS/install/pidcontrollerpkg/share/pidcontrollerpkg/hook/ament_prefix_path.dsv'
[0.760s] INFO:colcon.colcon_core.shell:Creating environment hook '/home/aliha1313/FUM6R-WS/install/pidcontrollerpkg/share/pidcontrollerpkg/hook/ament_prefix_path.sh'
[0.763s] INFO:colcon.colcon_core.shell:Skip shell extension 'powershell' for command environment: Not usable outside of PowerShell
[0.763s] DEBUG:colcon.colcon_core.shell:Skip shell extension 'dsv' for command environment
[0.769s] INFO:colcon.colcon_ros.task.ament_python.build:Building ROS package in '/home/aliha1313/FUM6R-WS/src/ros2_control_bringup' with build type 'ament_python'
[0.769s] Level 1:colcon.colcon_core.shell:create_environment_hook('ros2_control_bringup', 'ament_prefix_path')
[0.770s] INFO:colcon.colcon_core.shell:Creating environment hook '/home/aliha1313/FUM6R-WS/install/ros2_control_bringup/share/ros2_control_bringup/hook/ament_prefix_path.ps1'
[0.772s] INFO:colcon.colcon_core.shell:Creating environment descriptor '/home/aliha1313/FUM6R-WS/install/ros2_control_bringup/share/ros2_control_bringup/hook/ament_prefix_path.dsv'
[0.773s] INFO:colcon.colcon_core.shell:Creating environment hook '/home/aliha1313/FUM6R-WS/install/ros2_control_bringup/share/ros2_control_bringup/hook/ament_prefix_path.sh'
[0.775s] INFO:colcon.colcon_core.shell:Skip shell extension 'powershell' for command environment: Not usable outside of PowerShell
[0.776s] DEBUG:colcon.colcon_core.shell:Skip shell extension 'dsv' for command environment
[0.805s] DEBUG:colcon.colcon_core.event_handler.log_command:Invoking command in '/home/aliha1313/FUM6R-WS/build/motion_planning': /usr/bin/cmake --build /home/aliha1313/FUM6R-WS/build/motion_planning -- -j12 -l12
[0.815s] DEBUG:colcon.colcon_core.event_handler.log_command:Invoking command in '/home/aliha1313/FUM6R-WS/build/moveit_6r': /usr/bin/cmake --build /home/aliha1313/FUM6R-WS/build/moveit_6r -- -j12 -l12
[1.715s] INFO:colcon.colcon_core.task.python.build:Building Python package in '/home/aliha1313/FUM6R-WS/src/pidcontrollerpkg'
[1.716s] INFO:colcon.colcon_core.shell:Skip shell extension 'powershell' for command environment: Not usable outside of PowerShell
[1.717s] DEBUG:colcon.colcon_core.shell:Skip shell extension 'dsv' for command environment
[2.326s] INFO:colcon.colcon_core.task.python.build:Building Python package in '/home/aliha1313/FUM6R-WS/src/ros2_control_bringup'
[2.326s] INFO:colcon.colcon_core.shell:Skip shell extension 'powershell' for command environment: Not usable outside of PowerShell
[2.326s] DEBUG:colcon.colcon_core.shell:Skip shell extension 'dsv' for command environment
[2.330s] DEBUG:colcon.colcon_core.event_handler.log_command:Invoked command in '/home/aliha1313/FUM6R-WS/build/motion_planning' returned '0': /usr/bin/cmake --build /home/aliha1313/FUM6R-WS/build/motion_planning -- -j12 -l12
[2.332s] DEBUG:colcon.colcon_core.event_handler.log_command:Invoked command in '/home/aliha1313/FUM6R-WS/build/moveit_6r' returned '0': /usr/bin/cmake --build /home/aliha1313/FUM6R-WS/build/moveit_6r -- -j12 -l12
[2.372s] DEBUG:colcon.colcon_core.event_handler.log_command:Invoking command in '/home/aliha1313/FUM6R-WS/build/moveit_6r': /usr/bin/cmake --install /home/aliha1313/FUM6R-WS/build/moveit_6r
[2.381s] DEBUG:colcon.colcon_core.event_handler.log_command:Invoking command in '/home/aliha1313/FUM6R-WS/build/motion_planning': /usr/bin/cmake --install /home/aliha1313/FUM6R-WS/build/motion_planning
[2.416s] Level 1:colcon.colcon_core.environment:create_environment_scripts_only(moveit_6r)
[2.428s] DEBUG:colcon.colcon_core.event_handler.log_command:Invoked command in '/home/aliha1313/FUM6R-WS/build/moveit_6r' returned '0': /usr/bin/cmake --install /home/aliha1313/FUM6R-WS/build/moveit_6r
[2.436s] Level 1:colcon.colcon_core.environment:checking '/home/aliha1313/FUM6R-WS/install/moveit_6r' for CMake module files
[2.439s] Level 1:colcon.colcon_core.environment:checking '/home/aliha1313/FUM6R-WS/install/moveit_6r' for CMake config files
[2.439s] Level 1:colcon.colcon_core.shell:create_environment_hook('moveit_6r', 'cmake_prefix_path')
[2.440s] INFO:colcon.colcon_core.shell:Creating environment hook '/home/aliha1313/FUM6R-WS/install/moveit_6r/share/moveit_6r/hook/cmake_prefix_path.ps1'
[2.441s] INFO:colcon.colcon_core.shell:Creating environment descriptor '/home/aliha1313/FUM6R-WS/install/moveit_6r/share/moveit_6r/hook/cmake_prefix_path.dsv'
[2.443s] INFO:colcon.colcon_core.shell:Creating environment hook '/home/aliha1313/FUM6R-WS/install/moveit_6r/share/moveit_6r/hook/cmake_prefix_path.sh'
[2.445s] Level 1:colcon.colcon_core.environment:checking '/home/aliha1313/FUM6R-WS/install/moveit_6r/bin'
[2.445s] Level 1:colcon.colcon_core.environment:checking '/home/aliha1313/FUM6R-WS/install/moveit_6r/lib/pkgconfig/moveit_6r.pc'
[2.446s] Level 1:colcon.colcon_core.environment:checking '/home/aliha1313/FUM6R-WS/install/moveit_6r/lib/python3.10/site-packages'
[2.447s] Level 1:colcon.colcon_core.environment:checking '/home/aliha1313/FUM6R-WS/install/moveit_6r/bin'
[2.448s] INFO:colcon.colcon_core.shell:Creating package script '/home/aliha1313/FUM6R-WS/install/moveit_6r/share/moveit_6r/package.ps1'
[2.452s] INFO:colcon.colcon_core.shell:Creating package descriptor '/home/aliha1313/FUM6R-WS/install/moveit_6r/share/moveit_6r/package.dsv'
[2.454s] INFO:colcon.colcon_core.shell:Creating package script '/home/aliha1313/FUM6R-WS/install/moveit_6r/share/moveit_6r/package.sh'
[2.457s] INFO:colcon.colcon_core.shell:Creating package script '/home/aliha1313/FUM6R-WS/install/moveit_6r/share/moveit_6r/package.bash'
[2.460s] INFO:colcon.colcon_core.shell:Creating package script '/home/aliha1313/FUM6R-WS/install/moveit_6r/share/moveit_6r/package.zsh'
[2.462s] Level 1:colcon.colcon_core.environment:create_file_with_runtime_dependencies(/home/aliha1313/FUM6R-WS/install/moveit_6r/share/colcon-core/packages/moveit_6r)
[2.468s] Level 1:colcon.colcon_core.environment:create_environment_scripts_only(motion_planning)
[2.469s] Level 1:colcon.colcon_core.environment:checking '/home/aliha1313/FUM6R-WS/install/motion_planning' for CMake module files
[2.471s] DEBUG:colcon.colcon_core.event_handler.log_command:Invoked command in '/home/aliha1313/FUM6R-WS/build/motion_planning' returned '0': /usr/bin/cmake --install /home/aliha1313/FUM6R-WS/build/motion_planning
[2.472s] Level 1:colcon.colcon_core.environment:checking '/home/aliha1313/FUM6R-WS/install/motion_planning' for CMake config files
[2.473s] Level 1:colcon.colcon_core.shell:create_environment_hook('motion_planning', 'cmake_prefix_path')
[2.474s] INFO:colcon.colcon_core.shell:Creating environment hook '/home/aliha1313/FUM6R-WS/install/motion_planning/share/motion_planning/hook/cmake_prefix_path.ps1'
[2.476s] INFO:colcon.colcon_core.shell:Creating environment descriptor '/home/aliha1313/FUM6R-WS/install/motion_planning/share/motion_planning/hook/cmake_prefix_path.dsv'
[2.477s] INFO:colcon.colcon_core.shell:Creating environment hook '/home/aliha1313/FUM6R-WS/install/motion_planning/share/motion_planning/hook/cmake_prefix_path.sh'
[2.479s] Level 1:colcon.colcon_core.environment:checking '/home/aliha1313/FUM6R-WS/install/motion_planning/lib'
[2.480s] Level 1:colcon.colcon_core.environment:checking '/home/aliha1313/FUM6R-WS/install/motion_planning/bin'
[2.480s] Level 1:colcon.colcon_core.environment:checking '/home/aliha1313/FUM6R-WS/install/motion_planning/lib/pkgconfig/motion_planning.pc'
[2.481s] Level 1:colcon.colcon_core.environment:checking '/home/aliha1313/FUM6R-WS/install/motion_planning/lib/python3.10/site-packages'
[2.482s] Level 1:colcon.colcon_core.environment:checking '/home/aliha1313/FUM6R-WS/install/motion_planning/bin'
[2.484s] INFO:colcon.colcon_core.shell:Creating package script '/home/aliha1313/FUM6R-WS/install/motion_planning/share/motion_planning/package.ps1'
[2.486s] INFO:colcon.colcon_core.shell:Creating package descriptor '/home/aliha1313/FUM6R-WS/install/motion_planning/share/motion_planning/package.dsv'
[2.488s] INFO:colcon.colcon_core.shell:Creating package script '/home/aliha1313/FUM6R-WS/install/motion_planning/share/motion_planning/package.sh'
[2.489s] INFO:colcon.colcon_core.shell:Creating package script '/home/aliha1313/FUM6R-WS/install/motion_planning/share/motion_planning/package.bash'
[2.490s] INFO:colcon.colcon_core.shell:Creating package script '/home/aliha1313/FUM6R-WS/install/motion_planning/share/motion_planning/package.zsh'
[2.491s] Level 1:colcon.colcon_core.environment:create_file_with_runtime_dependencies(/home/aliha1313/FUM6R-WS/install/motion_planning/share/colcon-core/packages/motion_planning)
[2.529s] Level 1:colcon.colcon_core.environment:create_environment_scripts_only(moveit_6r)
[2.530s] Level 1:colcon.colcon_core.environment:checking '/home/aliha1313/FUM6R-WS/install/moveit_6r' for CMake module files
[2.532s] Level 1:colcon.colcon_core.environment:checking '/home/aliha1313/FUM6R-WS/install/moveit_6r' for CMake config files
[2.533s] Level 1:colcon.colcon_core.shell:create_environment_hook('moveit_6r', 'cmake_prefix_path')
[2.533s] INFO:colcon.colcon_core.shell:Creating environment hook '/home/aliha1313/FUM6R-WS/install/moveit_6r/share/moveit_6r/hook/cmake_prefix_path.ps1'
[2.535s] INFO:colcon.colcon_core.shell:Creating environment descriptor '/home/aliha1313/FUM6R-WS/install/moveit_6r/share/moveit_6r/hook/cmake_prefix_path.dsv'
[2.536s] INFO:colcon.colcon_core.shell:Creating environment hook '/home/aliha1313/FUM6R-WS/install/moveit_6r/share/moveit_6r/hook/cmake_prefix_path.sh'
[2.539s] Level 1:colcon.colcon_core.environment:checking '/home/aliha1313/FUM6R-WS/install/moveit_6r/bin'
[2.539s] Level 1:colcon.colcon_core.environment:checking '/home/aliha1313/FUM6R-WS/install/moveit_6r/lib/pkgconfig/moveit_6r.pc'
[2.540s] Level 1:colcon.colcon_core.environment:checking '/home/aliha1313/FUM6R-WS/install/moveit_6r/lib/python3.10/site-packages'
[2.541s] Level 1:colcon.colcon_core.environment:checking '/home/aliha1313/FUM6R-WS/install/moveit_6r/bin'
[2.542s] INFO:colcon.colcon_core.shell:Creating package script '/home/aliha1313/FUM6R-WS/install/moveit_6r/share/moveit_6r/package.ps1'
[2.544s] INFO:colcon.colcon_core.shell:Creating package descriptor '/home/aliha1313/FUM6R-WS/install/moveit_6r/share/moveit_6r/package.dsv'
[2.546s] INFO:colcon.colcon_core.shell:Creating package script '/home/aliha1313/FUM6R-WS/install/moveit_6r/share/moveit_6r/package.sh'
[2.547s] INFO:colcon.colcon_core.shell:Creating package script '/home/aliha1313/FUM6R-WS/install/moveit_6r/share/moveit_6r/package.bash'
[2.549s] INFO:colcon.colcon_core.shell:Creating package script '/home/aliha1313/FUM6R-WS/install/moveit_6r/share/moveit_6r/package.zsh'
[2.550s] Level 1:colcon.colcon_core.environment:create_file_with_runtime_dependencies(/home/aliha1313/FUM6R-WS/install/moveit_6r/share/colcon-core/packages/moveit_6r)
[2.591s] Level 1:colcon.colcon_core.environment:create_environment_scripts_only(motion_planning)
[2.593s] Level 1:colcon.colcon_core.environment:checking '/home/aliha1313/FUM6R-WS/install/motion_planning' for CMake module files
[2.596s] Level 1:colcon.colcon_core.environment:checking '/home/aliha1313/FUM6R-WS/install/motion_planning' for CMake config files
[2.597s] Level 1:colcon.colcon_core.shell:create_environment_hook('motion_planning', 'cmake_prefix_path')
[2.598s] INFO:colcon.colcon_core.shell:Creating environment hook '/home/aliha1313/FUM6R-WS/install/motion_planning/share/motion_planning/hook/cmake_prefix_path.ps1'
[2.600s] INFO:colcon.colcon_core.shell:Creating environment descriptor '/home/aliha1313/FUM6R-WS/install/motion_planning/share/motion_planning/hook/cmake_prefix_path.dsv'
[2.602s] INFO:colcon.colcon_core.shell:Creating environment hook '/home/aliha1313/FUM6R-WS/install/motion_planning/share/motion_planning/hook/cmake_prefix_path.sh'
[2.605s] Level 1:colcon.colcon_core.environment:checking '/home/aliha1313/FUM6R-WS/install/motion_planning/lib'
[2.605s] Level 1:colcon.colcon_core.environment:checking '/home/aliha1313/FUM6R-WS/install/motion_planning/bin'
[2.605s] Level 1:colcon.colcon_core.environment:checking '/home/aliha1313/FUM6R-WS/install/motion_planning/lib/pkgconfig/motion_planning.pc'
[2.607s] Level 1:colcon.colcon_core.environment:checking '/home/aliha1313/FUM6R-WS/install/motion_planning/lib/python3.10/site-packages'
[2.608s] Level 1:colcon.colcon_core.environment:checking '/home/aliha1313/FUM6R-WS/install/motion_planning/bin'
[2.610s] INFO:colcon.colcon_core.shell:Creating package script '/home/aliha1313/FUM6R-WS/install/motion_planning/share/motion_planning/package.ps1'
[2.612s] INFO:colcon.colcon_core.shell:Creating package descriptor '/home/aliha1313/FUM6R-WS/install/motion_planning/share/motion_planning/package.dsv'
[2.614s] INFO:colcon.colcon_core.shell:Creating package script '/home/aliha1313/FUM6R-WS/install/motion_planning/share/motion_planning/package.sh'
[2.615s] INFO:colcon.colcon_core.shell:Creating package script '/home/aliha1313/FUM6R-WS/install/motion_planning/share/motion_planning/package.bash'
[2.617s] INFO:colcon.colcon_core.shell:Creating package script '/home/aliha1313/FUM6R-WS/install/motion_planning/share/motion_planning/package.zsh'
[2.618s] Level 1:colcon.colcon_core.environment:create_file_with_runtime_dependencies(/home/aliha1313/FUM6R-WS/install/motion_planning/share/colcon-core/packages/motion_planning)
[3.760s] DEBUG:colcon.colcon_core.event_handler.log_command:Invoking command in '/home/aliha1313/FUM6R-WS/src/pidcontrollerpkg': PYTHONPATH=/home/aliha1313/FUM6R-WS/build/pidcontrollerpkg/prefix_override:/home/aliha1313/FUM6R-WS/install/pidcontrollerpkg/lib/python3.10/site-packages:${PYTHONPATH} /usr/bin/python3 -W ignore:setup.py install is deprecated setup.py egg_info --egg-base ../../build/pidcontrollerpkg build --build-base /home/aliha1313/FUM6R-WS/build/pidcontrollerpkg/build install --record /home/aliha1313/FUM6R-WS/build/pidcontrollerpkg/install.log --single-version-externally-managed install_data
[3.763s] DEBUG:colcon.colcon_core.event_handler.log_command:Invoking command in '/home/aliha1313/FUM6R-WS/src/ros2_control_bringup': PYTHONPATH=/home/aliha1313/FUM6R-WS/build/ros2_control_bringup/prefix_override:/home/aliha1313/FUM6R-WS/install/ros2_control_bringup/lib/python3.10/site-packages:${PYTHONPATH} /usr/bin/python3 -W ignore:setup.py install is deprecated setup.py egg_info --egg-base ../../build/ros2_control_bringup build --build-base /home/aliha1313/FUM6R-WS/build/ros2_control_bringup/build install --record /home/aliha1313/FUM6R-WS/build/ros2_control_bringup/install.log --single-version-externally-managed install_data
[4.858s] Level 1:colcon.colcon_core.environment:checking '/home/aliha1313/FUM6R-WS/install/ros2_control_bringup' for CMake module files
[4.860s] DEBUG:colcon.colcon_core.event_handler.log_command:Invoked command in '/home/aliha1313/FUM6R-WS/src/ros2_control_bringup' returned '0': PYTHONPATH=/home/aliha1313/FUM6R-WS/build/ros2_control_bringup/prefix_override:/home/aliha1313/FUM6R-WS/install/ros2_control_bringup/lib/python3.10/site-packages:${PYTHONPATH} /usr/bin/python3 -W ignore:setup.py install is deprecated setup.py egg_info --egg-base ../../build/ros2_control_bringup build --build-base /home/aliha1313/FUM6R-WS/build/ros2_control_bringup/build install --record /home/aliha1313/FUM6R-WS/build/ros2_control_bringup/install.log --single-version-externally-managed install_data
[4.861s] Level 1:colcon.colcon_core.environment:checking '/home/aliha1313/FUM6R-WS/install/ros2_control_bringup' for CMake config files
[4.863s] Level 1:colcon.colcon_core.environment:checking '/home/aliha1313/FUM6R-WS/install/ros2_control_bringup/lib'
[4.864s] Level 1:colcon.colcon_core.environment:checking '/home/aliha1313/FUM6R-WS/install/ros2_control_bringup/bin'
[4.864s] Level 1:colcon.colcon_core.environment:checking '/home/aliha1313/FUM6R-WS/install/ros2_control_bringup/lib/pkgconfig/ros2_control_bringup.pc'
[4.865s] Level 1:colcon.colcon_core.environment:checking '/home/aliha1313/FUM6R-WS/install/ros2_control_bringup/lib/python3.10/site-packages'
[4.865s] Level 1:colcon.colcon_core.shell:create_environment_hook('ros2_control_bringup', 'pythonpath')
[4.866s] INFO:colcon.colcon_core.shell:Creating environment hook '/home/aliha1313/FUM6R-WS/install/ros2_control_bringup/share/ros2_control_bringup/hook/pythonpath.ps1'
[4.867s] INFO:colcon.colcon_core.shell:Creating environment descriptor '/home/aliha1313/FUM6R-WS/install/ros2_control_bringup/share/ros2_control_bringup/hook/pythonpath.dsv'
[4.869s] INFO:colcon.colcon_core.shell:Creating environment hook '/home/aliha1313/FUM6R-WS/install/ros2_control_bringup/share/ros2_control_bringup/hook/pythonpath.sh'
[4.871s] Level 1:colcon.colcon_core.environment:checking '/home/aliha1313/FUM6R-WS/install/ros2_control_bringup/bin'
[4.871s] Level 1:colcon.colcon_core.environment:create_environment_scripts_only(ros2_control_bringup)
[4.872s] INFO:colcon.colcon_core.shell:Creating package script '/home/aliha1313/FUM6R-WS/install/ros2_control_bringup/share/ros2_control_bringup/package.ps1'
[4.874s] INFO:colcon.colcon_core.shell:Creating package descriptor '/home/aliha1313/FUM6R-WS/install/ros2_control_bringup/share/ros2_control_bringup/package.dsv'
[4.875s] INFO:colcon.colcon_core.shell:Creating package script '/home/aliha1313/FUM6R-WS/install/ros2_control_bringup/share/ros2_control_bringup/package.sh'
[4.877s] INFO:colcon.colcon_core.shell:Creating package script '/home/aliha1313/FUM6R-WS/install/ros2_control_bringup/share/ros2_control_bringup/package.bash'
[4.878s] INFO:colcon.colcon_core.shell:Creating package script '/home/aliha1313/FUM6R-WS/install/ros2_control_bringup/share/ros2_control_bringup/package.zsh'
[4.879s] Level 1:colcon.colcon_core.environment:create_file_with_runtime_dependencies(/home/aliha1313/FUM6R-WS/install/ros2_control_bringup/share/colcon-core/packages/ros2_control_bringup)
[4.884s] Level 1:colcon.colcon_core.environment:checking '/home/aliha1313/FUM6R-WS/install/pidcontrollerpkg' for CMake module files
[4.886s] DEBUG:colcon.colcon_core.event_handler.log_command:Invoked command in '/home/aliha1313/FUM6R-WS/src/pidcontrollerpkg' returned '0': PYTHONPATH=/home/aliha1313/FUM6R-WS/build/pidcontrollerpkg/prefix_override:/home/aliha1313/FUM6R-WS/install/pidcontrollerpkg/lib/python3.10/site-packages:${PYTHONPATH} /usr/bin/python3 -W ignore:setup.py install is deprecated setup.py egg_info --egg-base ../../build/pidcontrollerpkg build --build-base /home/aliha1313/FUM6R-WS/build/pidcontrollerpkg/build install --record /home/aliha1313/FUM6R-WS/build/pidcontrollerpkg/install.log --single-version-externally-managed install_data
[4.887s] Level 1:colcon.colcon_core.environment:checking '/home/aliha1313/FUM6R-WS/install/pidcontrollerpkg' for CMake config files
[4.889s] Level 1:colcon.colcon_core.environment:checking '/home/aliha1313/FUM6R-WS/install/pidcontrollerpkg/lib'
[4.889s] Level 1:colcon.colcon_core.environment:checking '/home/aliha1313/FUM6R-WS/install/pidcontrollerpkg/bin'
[4.890s] Level 1:colcon.colcon_core.environment:checking '/home/aliha1313/FUM6R-WS/install/pidcontrollerpkg/lib/pkgconfig/pidcontrollerpkg.pc'
[4.890s] Level 1:colcon.colcon_core.environment:checking '/home/aliha1313/FUM6R-WS/install/pidcontrollerpkg/lib/python3.10/site-packages'
[4.891s] Level 1:colcon.colcon_core.shell:create_environment_hook('pidcontrollerpkg', 'pythonpath')
[4.892s] INFO:colcon.colcon_core.shell:Creating environment hook '/home/aliha1313/FUM6R-WS/install/pidcontrollerpkg/share/pidcontrollerpkg/hook/pythonpath.ps1'
[4.893s] INFO:colcon.colcon_core.shell:Creating environment descriptor '/home/aliha1313/FUM6R-WS/install/pidcontrollerpkg/share/pidcontrollerpkg/hook/pythonpath.dsv'
[4.894s] INFO:colcon.colcon_core.shell:Creating environment hook '/home/aliha1313/FUM6R-WS/install/pidcontrollerpkg/share/pidcontrollerpkg/hook/pythonpath.sh'
[4.896s] Level 1:colcon.colcon_core.environment:checking '/home/aliha1313/FUM6R-WS/install/pidcontrollerpkg/bin'
[4.897s] Level 1:colcon.colcon_core.environment:create_environment_scripts_only(pidcontrollerpkg)
[4.898s] INFO:colcon.colcon_core.shell:Creating package script '/home/aliha1313/FUM6R-WS/install/pidcontrollerpkg/share/pidcontrollerpkg/package.ps1'
[4.900s] INFO:colcon.colcon_core.shell:Creating package descriptor '/home/aliha1313/FUM6R-WS/install/pidcontrollerpkg/share/pidcontrollerpkg/package.dsv'
[4.901s] INFO:colcon.colcon_core.shell:Creating package script '/home/aliha1313/FUM6R-WS/install/pidcontrollerpkg/share/pidcontrollerpkg/package.sh'
[4.903s] INFO:colcon.colcon_core.shell:Creating package script '/home/aliha1313/FUM6R-WS/install/pidcontrollerpkg/share/pidcontrollerpkg/package.bash'
[4.904s] INFO:colcon.colcon_core.shell:Creating package script '/home/aliha1313/FUM6R-WS/install/pidcontrollerpkg/share/pidcontrollerpkg/package.zsh'
[4.905s] Level 1:colcon.colcon_core.environment:create_file_with_runtime_dependencies(/home/aliha1313/FUM6R-WS/install/pidcontrollerpkg/share/colcon-core/packages/pidcontrollerpkg)
[4.906s] DEBUG:colcon.colcon_parallel_executor.executor.parallel:closing loop
[4.906s] DEBUG:colcon.colcon_parallel_executor.executor.parallel:loop closed
[4.907s] DEBUG:colcon.colcon_parallel_executor.executor.parallel:run_until_complete finished with '0'
[4.907s] DEBUG:colcon.colcon_core.event_reactor:joining thread
[4.926s] INFO:colcon.colcon_core.plugin_system:Skipping extension 'colcon_notification.desktop_notification.notify_send': Could not find 'notify-send'
[4.926s] INFO:colcon.colcon_core.plugin_system:Skipping extension 'colcon_notification.desktop_notification.terminal_notifier': Not used on non-Darwin systems
[4.927s] INFO:colcon.colcon_core.plugin_system:Skipping extension 'colcon_notification.desktop_notification.win32': Not used on non-Windows systems
[4.927s] INFO:colcon.colcon_notification.desktop_notification:Sending desktop notification using 'notify2'
[4.959s] DEBUG:colcon.colcon_core.event_reactor:joined thread
[4.961s] INFO:colcon.colcon_core.shell:Creating prefix script '/home/aliha1313/FUM6R-WS/install/local_setup.ps1'
[4.965s] INFO:colcon.colcon_core.shell:Creating prefix util module '/home/aliha1313/FUM6R-WS/install/_local_setup_util_ps1.py'
[4.970s] INFO:colcon.colcon_core.shell:Creating prefix chain script '/home/aliha1313/FUM6R-WS/install/setup.ps1'
[4.973s] INFO:colcon.colcon_core.shell:Creating prefix script '/home/aliha1313/FUM6R-WS/install/local_setup.sh'
[4.975s] INFO:colcon.colcon_core.shell:Creating prefix util module '/home/aliha1313/FUM6R-WS/install/_local_setup_util_sh.py'
[4.978s] INFO:colcon.colcon_core.shell:Creating prefix chain script '/home/aliha1313/FUM6R-WS/install/setup.sh'
[4.982s] INFO:colcon.colcon_core.shell:Creating prefix script '/home/aliha1313/FUM6R-WS/install/local_setup.bash'
[4.984s] INFO:colcon.colcon_core.shell:Creating prefix chain script '/home/aliha1313/FUM6R-WS/install/setup.bash'
[4.988s] INFO:colcon.colcon_core.shell:Creating prefix script '/home/aliha1313/FUM6R-WS/install/local_setup.zsh'
[4.990s] INFO:colcon.colcon_core.shell:Creating prefix chain script '/home/aliha1313/FUM6R-WS/install/setup.zsh'
