[0.950s] Invoking command in '/home/aliha1313/FUM6R-WS/src/pidcontrollerpkg': PYTHONPATH=/home/aliha1313/FUM6R-WS/src/pidcontrollerpkg/build/pidcontrollerpkg/prefix_override:/home/aliha1313/FUM6R-WS/src/pidcontrollerpkg/install/pidcontrollerpkg/lib/python3.8/site-packages:${PYTHONPATH} /usr/bin/python3 setup.py egg_info --egg-base build/pidcontrollerpkg build --build-base /home/aliha1313/FUM6R-WS/src/pidcontrollerpkg/build/pidcontrollerpkg/build install --record /home/aliha1313/FUM6R-WS/src/pidcontrollerpkg/build/pidcontrollerpkg/install.log --install-scripts $base/lib/pidcontrollerpkg --single-version-externally-managed
[1.267s] running egg_info
[1.267s] writing build/pidcontrollerpkg/pidcontrollerpkg.egg-info/PKG-INFO
[1.268s] writing dependency_links to build/pidcontrollerpkg/pidcontrollerpkg.egg-info/dependency_links.txt
[1.268s] writing entry points to build/pidcontrollerpkg/pidcontrollerpkg.egg-info/entry_points.txt
[1.268s] writing requirements to build/pidcontrollerpkg/pidcontrollerpkg.egg-info/requires.txt
[1.268s] writing top-level names to build/pidcontrollerpkg/pidcontrollerpkg.egg-info/top_level.txt
[1.316s] reading manifest file 'build/pidcontrollerpkg/pidcontrollerpkg.egg-info/SOURCES.txt'
[1.317s] writing manifest file 'build/pidcontrollerpkg/pidcontrollerpkg.egg-info/SOURCES.txt'
[1.318s] running build
[1.318s] running build_py
[1.318s] copying pidcontrollerpkg/set_Tourqe.py -> /home/aliha1313/FUM6R-WS/src/pidcontrollerpkg/build/pidcontrollerpkg/build/lib/pidcontrollerpkg
[1.318s] running install
[1.320s] running install_lib
[1.321s] copying /home/aliha1313/FUM6R-WS/src/pidcontrollerpkg/build/pidcontrollerpkg/build/lib/pidcontrollerpkg/set_Tourqe.py -> /home/aliha1313/FUM6R-WS/src/pidcontrollerpkg/install/pidcontrollerpkg/lib/python3.8/site-packages/pidcontrollerpkg
[1.323s] byte-compiling /home/aliha1313/FUM6R-WS/src/pidcontrollerpkg/install/pidcontrollerpkg/lib/python3.8/site-packages/pidcontrollerpkg/set_Tourqe.py to set_Tourqe.cpython-38.pyc
[1.326s] running install_data
[1.327s] running install_egg_info
[1.329s] removing '/home/aliha1313/FUM6R-WS/src/pidcontrollerpkg/install/pidcontrollerpkg/lib/python3.8/site-packages/pidcontrollerpkg-0.0.0-py3.8.egg-info' (and everything under it)
[1.330s] Copying build/pidcontrollerpkg/pidcontrollerpkg.egg-info to /home/aliha1313/FUM6R-WS/src/pidcontrollerpkg/install/pidcontrollerpkg/lib/python3.8/site-packages/pidcontrollerpkg-0.0.0-py3.8.egg-info
[1.331s] running install_scripts
[1.359s] Installing pidinv script to /home/aliha1313/FUM6R-WS/src/pidcontrollerpkg/install/pidcontrollerpkg/lib/pidcontrollerpkg
[1.360s] Installing pidnode1 script to /home/aliha1313/FUM6R-WS/src/pidcontrollerpkg/install/pidcontrollerpkg/lib/pidcontrollerpkg
[1.360s] Installing pidnode2 script to /home/aliha1313/FUM6R-WS/src/pidcontrollerpkg/install/pidcontrollerpkg/lib/pidcontrollerpkg
[1.360s] Installing pidnode3 script to /home/aliha1313/FUM6R-WS/src/pidcontrollerpkg/install/pidcontrollerpkg/lib/pidcontrollerpkg
[1.361s] Installing settorque script to /home/aliha1313/FUM6R-WS/src/pidcontrollerpkg/install/pidcontrollerpkg/lib/pidcontrollerpkg
[1.361s] writing list of installed files to '/home/aliha1313/FUM6R-WS/src/pidcontrollerpkg/build/pidcontrollerpkg/install.log'
[1.400s] Invoked command in '/home/aliha1313/FUM6R-WS/src/pidcontrollerpkg' returned '0': PYTHONPATH=/home/aliha1313/FUM6R-WS/src/pidcontrollerpkg/build/pidcontrollerpkg/prefix_override:/home/aliha1313/FUM6R-WS/src/pidcontrollerpkg/install/pidcontrollerpkg/lib/python3.8/site-packages:${PYTHONPATH} /usr/bin/python3 setup.py egg_info --egg-base build/pidcontrollerpkg build --build-base /home/aliha1313/FUM6R-WS/src/pidcontrollerpkg/build/pidcontrollerpkg/build install --record /home/aliha1313/FUM6R-WS/src/pidcontrollerpkg/build/pidcontrollerpkg/install.log --install-scripts $base/lib/pidcontrollerpkg --single-version-externally-managed
