[0.803s] Invoking command in '/home/aliha1313/FUM6R-WS/src/ros2_control_bringup': PYTHONPATH=/home/aliha1313/FUM6R-WS/build/ros2_control_bringup/prefix_override:/home/aliha1313/FUM6R-WS/install/ros2_control_bringup/lib/python3.10/site-packages:${PYTHONPATH} /usr/bin/python3 -W ignore:setup.py install is deprecated setup.py egg_info --egg-base ../../build/ros2_control_bringup build --build-base /home/aliha1313/FUM6R-WS/build/ros2_control_bringup/build install --record /home/aliha1313/FUM6R-WS/build/ros2_control_bringup/install.log --single-version-externally-managed install_data
[1.005s] running egg_info
[1.006s] writing ../../build/ros2_control_bringup/ros2_control_bringup.egg-info/PKG-INFO
[1.006s] writing dependency_links to ../../build/ros2_control_bringup/ros2_control_bringup.egg-info/dependency_links.txt
[1.006s] writing entry points to ../../build/ros2_control_bringup/ros2_control_bringup.egg-info/entry_points.txt
[1.007s] writing requirements to ../../build/ros2_control_bringup/ros2_control_bringup.egg-info/requires.txt
[1.007s] writing top-level names to ../../build/ros2_control_bringup/ros2_control_bringup.egg-info/top_level.txt
[1.008s] reading manifest file '../../build/ros2_control_bringup/ros2_control_bringup.egg-info/SOURCES.txt'
[1.009s] writing manifest file '../../build/ros2_control_bringup/ros2_control_bringup.egg-info/SOURCES.txt'
[1.009s] running build
[1.010s] running build_py
[1.010s] copying ros2_control_bringup/ball_spawn.py -> /home/aliha1313/FUM6R-WS/build/ros2_control_bringup/build/lib/ros2_control_bringup
[1.010s] running install
[1.010s] running install_lib
[1.011s] copying /home/aliha1313/FUM6R-WS/build/ros2_control_bringup/build/lib/ros2_control_bringup/ball_spawn.py -> /home/aliha1313/FUM6R-WS/install/ros2_control_bringup/lib/python3.10/site-packages/ros2_control_bringup
[1.012s] byte-compiling /home/aliha1313/FUM6R-WS/install/ros2_control_bringup/lib/python3.10/site-packages/ros2_control_bringup/ball_spawn.py to ball_spawn.cpython-310.pyc
[1.013s] running install_data
[1.013s] running install_egg_info
[1.014s] removing '/home/aliha1313/FUM6R-WS/install/ros2_control_bringup/lib/python3.10/site-packages/ros2_control_bringup-0.0.0-py3.10.egg-info' (and everything under it)
[1.015s] Copying ../../build/ros2_control_bringup/ros2_control_bringup.egg-info to /home/aliha1313/FUM6R-WS/install/ros2_control_bringup/lib/python3.10/site-packages/ros2_control_bringup-0.0.0-py3.10.egg-info
[1.015s] running install_scripts
[1.034s] Installing CtrlInvTest script to /home/aliha1313/FUM6R-WS/install/ros2_control_bringup/lib/ros2_control_bringup
[1.034s] Installing CtrlTest script to /home/aliha1313/FUM6R-WS/install/ros2_control_bringup/lib/ros2_control_bringup
[1.034s] Installing ball script to /home/aliha1313/FUM6R-WS/install/ros2_control_bringup/lib/ros2_control_bringup
[1.034s] writing list of installed files to '/home/aliha1313/FUM6R-WS/build/ros2_control_bringup/install.log'
[1.054s] Invoked command in '/home/aliha1313/FUM6R-WS/src/ros2_control_bringup' returned '0': PYTHONPATH=/home/aliha1313/FUM6R-WS/build/ros2_control_bringup/prefix_override:/home/aliha1313/FUM6R-WS/install/ros2_control_bringup/lib/python3.10/site-packages:${PYTHONPATH} /usr/bin/python3 -W ignore:setup.py install is deprecated setup.py egg_info --egg-base ../../build/ros2_control_bringup build --build-base /home/aliha1313/FUM6R-WS/build/ros2_control_bringup/build install --record /home/aliha1313/FUM6R-WS/build/ros2_control_bringup/install.log --single-version-externally-managed install_data
