[1.039s] Invoking command in '/home/aliha1313/FUM6R-WS/src/pidcontrollerpkg': PYTHONPATH=/home/aliha1313/FUM6R-WS/src/pidcontrollerpkg/build/pidcontrollerpkg/prefix_override:/home/aliha1313/FUM6R-WS/src/pidcontrollerpkg/install/pidcontrollerpkg/lib/python3.8/site-packages:${PYTHONPATH} /usr/bin/python3 setup.py egg_info --egg-base build/pidcontrollerpkg build --build-base /home/aliha1313/FUM6R-WS/src/pidcontrollerpkg/build/pidcontrollerpkg/build install --record /home/aliha1313/FUM6R-WS/src/pidcontrollerpkg/build/pidcontrollerpkg/install.log --install-scripts $base/lib/pidcontrollerpkg --single-version-externally-managed
[1.363s] running egg_info
[1.364s] writing build/pidcontrollerpkg/pidcontrollerpkg.egg-info/PKG-INFO
[1.365s] writing dependency_links to build/pidcontrollerpkg/pidcontrollerpkg.egg-info/dependency_links.txt
[1.365s] writing entry points to build/pidcontrollerpkg/pidcontrollerpkg.egg-info/entry_points.txt
[1.365s] writing requirements to build/pidcontrollerpkg/pidcontrollerpkg.egg-info/requires.txt
[1.366s] writing top-level names to build/pidcontrollerpkg/pidcontrollerpkg.egg-info/top_level.txt
[1.412s] reading manifest file 'build/pidcontrollerpkg/pidcontrollerpkg.egg-info/SOURCES.txt'
[1.414s] writing manifest file 'build/pidcontrollerpkg/pidcontrollerpkg.egg-info/SOURCES.txt'
[1.414s] running build
[1.414s] running build_py
[1.415s] running install
[1.417s] running install_lib
[1.420s] running install_data
[1.421s] running install_egg_info
[1.424s] removing '/home/aliha1313/FUM6R-WS/src/pidcontrollerpkg/install/pidcontrollerpkg/lib/python3.8/site-packages/pidcontrollerpkg-0.0.0-py3.8.egg-info' (and everything under it)
[1.425s] Copying build/pidcontrollerpkg/pidcontrollerpkg.egg-info to /home/aliha1313/FUM6R-WS/src/pidcontrollerpkg/install/pidcontrollerpkg/lib/python3.8/site-packages/pidcontrollerpkg-0.0.0-py3.8.egg-info
[1.426s] running install_scripts
[1.451s] Installing pidinv script to /home/aliha1313/FUM6R-WS/src/pidcontrollerpkg/install/pidcontrollerpkg/lib/pidcontrollerpkg
[1.452s] Installing pidnode1 script to /home/aliha1313/FUM6R-WS/src/pidcontrollerpkg/install/pidcontrollerpkg/lib/pidcontrollerpkg
[1.452s] Installing pidnode2 script to /home/aliha1313/FUM6R-WS/src/pidcontrollerpkg/install/pidcontrollerpkg/lib/pidcontrollerpkg
[1.452s] Installing pidnode3 script to /home/aliha1313/FUM6R-WS/src/pidcontrollerpkg/install/pidcontrollerpkg/lib/pidcontrollerpkg
[1.453s] Installing settorque script to /home/aliha1313/FUM6R-WS/src/pidcontrollerpkg/install/pidcontrollerpkg/lib/pidcontrollerpkg
[1.453s] writing list of installed files to '/home/aliha1313/FUM6R-WS/src/pidcontrollerpkg/build/pidcontrollerpkg/install.log'
[1.500s] Invoked command in '/home/aliha1313/FUM6R-WS/src/pidcontrollerpkg' returned '0': PYTHONPATH=/home/aliha1313/FUM6R-WS/src/pidcontrollerpkg/build/pidcontrollerpkg/prefix_override:/home/aliha1313/FUM6R-WS/src/pidcontrollerpkg/install/pidcontrollerpkg/lib/python3.8/site-packages:${PYTHONPATH} /usr/bin/python3 setup.py egg_info --egg-base build/pidcontrollerpkg build --build-base /home/aliha1313/FUM6R-WS/src/pidcontrollerpkg/build/pidcontrollerpkg/build install --record /home/aliha1313/FUM6R-WS/src/pidcontrollerpkg/build/pidcontrollerpkg/install.log --install-scripts $base/lib/pidcontrollerpkg --single-version-externally-managed
