[0.451s] Invoking command in '/home/aliha1313/FUM6R-WS/build/ros_ign_gazebo_manager': CMAKE_PREFIX_PATH=${CMAKE_PREFIX_PATH}:/home/aliha1313/FUM6R-WS/install/ros2_control_bringup:/home/aliha1313/FUM6R-WS/install/ros2_control_bringing_up:/home/aliha1313/FUM6R-WS/install/pidcontrollerpkg:/opt/ros/humble /usr/bin/cmake /home/aliha1313/FUM6R-WS/src/ign_manager -DCMAKE_INSTALL_PREFIX=/home/aliha1313/FUM6R-WS/install/ros_ign_gazebo_manager
[0.460s] -- Found ament_cmake: 1.3.8 (/opt/ros/humble/share/ament_cmake/cmake)
[0.579s] -- Found rclcpp: 16.0.8 (/opt/ros/humble/share/rclcpp/cmake)
[0.605s] -- Found rosidl_generator_c: 3.1.5 (/opt/ros/humble/share/rosidl_generator_c/cmake)
[0.607s] -- Found rosidl_adapter: 3.1.5 (/opt/ros/humble/share/rosidl_adapter/cmake)
[0.612s] -- Found rosidl_generator_cpp: 3.1.5 (/opt/ros/humble/share/rosidl_generator_cpp/cmake)
[0.623s] -- Using all available rosidl_typesupport_c: rosidl_typesupport_fastrtps_c;rosidl_typesupport_introspection_c
[0.636s] -- Using all available rosidl_typesupport_cpp: rosidl_typesupport_fastrtps_cpp;rosidl_typesupport_introspection_cpp
[0.687s] -- Found rmw_implementation_cmake: 6.1.1 (/opt/ros/humble/share/rmw_implementation_cmake/cmake)
[0.689s] -- Found rmw_fastrtps_cpp: 6.2.6 (/opt/ros/humble/share/rmw_fastrtps_cpp/cmake)
[0.795s] -- Using RMW implementation 'rmw_fastrtps_cpp' as default
[0.948s] -- Found geometry_msgs: 4.2.3 (/opt/ros/humble/share/geometry_msgs/cmake)
[0.992s] -- Found ros_ign_bridge: 0.244.13 (/opt/ros/humble/share/ros_ign_bridge/cmake)
[1.907s] -- Found ros_ign_interfaces: 0.244.13 (/opt/ros/humble/share/ros_ign_interfaces/cmake)
[2.036s] [31mCMake Error at CMakeLists.txt:21 (find_package):
[2.036s]   By not providing "Findignition.cmake" in CMAKE_MODULE_PATH this project has
[2.036s]   asked CMake to find a package configuration file provided by "ignition",
[2.036s]   but CMake did not find one.
[2.036s] 
[2.036s]   Could not find a package configuration file provided by "ignition" with any
[2.036s]   of the following names:
[2.036s] 
[2.036s]     ignitionConfig.cmake
[2.037s]     ignition-config.cmake
[2.037s] 
[2.037s]   Add the installation prefix of "ignition" to CMAKE_PREFIX_PATH or set
[2.037s]   "ignition_DIR" to a directory containing one of the above files.  If
[2.037s]   "ignition" provides a separate development package or SDK, be sure it has
[2.037s]   been installed.
[2.037s] 
[2.037s] [0m
[2.037s] -- Configuring incomplete, errors occurred!
[2.037s] See also "/home/aliha1313/FUM6R-WS/build/ros_ign_gazebo_manager/CMakeFiles/CMakeOutput.log".
[2.042s] Invoked command in '/home/aliha1313/FUM6R-WS/build/ros_ign_gazebo_manager' returned '1': CMAKE_PREFIX_PATH=${CMAKE_PREFIX_PATH}:/home/aliha1313/FUM6R-WS/install/ros2_control_bringup:/home/aliha1313/FUM6R-WS/install/ros2_control_bringing_up:/home/aliha1313/FUM6R-WS/install/pidcontrollerpkg:/opt/ros/humble /usr/bin/cmake /home/aliha1313/FUM6R-WS/src/ign_manager -DCMAKE_INSTALL_PREFIX=/home/aliha1313/FUM6R-WS/install/ros_ign_gazebo_manager
