2023-07-30 14:13:56,467 - pyswarms.single.global_best - INFO - Optimize for 1000 iters with {'c1': 0.5, 'c2': 0.3, 'w': 0.9}
2023-07-30 14:16:26,652 - pyswarms.single.global_best - INFO - Optimize for 1000 iters with {'c1': 0.5, 'c2': 0.3, 'w': 0.9}
2023-07-30 14:17:02,441 - pyswarms.single.global_best - INFO - Optimize for 1000 iters with {'c1': 0.5, 'c2': 0.3, 'w': 0.9}
2023-07-30 14:20:15,569 - pyswarms.single.global_best - INFO - Optimize for 50 iters with {'c1': 0.5, 'c2': 0.3, 'w': 0.9}
2023-07-30 14:21:04,666 - pyswarms.single.global_best - INFO - Optimize for 50 iters with {'c1': 0.5, 'c2': 0.3, 'w': 0.9}
2023-07-30 14:23:43,848 - pyswarms.single.global_best - INFO - Optimize for 50 iters with {'c1': 0.5, 'c2': 0.3, 'w': 0.9}
2023-07-30 14:24:26,908 - pyswarms.single.global_best - INFO - Optimize for 50 iters with {'c1': 0.5, 'c2': 0.3, 'w': 0.9}
2023-07-30 14:25:01,740 - pyswarms.single.global_best - INFO - Optimize for 50 iters with {'c1': 0.5, 'c2': 0.3, 'w': 0.9}
2023-07-30 14:26:36,052 - pyswarms.backend.generators - ERROR - generate_swarm() takes an int for n_particles and dimensions and an array for bounds
Traceback (most recent call last):
  File "/home/aliha1313/.local/lib/python3.8/site-packages/pyswarms/backend/generators.py", line 81, in generate_swarm
    pos = center * np.random.uniform(
  File "mtrand.pyx", line 1131, in numpy.random.mtrand.RandomState.uniform
TypeError: Cannot cast array data from dtype('O') to dtype('float64') according to the rule 'safe'
2023-07-30 14:27:57,535 - pyswarms.backend.generators - ERROR - generate_swarm() takes an int for n_particles and dimensions and an array for bounds
Traceback (most recent call last):
  File "/home/aliha1313/.local/lib/python3.8/site-packages/pyswarms/backend/generators.py", line 81, in generate_swarm
    pos = center * np.random.uniform(
  File "mtrand.pyx", line 1131, in numpy.random.mtrand.RandomState.uniform
TypeError: Cannot cast array data from dtype('O') to dtype('float64') according to the rule 'safe'
2023-07-30 14:29:37,222 - pyswarms.single.global_best - INFO - Optimize for 50 iters with {'c1': 0.5, 'c2': 0.3, 'w': 0.9}
2023-07-30 15:53:07,559 - pyswarms.single.global_best - INFO - Optimize for 50 iters with {'c1': 0.5, 'c2': 0.3, 'w': 0.9}
2023-07-31 09:33:40,726 - pyswarms.single.global_best - INFO - Optimize for 50 iters with {'c1': 2, 'c2': 2, 'w': 0.9}
