[1.042s] Invoking command in '/home/aliha1313/FUM6R-WS/src/pidcontrollerpkg': PYTHONPATH=/home/aliha1313/FUM6R-WS/src/pidcontrollerpkg/build/pidcontrollerpkg/prefix_override:/home/aliha1313/FUM6R-WS/src/pidcontrollerpkg/install/pidcontrollerpkg/lib/python3.8/site-packages:${PYTHONPATH} /usr/bin/python3 setup.py egg_info --egg-base build/pidcontrollerpkg build --build-base /home/aliha1313/FUM6R-WS/src/pidcontrollerpkg/build/pidcontrollerpkg/build install --record /home/aliha1313/FUM6R-WS/src/pidcontrollerpkg/build/pidcontrollerpkg/install.log --install-scripts $base/lib/pidcontrollerpkg --single-version-externally-managed
[1.354s] running egg_info
[1.355s] writing build/pidcontrollerpkg/pidcontrollerpkg.egg-info/PKG-INFO
[1.356s] writing dependency_links to build/pidcontrollerpkg/pidcontrollerpkg.egg-info/dependency_links.txt
[1.356s] writing entry points to build/pidcontrollerpkg/pidcontrollerpkg.egg-info/entry_points.txt
[1.356s] writing requirements to build/pidcontrollerpkg/pidcontrollerpkg.egg-info/requires.txt
[1.356s] writing top-level names to build/pidcontrollerpkg/pidcontrollerpkg.egg-info/top_level.txt
[1.404s] reading manifest file 'build/pidcontrollerpkg/pidcontrollerpkg.egg-info/SOURCES.txt'
[1.406s] writing manifest file 'build/pidcontrollerpkg/pidcontrollerpkg.egg-info/SOURCES.txt'
[1.406s] running build
[1.406s] running build_py
[1.407s] copying pidcontrollerpkg/set_Tourqe.py -> /home/aliha1313/FUM6R-WS/src/pidcontrollerpkg/build/pidcontrollerpkg/build/lib/pidcontrollerpkg
[1.407s] copying pidcontrollerpkg/sevenseg/seven_segment_trajectory.py -> /home/aliha1313/FUM6R-WS/src/pidcontrollerpkg/build/pidcontrollerpkg/build/lib/pidcontrollerpkg/sevenseg
[1.409s] running install
[1.410s] running install_lib
[1.412s] copying /home/aliha1313/FUM6R-WS/src/pidcontrollerpkg/build/pidcontrollerpkg/build/lib/pidcontrollerpkg/set_Tourqe.py -> /home/aliha1313/FUM6R-WS/src/pidcontrollerpkg/install/pidcontrollerpkg/lib/python3.8/site-packages/pidcontrollerpkg
[1.412s] copying /home/aliha1313/FUM6R-WS/src/pidcontrollerpkg/build/pidcontrollerpkg/build/lib/pidcontrollerpkg/sevenseg/seven_segment_trajectory.py -> /home/aliha1313/FUM6R-WS/src/pidcontrollerpkg/install/pidcontrollerpkg/lib/python3.8/site-packages/pidcontrollerpkg/sevenseg
[1.414s] byte-compiling /home/aliha1313/FUM6R-WS/src/pidcontrollerpkg/install/pidcontrollerpkg/lib/python3.8/site-packages/pidcontrollerpkg/set_Tourqe.py to set_Tourqe.cpython-38.pyc
[1.418s] byte-compiling /home/aliha1313/FUM6R-WS/src/pidcontrollerpkg/install/pidcontrollerpkg/lib/python3.8/site-packages/pidcontrollerpkg/sevenseg/seven_segment_trajectory.py to seven_segment_trajectory.cpython-38.pyc
[1.422s] running install_data
[1.423s] running install_egg_info
[1.425s] removing '/home/aliha1313/FUM6R-WS/src/pidcontrollerpkg/install/pidcontrollerpkg/lib/python3.8/site-packages/pidcontrollerpkg-0.0.0-py3.8.egg-info' (and everything under it)
[1.426s] Copying build/pidcontrollerpkg/pidcontrollerpkg.egg-info to /home/aliha1313/FUM6R-WS/src/pidcontrollerpkg/install/pidcontrollerpkg/lib/python3.8/site-packages/pidcontrollerpkg-0.0.0-py3.8.egg-info
[1.428s] running install_scripts
[1.457s] Installing pidinv script to /home/aliha1313/FUM6R-WS/src/pidcontrollerpkg/install/pidcontrollerpkg/lib/pidcontrollerpkg
[1.458s] Installing pidnode1 script to /home/aliha1313/FUM6R-WS/src/pidcontrollerpkg/install/pidcontrollerpkg/lib/pidcontrollerpkg
[1.458s] Installing pidnode2 script to /home/aliha1313/FUM6R-WS/src/pidcontrollerpkg/install/pidcontrollerpkg/lib/pidcontrollerpkg
[1.459s] Installing pidnode3 script to /home/aliha1313/FUM6R-WS/src/pidcontrollerpkg/install/pidcontrollerpkg/lib/pidcontrollerpkg
[1.459s] Installing settorque script to /home/aliha1313/FUM6R-WS/src/pidcontrollerpkg/install/pidcontrollerpkg/lib/pidcontrollerpkg
[1.459s] writing list of installed files to '/home/aliha1313/FUM6R-WS/src/pidcontrollerpkg/build/pidcontrollerpkg/install.log'
[1.506s] Invoked command in '/home/aliha1313/FUM6R-WS/src/pidcontrollerpkg' returned '0': PYTHONPATH=/home/aliha1313/FUM6R-WS/src/pidcontrollerpkg/build/pidcontrollerpkg/prefix_override:/home/aliha1313/FUM6R-WS/src/pidcontrollerpkg/install/pidcontrollerpkg/lib/python3.8/site-packages:${PYTHONPATH} /usr/bin/python3 setup.py egg_info --egg-base build/pidcontrollerpkg build --build-base /home/aliha1313/FUM6R-WS/src/pidcontrollerpkg/build/pidcontrollerpkg/build install --record /home/aliha1313/FUM6R-WS/src/pidcontrollerpkg/build/pidcontrollerpkg/install.log --install-scripts $base/lib/pidcontrollerpkg --single-version-externally-managed
