[3.601s] DEBUG:colcon:Command line arguments: ['/usr/bin/colcon', 'build']
[3.601s] DEBUG:colcon:Parsed command line arguments: Namespace(allow_overriding=[], ament_cmake_args=None, base_paths=['.'], build_base='build', catkin_cmake_args=None, catkin_skip_building_tests=False, cmake_args=None, cmake_clean_cache=False, cmake_clean_first=False, cmake_force_configure=False, cmake_target=None, cmake_target_skip_unavailable=False, continue_on_error=False, event_handlers=None, executor='parallel', ignore_user_meta=False, install_base='install', log_base=None, log_level=None, main=<bound method BuildVerb.main of <colcon_core.verb.build.BuildVerb object at 0x7fc8ea23f3d0>>, merge_install=False, metas=['./colcon.meta'], packages_above=None, packages_above_and_dependencies=None, packages_above_depth=None, packages_end=None, packages_ignore=None, packages_ignore_regex=None, packages_select=None, packages_select_build_failed=False, packages_select_by_dep=None, packages_select_regex=None, packages_select_test_failures=False, packages_skip=None, packages_skip_build_finished=False, packages_skip_by_dep=None, packages_skip_regex=None, packages_skip_test_passed=False, packages_skip_up_to=None, packages_start=None, packages_up_to=None, packages_up_to_regex=None, parallel_workers=12, paths=None, symlink_install=False, test_result_base=None, verb_extension=<colcon_core.verb.build.BuildVerb object at 0x7fc8ea23f3d0>, verb_name='build', verb_parser=<colcon_defaults.argument_parser.defaults.DefaultArgumentsDecorator object at 0x7fc8ea23f910>)
[3.767s] Level 1:colcon.colcon_core.package_discovery:discover_packages(colcon_meta) check parameters
[3.768s] Level 1:colcon.colcon_core.package_discovery:discover_packages(recursive) check parameters
[3.768s] Level 1:colcon.colcon_core.package_discovery:discover_packages(ignore) check parameters
[3.768s] Level 1:colcon.colcon_core.package_discovery:discover_packages(path) check parameters
[3.768s] Level 1:colcon.colcon_core.package_discovery:discover_packages(colcon_meta) discover
[3.769s] Level 1:colcon.colcon_core.package_discovery:discover_packages(recursive) discover
[3.769s] INFO:colcon.colcon_core.package_discovery:Crawling recursively for packages in '/home/aliha1313/FUM6R-WS/src/pidcontrollerpkg'
[3.770s] Level 1:colcon.colcon_core.package_identification:_identify(.) by extensions ['ignore', 'ignore_ament_install']
[3.771s] Level 1:colcon.colcon_core.package_identification:_identify(.) by extension 'ignore'
[3.772s] Level 1:colcon.colcon_core.package_identification:_identify(.) by extension 'ignore_ament_install'
[3.772s] Level 1:colcon.colcon_core.package_identification:_identify(.) by extensions ['colcon_pkg']
[3.773s] Level 1:colcon.colcon_core.package_identification:_identify(.) by extension 'colcon_pkg'
[3.773s] Level 1:colcon.colcon_core.package_identification:_identify(.) by extensions ['colcon_meta']
[3.774s] Level 1:colcon.colcon_core.package_identification:_identify(.) by extension 'colcon_meta'
[3.775s] Level 1:colcon.colcon_core.package_identification:_identify(.) by extensions ['ros']
[3.775s] Level 1:colcon.colcon_core.package_identification:_identify(.) by extension 'ros'
[3.883s] DEBUG:colcon.colcon_core.package_identification:Package '.' with type 'ros.ament_python' and name 'pidcontrollerpkg'
[3.884s] Level 1:colcon.colcon_core.package_discovery:discover_packages(recursive) using defaults
[3.884s] Level 1:colcon.colcon_core.package_discovery:discover_packages(ignore) discover
[3.884s] Level 1:colcon.colcon_core.package_discovery:discover_packages(ignore) using defaults
[3.884s] Level 1:colcon.colcon_core.package_discovery:discover_packages(path) discover
[3.884s] Level 1:colcon.colcon_core.package_discovery:discover_packages(path) using defaults
[4.005s] Level 1:colcon.colcon_core.package_discovery:discover_packages(prefix_path) check parameters
[4.005s] Level 1:colcon.colcon_core.package_discovery:discover_packages(prefix_path) discover
[4.025s] DEBUG:colcon.colcon_installed_package_information.package_discovery:Found 1 installed packages in /home/aliha1313/FUM6R-WS/src/pidcontrollerpkg/install
[4.033s] DEBUG:colcon.colcon_installed_package_information.package_discovery:Found 1 installed packages in /home/aliha1313/FUM6R-WS/src/Ros2ControlBringingUp/install
[4.039s] DEBUG:colcon.colcon_installed_package_information.package_discovery:Found 1 installed packages in /home/aliha1313/FUM6R-First-Steps-main/pidcontrollerpkg/install
[4.048s] DEBUG:colcon.colcon_installed_package_information.package_discovery:Found 1 installed packages in /home/aliha1313/FUM6R-First-Steps-main/GazeboRos6RPlugin/torque_message/install
[4.059s] DEBUG:colcon.colcon_installed_package_information.package_discovery:Found 291 installed packages in /opt/ros/foxy
[4.070s] Level 1:colcon.colcon_core.package_discovery:discover_packages(prefix_path) using defaults
[4.508s] Level 5:colcon.colcon_core.verb:set package 'pidcontrollerpkg' build argument 'cmake_args' from command line to 'None'
[4.508s] Level 5:colcon.colcon_core.verb:set package 'pidcontrollerpkg' build argument 'cmake_target' from command line to 'None'
[4.509s] Level 5:colcon.colcon_core.verb:set package 'pidcontrollerpkg' build argument 'cmake_target_skip_unavailable' from command line to 'False'
[4.509s] Level 5:colcon.colcon_core.verb:set package 'pidcontrollerpkg' build argument 'cmake_clean_cache' from command line to 'False'
[4.509s] Level 5:colcon.colcon_core.verb:set package 'pidcontrollerpkg' build argument 'cmake_clean_first' from command line to 'False'
[4.509s] Level 5:colcon.colcon_core.verb:set package 'pidcontrollerpkg' build argument 'cmake_force_configure' from command line to 'False'
[4.510s] Level 5:colcon.colcon_core.verb:set package 'pidcontrollerpkg' build argument 'ament_cmake_args' from command line to 'None'
[4.510s] Level 5:colcon.colcon_core.verb:set package 'pidcontrollerpkg' build argument 'catkin_cmake_args' from command line to 'None'
[4.510s] Level 5:colcon.colcon_core.verb:set package 'pidcontrollerpkg' build argument 'catkin_skip_building_tests' from command line to 'False'
[4.510s] DEBUG:colcon.colcon_core.verb:Building package 'pidcontrollerpkg' with the following arguments: {'ament_cmake_args': None, 'build_base': '/home/aliha1313/FUM6R-WS/src/pidcontrollerpkg/build/pidcontrollerpkg', 'catkin_cmake_args': None, 'catkin_skip_building_tests': False, 'cmake_args': None, 'cmake_clean_cache': False, 'cmake_clean_first': False, 'cmake_force_configure': False, 'cmake_target': None, 'cmake_target_skip_unavailable': False, 'install_base': '/home/aliha1313/FUM6R-WS/src/pidcontrollerpkg/install/pidcontrollerpkg', 'merge_install': False, 'path': '/home/aliha1313/FUM6R-WS/src/pidcontrollerpkg', 'symlink_install': False, 'test_result_base': None}
[4.517s] INFO:colcon.colcon_core.executor:Executing jobs using 'parallel' executor
[4.542s] DEBUG:colcon.colcon_parallel_executor.executor.parallel:run_until_complete
[4.545s] INFO:colcon.colcon_ros.task.ament_python.build:Building ROS package in '/home/aliha1313/FUM6R-WS/src/pidcontrollerpkg' with build type 'ament_python'
[4.549s] Level 1:colcon.colcon_core.shell:create_environment_hook('pidcontrollerpkg', 'ament_prefix_path')
[4.583s] INFO:colcon.colcon_core.plugin_system:Skipping extension 'colcon_core.shell.bat': Not used on non-Windows systems
[4.585s] INFO:colcon.colcon_core.shell:Creating environment hook '/home/aliha1313/FUM6R-WS/src/pidcontrollerpkg/install/pidcontrollerpkg/share/pidcontrollerpkg/hook/ament_prefix_path.ps1'
[4.594s] INFO:colcon.colcon_core.shell:Creating environment descriptor '/home/aliha1313/FUM6R-WS/src/pidcontrollerpkg/install/pidcontrollerpkg/share/pidcontrollerpkg/hook/ament_prefix_path.dsv'
[4.597s] INFO:colcon.colcon_core.shell:Creating environment hook '/home/aliha1313/FUM6R-WS/src/pidcontrollerpkg/install/pidcontrollerpkg/share/pidcontrollerpkg/hook/ament_prefix_path.sh'
[4.612s] INFO:colcon.colcon_core.shell:Skip shell extension 'powershell' for command environment: Not usable outside of PowerShell
[4.613s] DEBUG:colcon.colcon_core.shell:Skip shell extension 'dsv' for command environment
[5.992s] INFO:colcon.colcon_core.task.python.build:Building Python package in '/home/aliha1313/FUM6R-WS/src/pidcontrollerpkg'
[6.006s] INFO:colcon.colcon_core.shell:Skip shell extension 'powershell' for command environment: Not usable outside of PowerShell
[6.007s] DEBUG:colcon.colcon_core.shell:Skip shell extension 'dsv' for command environment
[8.214s] DEBUG:colcon.colcon_core.event_handler.log_command:Invoking command in '/home/aliha1313/FUM6R-WS/src/pidcontrollerpkg': PYTHONPATH=/home/aliha1313/FUM6R-WS/src/pidcontrollerpkg/build/pidcontrollerpkg/prefix_override:/home/aliha1313/FUM6R-WS/src/pidcontrollerpkg/install/pidcontrollerpkg/lib/python3.8/site-packages:${PYTHONPATH} /usr/bin/python3 setup.py egg_info --egg-base build/pidcontrollerpkg build --build-base /home/aliha1313/FUM6R-WS/src/pidcontrollerpkg/build/pidcontrollerpkg/build install --record /home/aliha1313/FUM6R-WS/src/pidcontrollerpkg/build/pidcontrollerpkg/install.log --install-scripts $base/lib/pidcontrollerpkg --single-version-externally-managed
[9.927s] DEBUG:colcon.colcon_core.event_handler.log_command:Invoked command in '/home/aliha1313/FUM6R-WS/src/pidcontrollerpkg' returned '0': PYTHONPATH=/home/aliha1313/FUM6R-WS/src/pidcontrollerpkg/build/pidcontrollerpkg/prefix_override:/home/aliha1313/FUM6R-WS/src/pidcontrollerpkg/install/pidcontrollerpkg/lib/python3.8/site-packages:${PYTHONPATH} /usr/bin/python3 setup.py egg_info --egg-base build/pidcontrollerpkg build --build-base /home/aliha1313/FUM6R-WS/src/pidcontrollerpkg/build/pidcontrollerpkg/build install --record /home/aliha1313/FUM6R-WS/src/pidcontrollerpkg/build/pidcontrollerpkg/install.log --install-scripts $base/lib/pidcontrollerpkg --single-version-externally-managed
[9.962s] Level 1:colcon.colcon_core.environment:checking '/home/aliha1313/FUM6R-WS/src/pidcontrollerpkg/install/pidcontrollerpkg' for CMake module files
[9.966s] Level 1:colcon.colcon_core.environment:checking '/home/aliha1313/FUM6R-WS/src/pidcontrollerpkg/install/pidcontrollerpkg' for CMake config files
[9.971s] Level 1:colcon.colcon_core.environment:checking '/home/aliha1313/FUM6R-WS/src/pidcontrollerpkg/install/pidcontrollerpkg/lib'
[9.972s] Level 1:colcon.colcon_core.environment:checking '/home/aliha1313/FUM6R-WS/src/pidcontrollerpkg/install/pidcontrollerpkg/bin'
[9.973s] Level 1:colcon.colcon_core.environment:checking '/home/aliha1313/FUM6R-WS/src/pidcontrollerpkg/install/pidcontrollerpkg/lib/pkgconfig/pidcontrollerpkg.pc'
[9.975s] Level 1:colcon.colcon_core.environment:checking '/home/aliha1313/FUM6R-WS/src/pidcontrollerpkg/install/pidcontrollerpkg/lib/python3.8/site-packages'
[9.976s] Level 1:colcon.colcon_core.shell:create_environment_hook('pidcontrollerpkg', 'pythonpath')
[9.987s] INFO:colcon.colcon_core.shell:Creating environment hook '/home/aliha1313/FUM6R-WS/src/pidcontrollerpkg/install/pidcontrollerpkg/share/pidcontrollerpkg/hook/pythonpath.ps1'
[9.993s] INFO:colcon.colcon_core.shell:Creating environment descriptor '/home/aliha1313/FUM6R-WS/src/pidcontrollerpkg/install/pidcontrollerpkg/share/pidcontrollerpkg/hook/pythonpath.dsv'
[9.996s] INFO:colcon.colcon_core.shell:Creating environment hook '/home/aliha1313/FUM6R-WS/src/pidcontrollerpkg/install/pidcontrollerpkg/share/pidcontrollerpkg/hook/pythonpath.sh'
[9.999s] Level 1:colcon.colcon_core.environment:checking '/home/aliha1313/FUM6R-WS/src/pidcontrollerpkg/install/pidcontrollerpkg/bin'
[10.000s] Level 1:colcon.colcon_core.environment:create_environment_scripts_only(pidcontrollerpkg)
[10.010s] INFO:colcon.colcon_core.shell:Creating package script '/home/aliha1313/FUM6R-WS/src/pidcontrollerpkg/install/pidcontrollerpkg/share/pidcontrollerpkg/package.ps1'
[10.017s] INFO:colcon.colcon_core.shell:Creating package descriptor '/home/aliha1313/FUM6R-WS/src/pidcontrollerpkg/install/pidcontrollerpkg/share/pidcontrollerpkg/package.dsv'
[10.023s] INFO:colcon.colcon_core.shell:Creating package script '/home/aliha1313/FUM6R-WS/src/pidcontrollerpkg/install/pidcontrollerpkg/share/pidcontrollerpkg/package.sh'
[10.029s] INFO:colcon.colcon_core.shell:Creating package script '/home/aliha1313/FUM6R-WS/src/pidcontrollerpkg/install/pidcontrollerpkg/share/pidcontrollerpkg/package.bash'
[10.033s] INFO:colcon.colcon_core.shell:Creating package script '/home/aliha1313/FUM6R-WS/src/pidcontrollerpkg/install/pidcontrollerpkg/share/pidcontrollerpkg/package.zsh'
[10.036s] Level 1:colcon.colcon_core.environment:create_file_with_runtime_dependencies(/home/aliha1313/FUM6R-WS/src/pidcontrollerpkg/install/pidcontrollerpkg/share/colcon-core/packages/pidcontrollerpkg)
[10.039s] DEBUG:colcon.colcon_parallel_executor.executor.parallel:closing loop
[10.042s] DEBUG:colcon.colcon_parallel_executor.executor.parallel:loop closed
[10.044s] DEBUG:colcon.colcon_parallel_executor.executor.parallel:run_until_complete finished with '0'
[10.045s] DEBUG:colcon.colcon_core.event_reactor:joining thread
[11.058s] INFO:colcon.colcon_core.plugin_system:Skipping extension 'colcon_notification.desktop_notification.notify_send': Could not find 'notify-send'
[11.059s] INFO:colcon.colcon_core.plugin_system:Skipping extension 'colcon_notification.desktop_notification.terminal_notifier': Not used on non-Darwin systems
[11.060s] INFO:colcon.colcon_core.plugin_system:Skipping extension 'colcon_notification.desktop_notification.win32': Not used on non-Windows systems
[11.061s] INFO:colcon.colcon_notification.desktop_notification:Sending desktop notification using 'notify2'
[11.092s] DEBUG:colcon.colcon_notification.desktop_notification.notify2:Failed to initialize notify2: org.freedesktop.DBus.Error.ServiceUnknown: The name org.freedesktop.Notifications was not provided by any .service files
[11.093s] DEBUG:colcon.colcon_core.event_reactor:joined thread
[11.104s] INFO:colcon.colcon_core.shell:Creating prefix script '/home/aliha1313/FUM6R-WS/src/pidcontrollerpkg/install/local_setup.ps1'
[11.109s] INFO:colcon.colcon_core.shell:Creating prefix util module '/home/aliha1313/FUM6R-WS/src/pidcontrollerpkg/install/_local_setup_util_ps1.py'
[11.116s] INFO:colcon.colcon_core.shell:Creating prefix chain script '/home/aliha1313/FUM6R-WS/src/pidcontrollerpkg/install/setup.ps1'
[11.125s] INFO:colcon.colcon_core.shell:Creating prefix script '/home/aliha1313/FUM6R-WS/src/pidcontrollerpkg/install/local_setup.sh'
[11.128s] INFO:colcon.colcon_core.shell:Creating prefix util module '/home/aliha1313/FUM6R-WS/src/pidcontrollerpkg/install/_local_setup_util_sh.py'
[11.131s] INFO:colcon.colcon_core.shell:Creating prefix chain script '/home/aliha1313/FUM6R-WS/src/pidcontrollerpkg/install/setup.sh'
[11.139s] INFO:colcon.colcon_core.shell:Creating prefix script '/home/aliha1313/FUM6R-WS/src/pidcontrollerpkg/install/local_setup.bash'
[11.142s] INFO:colcon.colcon_core.shell:Creating prefix chain script '/home/aliha1313/FUM6R-WS/src/pidcontrollerpkg/install/setup.bash'
[11.151s] INFO:colcon.colcon_core.shell:Creating prefix script '/home/aliha1313/FUM6R-WS/src/pidcontrollerpkg/install/local_setup.zsh'
[11.155s] INFO:colcon.colcon_core.shell:Creating prefix chain script '/home/aliha1313/FUM6R-WS/src/pidcontrollerpkg/install/setup.zsh'
