[35m[1mConsolidate compiler generated dependencies of target waypoints_target[0m
[35m[1mConsolidate compiler generated dependencies of target position_subscriber[0m
[35m[1mConsolidate compiler generated dependencies of target position_target[0m
[ 83%] Built target waypoints_target
[ 83%] Built target position_subscriber
[100%] Built target position_target
-- Install configuration: ""
-- Installing: /home/aliha1313/FUM6R-WS/install/motion_planning/lib/motion_planning/position_target
-- Set runtime path of "/home/aliha1313/FUM6R-WS/install/motion_planning/lib/motion_planning/position_target" to ""
-- Installing: /home/aliha1313/FUM6R-WS/install/motion_planning/lib/motion_planning/position_subscriber
-- Set runtime path of "/home/aliha1313/FUM6R-WS/install/motion_planning/lib/motion_planning/position_subscriber" to ""
-- Installing: /home/aliha1313/FUM6R-WS/install/motion_planning/lib/motion_planning/waypoints_target
-- Set runtime path of "/home/aliha1313/FUM6R-WS/install/motion_planning/lib/motion_planning/waypoints_target" to ""
-- Installing: /home/aliha1313/FUM6R-WS/install/motion_planning/share/ament_index/resource_index/package_run_dependencies/motion_planning
-- Installing: /home/aliha1313/FUM6R-WS/install/motion_planning/share/ament_index/resource_index/parent_prefix_path/motion_planning
-- Installing: /home/aliha1313/FUM6R-WS/install/motion_planning/share/motion_planning/environment/ament_prefix_path.sh
-- Installing: /home/aliha1313/FUM6R-WS/install/motion_planning/share/motion_planning/environment/ament_prefix_path.dsv
-- Installing: /home/aliha1313/FUM6R-WS/install/motion_planning/share/motion_planning/environment/path.sh
-- Installing: /home/aliha1313/FUM6R-WS/install/motion_planning/share/motion_planning/environment/path.dsv
-- Installing: /home/aliha1313/FUM6R-WS/install/motion_planning/share/motion_planning/local_setup.bash
-- Installing: /home/aliha1313/FUM6R-WS/install/motion_planning/share/motion_planning/local_setup.sh
-- Installing: /home/aliha1313/FUM6R-WS/install/motion_planning/share/motion_planning/local_setup.zsh
-- Installing: /home/aliha1313/FUM6R-WS/install/motion_planning/share/motion_planning/local_setup.dsv
-- Installing: /home/aliha1313/FUM6R-WS/install/motion_planning/share/motion_planning/package.dsv
-- Installing: /home/aliha1313/FUM6R-WS/install/motion_planning/share/ament_index/resource_index/packages/motion_planning
-- Installing: /home/aliha1313/FUM6R-WS/install/motion_planning/share/motion_planning/cmake/motion_planningConfig.cmake
-- Installing: /home/aliha1313/FUM6R-WS/install/motion_planning/share/motion_planning/cmake/motion_planningConfig-version.cmake
-- Installing: /home/aliha1313/FUM6R-WS/install/motion_planning/share/motion_planning/package.xml
